Copyright 1986-2022 Xilinx, Inc. All Rights Reserved. Copyright 2022-2024 Advanced Micro Devices, Inc. All Rights Reserved.
---------------------------------------------------------------------------------------------------------------------------------------------
| Tool Version : Vivado v.2024.2 (win64) Build 5239630 Fri Nov 08 22:35:27 MST 2024
| Date         : Mon Sep 22 14:15:11 2025
| Host         : LAPTOP-1SQM85NC running 64-bit major release  (build 9200)
| Command      : report_control_sets -verbose -file Program_MCU_wrapper_control_sets_placed.rpt
| Design       : Program_MCU_wrapper
| Device       : xc7a35t
---------------------------------------------------------------------------------------------------------------------------------------------

Control Set Information

Table of Contents
-----------------
1. Summary
2. Histogram
3. Flip-Flop Distribution
4. Detailed Control Set Information

1. Summary
----------

+----------------------------------------------------------+-------+
|                          Status                          | Count |
+----------------------------------------------------------+-------+
| Total control sets                                       |     9 |
|    Minimum number of control sets                        |     9 |
|    Addition due to synthesis replication                 |     0 |
|    Addition due to physical synthesis replication        |     0 |
| Unused register locations in slices containing registers |    28 |
+----------------------------------------------------------+-------+
* Control sets can be merged at opt_design using control_set_merge or merge_equivalent_drivers
** Run report_qor_suggestions for automated merging and remapping suggestions


2. Histogram
------------

+--------------------+-------+
|       Fanout       | Count |
+--------------------+-------+
| Total control sets |     9 |
| >= 0 to < 4        |     4 |
| >= 4 to < 6        |     0 |
| >= 6 to < 8        |     2 |
| >= 8 to < 10       |     2 |
| >= 10 to < 12      |     0 |
| >= 12 to < 14      |     0 |
| >= 14 to < 16      |     0 |
| >= 16              |     1 |
+--------------------+-------+
* Control sets can be remapped at either synth_design or opt_design


3. Flip-Flop Distribution
-------------------------

+--------------+-----------------------+------------------------+-----------------+--------------+
| Clock Enable | Synchronous Set/Reset | Asynchronous Set/Reset | Total Registers | Total Slices |
+--------------+-----------------------+------------------------+-----------------+--------------+
| No           | No                    | No                     |              54 |           23 |
| No           | No                    | Yes                    |               0 |            0 |
| No           | Yes                   | No                     |               0 |            0 |
| Yes          | No                    | No                     |              18 |            6 |
| Yes          | No                    | Yes                    |               0 |            0 |
| Yes          | Yes                   | No                     |              20 |            7 |
+--------------+-----------------------+------------------------+-----------------+--------------+


4. Detailed Control Set Information
-----------------------------------

+-------------------+------------------------------------------------------+------------------------------------------------------+------------------+----------------+--------------+
|    Clock Signal   |                     Enable Signal                    |                   Set/Reset Signal                   | Slice Load Count | Bel Load Count | Bels / Slice |
+-------------------+------------------------------------------------------+------------------------------------------------------+------------------+----------------+--------------+
|  sysclk_IBUF_BUFG | Program_MCU_i/UART_RXmod_0/U0/r_Clk_Count[6]_i_2_n_0 |                                                      |                1 |              1 |         1.00 |
|  sysclk_IBUF_BUFG | Program_MCU_i/UART_RXmod_1/U0/r_Clk_Count[6]_i_2_n_0 |                                                      |                1 |              1 |         1.00 |
|  sysclk_IBUF_BUFG | Program_MCU_i/UART_RXmod_0/U0/r_Clk_Count[6]_i_2_n_0 | Program_MCU_i/UART_RXmod_0/U0/r_Clk_Count[6]_i_1_n_0 |                2 |              3 |         1.50 |
|  sysclk_IBUF_BUFG | Program_MCU_i/UART_RXmod_1/U0/r_Clk_Count[6]_i_2_n_0 | Program_MCU_i/UART_RXmod_1/U0/r_Clk_Count[6]_i_1_n_0 |                1 |              3 |         3.00 |
|  sysclk_IBUF_BUFG | Program_MCU_i/UART_TXmod_1/U0/r_Clk_Count_1          | Program_MCU_i/UART_TXmod_1/U0/r_Clk_Count0           |                2 |              7 |         3.50 |
|  sysclk_IBUF_BUFG | Program_MCU_i/UART_TXmod_0/U0/r_Clk_Count_1          | Program_MCU_i/UART_TXmod_0/U0/r_Clk_Count0           |                2 |              7 |         3.50 |
|  sysclk_IBUF_BUFG | Program_MCU_i/UART_TXmod_1/U0/r_TX_Data_0            |                                                      |                2 |              8 |         4.00 |
|  sysclk_IBUF_BUFG | Program_MCU_i/UART_TXmod_0/U0/r_TX_Data_0            |                                                      |                2 |              8 |         4.00 |
|  sysclk_IBUF_BUFG |                                                      |                                                      |               23 |             54 |         2.35 |
+-------------------+------------------------------------------------------+------------------------------------------------------+------------------+----------------+--------------+


