
*** Running vivado
    with args -log GNSS_Reader_wrapper.vdi -applog -m64 -product Vivado -messageDb vivado.pb -mode batch -source GNSS_Reader_wrapper.tcl -notrace



****** Vivado v2024.2 (64-bit)
  **** SW Build 5239630 on Fri Nov 08 22:35:27 MST 2024
  **** IP Build 5239520 on Sun Nov 10 16:12:51 MST 2024
  **** SharedData Build 5239561 on Fri Nov 08 14:39:27 MST 2024
  **** Start of session at: Fri Sep 12 10:31:42 2025
    ** Copyright 1986-2022 Xilinx, Inc. All Rights Reserved.
    ** Copyright 2022-2024 Advanced Micro Devices, Inc. All Rights Reserved.

source GNSS_Reader_wrapper.tcl -notrace
create_project: Time (s): cpu = 00:00:08 ; elapsed = 00:00:08 . Memory (MB): peak = 457.547 ; gain = 138.883
INFO: [IP_Flow 19-234] Refreshing IP repositories
INFO: [IP_Flow 19-1704] No user IP repositories specified
INFO: [IP_Flow 19-2313] Loaded Vivado IP repository 'C:/Xilinx/Vivado/2024.2/data/ip'.
Command: link_design -top GNSS_Reader_wrapper -part xc7a35tcpg236-1
Design is defaulting to srcset: sources_1
Design is defaulting to constrset: constrs_1
INFO: [Device 21-403] Loading part xc7a35tcpg236-1
INFO: [Project 1-454] Reading design checkpoint 'c:/GitHub/GLITCH-Software/FPGA/UART/Read_GNSS/Read_GNSS.gen/sources_1/bd/GNSS_Reader/ip/GNSS_Reader_Switchmod_0_0/GNSS_Reader_Switchmod_0_0.dcp' for cell 'GNSS_Reader_i/Switchmod_0'
INFO: [Project 1-454] Reading design checkpoint 'c:/GitHub/GLITCH-Software/FPGA/UART/Read_GNSS/Read_GNSS.gen/sources_1/bd/GNSS_Reader/ip/GNSS_Reader_UART_RXmod_0_0/GNSS_Reader_UART_RXmod_0_0.dcp' for cell 'GNSS_Reader_i/UART_RXmod_0'
INFO: [Project 1-454] Reading design checkpoint 'c:/GitHub/GLITCH-Software/FPGA/UART/Read_GNSS/Read_GNSS.gen/sources_1/bd/GNSS_Reader/ip/GNSS_Reader_UART_TXmod_0_0/GNSS_Reader_UART_TXmod_0_0.dcp' for cell 'GNSS_Reader_i/UART_TXmod_0'
INFO: [Project 1-454] Reading design checkpoint 'c:/GitHub/GLITCH-Software/FPGA/UART/Read_GNSS/Read_GNSS.gen/sources_1/bd/GNSS_Reader/ip/GNSS_Reader_UART_TXmod_1_0/GNSS_Reader_UART_TXmod_1_0.dcp' for cell 'GNSS_Reader_i/UART_TXmod_1'
Netlist sorting complete. Time (s): cpu = 00:00:00 ; elapsed = 00:00:00.002 . Memory (MB): peak = 665.488 ; gain = 0.000
INFO: [Netlist 29-17] Analyzing 1 Unisim elements for replacement
INFO: [Netlist 29-28] Unisim Transformation completed in 0 CPU seconds
INFO: [Project 1-479] Netlist was created with Vivado 2024.2
INFO: [Project 1-570] Preparing netlist for logic optimization
Parsing XDC File [C:/GitHub/GLITCH-Software/FPGA/UART/UART_Continuation/UART_Continuation.srcs/constrs_1/new/Constraints.xdc]
WARNING: [Vivado 12-584] No ports matched 'led1'. [C:/GitHub/GLITCH-Software/FPGA/UART/UART_Continuation/UART_Continuation.srcs/constrs_1/new/Constraints.xdc:12]
CRITICAL WARNING: [Common 17-55] 'set_property' expects at least one object. [C:/GitHub/GLITCH-Software/FPGA/UART/UART_Continuation/UART_Continuation.srcs/constrs_1/new/Constraints.xdc:12]
Resolution: If [get_<value>] was used to populate the object, check to make sure this command returns at least one valid object.
WARNING: [Vivado 12-584] No ports matched 'uart_txd_in'. [C:/GitHub/GLITCH-Software/FPGA/UART/UART_Continuation/UART_Continuation.srcs/constrs_1/new/Constraints.xdc:89]
CRITICAL WARNING: [Common 17-55] 'set_property' expects at least one object. [C:/GitHub/GLITCH-Software/FPGA/UART/UART_Continuation/UART_Continuation.srcs/constrs_1/new/Constraints.xdc:89]
Resolution: If [get_<value>] was used to populate the object, check to make sure this command returns at least one valid object.
Finished Parsing XDC File [C:/GitHub/GLITCH-Software/FPGA/UART/UART_Continuation/UART_Continuation.srcs/constrs_1/new/Constraints.xdc]
INFO: [Opt 31-138] Pushed 0 inverter(s) to 0 load pin(s).
Netlist sorting complete. Time (s): cpu = 00:00:00 ; elapsed = 00:00:00 . Memory (MB): peak = 804.996 ; gain = 0.000
INFO: [Project 1-111] Unisim Transformation Summary:
No Unisim elements were transformed.

14 Infos, 2 Warnings, 2 Critical Warnings and 0 Errors encountered.
link_design completed successfully
link_design: Time (s): cpu = 00:00:06 ; elapsed = 00:00:07 . Memory (MB): peak = 804.996 ; gain = 345.504
Command: opt_design
Attempting to get a license for feature 'Implementation' and/or device 'xc7a35t'
INFO: [Common 17-349] Got license for feature 'Implementation' and/or device 'xc7a35t'
Running DRC as a precondition to command opt_design

Starting DRC Task
INFO: [DRC 23-27] Running DRC with 2 threads
INFO: [Project 1-461] DRC finished with 0 Errors
INFO: [Project 1-462] Please refer to the DRC report (report_drc) for more information.

Time (s): cpu = 00:00:02 ; elapsed = 00:00:02 . Memory (MB): peak = 842.629 ; gain = 37.633

Starting Cache Timing Information Task
INFO: [Timing 38-35] Done setting XDC timing constraints.
Ending Cache Timing Information Task | Checksum: 142a3e455

Time (s): cpu = 00:00:11 ; elapsed = 00:00:12 . Memory (MB): peak = 1388.316 ; gain = 545.688

Starting Logic Optimization Task

Phase 1 Initialization

Phase 1.1 Core Generation And Design Setup
Phase 1.1 Core Generation And Design Setup | Checksum: 142a3e455

Time (s): cpu = 00:00:00 ; elapsed = 00:00:00.004 . Memory (MB): peak = 1790.750 ; gain = 0.000

Phase 1.2 Setup Constraints And Sort Netlist
Phase 1.2 Setup Constraints And Sort Netlist | Checksum: 142a3e455

Time (s): cpu = 00:00:00 ; elapsed = 00:00:00.006 . Memory (MB): peak = 1790.750 ; gain = 0.000
Phase 1 Initialization | Checksum: 142a3e455

Time (s): cpu = 00:00:00 ; elapsed = 00:00:00.006 . Memory (MB): peak = 1790.750 ; gain = 0.000

Phase 2 Timer Update And Timing Data Collection

Phase 2.1 Timer Update
Phase 2.1 Timer Update | Checksum: 142a3e455

Time (s): cpu = 00:00:00 ; elapsed = 00:00:00.016 . Memory (MB): peak = 1790.750 ; gain = 0.000

Phase 2.2 Timing Data Collection
Phase 2.2 Timing Data Collection | Checksum: 142a3e455

Time (s): cpu = 00:00:00 ; elapsed = 00:00:00.032 . Memory (MB): peak = 1790.750 ; gain = 0.000
Phase 2 Timer Update And Timing Data Collection | Checksum: 142a3e455

Time (s): cpu = 00:00:00 ; elapsed = 00:00:00.032 . Memory (MB): peak = 1790.750 ; gain = 0.000

Phase 3 Retarget
INFO: [Opt 31-1851] Number of loadless carry chains removed were: 0
INFO: [Opt 31-1834] Total Chains To Be Transformed Were: 0 AND Number of Transformed insts Created are: 0
INFO: [Opt 31-138] Pushed 0 inverter(s) to 0 load pin(s).
INFO: [Opt 31-49] Retargeted 0 cell(s).
Phase 3 Retarget | Checksum: 25a61c36a

Time (s): cpu = 00:00:00 ; elapsed = 00:00:00.054 . Memory (MB): peak = 1790.750 ; gain = 0.000
Retarget | Checksum: 25a61c36a
INFO: [Opt 31-389] Phase Retarget created 1 cells and removed 1 cells

Phase 4 Constant propagation
INFO: [Opt 31-138] Pushed 0 inverter(s) to 0 load pin(s).
Phase 4 Constant propagation | Checksum: 232fe0232

Time (s): cpu = 00:00:00 ; elapsed = 00:00:00.060 . Memory (MB): peak = 1790.750 ; gain = 0.000
Constant propagation | Checksum: 232fe0232
INFO: [Opt 31-389] Phase Constant propagation created 1 cells and removed 13 cells

Phase 5 Sweep
INFO: [Constraints 18-11670] Building netlist checker database with flags, 0x8
Done building netlist checker database: Time (s): cpu = 00:00:00 ; elapsed = 00:00:00 . Memory (MB): peak = 1790.750 ; gain = 0.000
INFO: [Constraints 18-11670] Building netlist checker database with flags, 0x8
Done building netlist checker database: Time (s): cpu = 00:00:00 ; elapsed = 00:00:00 . Memory (MB): peak = 1790.750 ; gain = 0.000
Phase 5 Sweep | Checksum: 27b42387d

Time (s): cpu = 00:00:00 ; elapsed = 00:00:00.069 . Memory (MB): peak = 1790.750 ; gain = 0.000
Sweep | Checksum: 27b42387d
INFO: [Opt 31-389] Phase Sweep created 1 cells and removed 8 cells

Phase 6 BUFG optimization
INFO: [Opt 31-194] Inserted BUFG sysclk_IBUF_BUFG_inst to drive 68 load(s) on clock net sysclk_IBUF_BUFG
INFO: [Opt 31-193] Inserted 1 BUFG(s) on clock nets
Phase 6 BUFG optimization | Checksum: 265652207

Time (s): cpu = 00:00:00 ; elapsed = 00:00:00.124 . Memory (MB): peak = 1790.750 ; gain = 0.000
BUFG optimization | Checksum: 265652207
INFO: [Opt 31-662] Phase BUFG optimization created 1 cells of which 1 are BUFGs and removed 0 cells.

Phase 7 Shift Register Optimization
INFO: [Opt 31-1064] SRL Remap converted 0 SRLs to 0 registers and converted 0 registers of register chains to 0 SRLs
Phase 7 Shift Register Optimization | Checksum: 265652207

Time (s): cpu = 00:00:00 ; elapsed = 00:00:00.127 . Memory (MB): peak = 1790.750 ; gain = 0.000
Shift Register Optimization | Checksum: 265652207
INFO: [Opt 31-389] Phase Shift Register Optimization created 0 cells and removed 0 cells

Phase 8 Post Processing Netlist
Phase 8 Post Processing Netlist | Checksum: 22c790687

Time (s): cpu = 00:00:00 ; elapsed = 00:00:00.129 . Memory (MB): peak = 1790.750 ; gain = 0.000
Post Processing Netlist | Checksum: 22c790687
INFO: [Opt 31-389] Phase Post Processing Netlist created 0 cells and removed 0 cells

Phase 9 Finalization

Phase 9.1 Finalizing Design Cores and Updating Shapes
Phase 9.1 Finalizing Design Cores and Updating Shapes | Checksum: 214dcbc17

Time (s): cpu = 00:00:00 ; elapsed = 00:00:00.136 . Memory (MB): peak = 1790.750 ; gain = 0.000

Phase 9.2 Verifying Netlist Connectivity

Starting Connectivity Check Task

Time (s): cpu = 00:00:00 ; elapsed = 00:00:00.012 . Memory (MB): peak = 1790.750 ; gain = 0.000
Phase 9.2 Verifying Netlist Connectivity | Checksum: 214dcbc17

Time (s): cpu = 00:00:00 ; elapsed = 00:00:00.148 . Memory (MB): peak = 1790.750 ; gain = 0.000
Phase 9 Finalization | Checksum: 214dcbc17

Time (s): cpu = 00:00:00 ; elapsed = 00:00:00.149 . Memory (MB): peak = 1790.750 ; gain = 0.000
Opt_design Change Summary
=========================


-------------------------------------------------------------------------------------------------------------------------
|  Phase                        |  #Cells created  |  #Cells Removed  |  #Constrained objects preventing optimizations  |
-------------------------------------------------------------------------------------------------------------------------
|  Retarget                     |               1  |               1  |                                              0  |
|  Constant propagation         |               1  |              13  |                                              0  |
|  Sweep                        |               1  |               8  |                                              0  |
|  BUFG optimization            |               1  |               0  |                                              0  |
|  Shift Register Optimization  |               0  |               0  |                                              0  |
|  Post Processing Netlist      |               0  |               0  |                                              0  |
-------------------------------------------------------------------------------------------------------------------------


Ending Logic Optimization Task | Checksum: 214dcbc17

Time (s): cpu = 00:00:00 ; elapsed = 00:00:00.151 . Memory (MB): peak = 1790.750 ; gain = 0.000

Starting Power Optimization Task
INFO: [Pwropt 34-132] Skipping clock gating for clocks with a period < 2.00 ns.
Ending Power Optimization Task | Checksum: 214dcbc17

Time (s): cpu = 00:00:00 ; elapsed = 00:00:00.019 . Memory (MB): peak = 1790.750 ; gain = 0.000

Starting Final Cleanup Task
Ending Final Cleanup Task | Checksum: 214dcbc17

Time (s): cpu = 00:00:00 ; elapsed = 00:00:00 . Memory (MB): peak = 1790.750 ; gain = 0.000

Starting Netlist Obfuscation Task
Netlist sorting complete. Time (s): cpu = 00:00:00 ; elapsed = 00:00:00 . Memory (MB): peak = 1790.750 ; gain = 0.000
Ending Netlist Obfuscation Task | Checksum: 214dcbc17

Time (s): cpu = 00:00:00 ; elapsed = 00:00:00.001 . Memory (MB): peak = 1790.750 ; gain = 0.000
INFO: [Common 17-83] Releasing license: Implementation
37 Infos, 2 Warnings, 2 Critical Warnings and 0 Errors encountered.
opt_design completed successfully
opt_design: Time (s): cpu = 00:00:19 ; elapsed = 00:00:21 . Memory (MB): peak = 1790.750 ; gain = 985.754
INFO: [Vivado 12-24828] Executing command : report_drc -file GNSS_Reader_wrapper_drc_opted.rpt -pb GNSS_Reader_wrapper_drc_opted.pb -rpx GNSS_Reader_wrapper_drc_opted.rpx
Command: report_drc -file GNSS_Reader_wrapper_drc_opted.rpt -pb GNSS_Reader_wrapper_drc_opted.pb -rpx GNSS_Reader_wrapper_drc_opted.rpx
INFO: [IP_Flow 19-1839] IP Catalog is up to date.
INFO: [DRC 23-27] Running DRC with 2 threads
INFO: [Vivado_Tcl 2-168] The results of DRC are in file C:/GitHub/GLITCH-Software/FPGA/UART/Read_GNSS/Read_GNSS.runs/impl_1/GNSS_Reader_wrapper_drc_opted.rpt.
report_drc completed successfully
Write ShapeDB Complete: Time (s): cpu = 00:00:00 ; elapsed = 00:00:00.003 . Memory (MB): peak = 1790.750 ; gain = 0.000
INFO: [Timing 38-480] Writing timing data to binary archive.
Wrote PlaceDB: Time (s): cpu = 00:00:00 ; elapsed = 00:00:00.003 . Memory (MB): peak = 1790.750 ; gain = 0.000
Wrote PulsedLatchDB: Time (s): cpu = 00:00:00 ; elapsed = 00:00:00 . Memory (MB): peak = 1790.750 ; gain = 0.000
Writing XDEF routing.
Writing XDEF routing logical nets.
Writing XDEF routing special nets.
Wrote RouteStorage: Time (s): cpu = 00:00:00 ; elapsed = 00:00:00.051 . Memory (MB): peak = 1790.750 ; gain = 0.000
Wrote Netlist Cache: Time (s): cpu = 00:00:00 ; elapsed = 00:00:00 . Memory (MB): peak = 1790.750 ; gain = 0.000
Wrote Device Cache: Time (s): cpu = 00:00:00 ; elapsed = 00:00:00.013 . Memory (MB): peak = 1790.750 ; gain = 0.000
Write Physdb Complete: Time (s): cpu = 00:00:00 ; elapsed = 00:00:00.082 . Memory (MB): peak = 1790.750 ; gain = 0.000
INFO: [Common 17-1381] The checkpoint 'C:/GitHub/GLITCH-Software/FPGA/UART/Read_GNSS/Read_GNSS.runs/impl_1/GNSS_Reader_wrapper_opt.dcp' has been generated.
Command: place_design
Attempting to get a license for feature 'Implementation' and/or device 'xc7a35t'
INFO: [Common 17-349] Got license for feature 'Implementation' and/or device 'xc7a35t'
INFO: [Common 17-83] Releasing license: Implementation
INFO: [DRC 23-27] Running DRC with 2 threads
INFO: [Vivado_Tcl 4-198] DRC finished with 0 Errors
INFO: [Vivado_Tcl 4-199] Please refer to the DRC report (report_drc) for more information.
Running DRC as a precondition to command place_design
INFO: [DRC 23-27] Running DRC with 2 threads
INFO: [Vivado_Tcl 4-198] DRC finished with 0 Errors
INFO: [Vivado_Tcl 4-199] Please refer to the DRC report (report_drc) for more information.
INFO: [Place 30-611] Multithreading enabled for place_design using a maximum of 2 CPUs

Starting Placer Task

Phase 1 Placer Initialization

Phase 1.1 Placer Initialization Netlist Sorting
Netlist sorting complete. Time (s): cpu = 00:00:00 ; elapsed = 00:00:00 . Memory (MB): peak = 1790.750 ; gain = 0.000
Phase 1.1 Placer Initialization Netlist Sorting | Checksum: 1d6b2d099

Time (s): cpu = 00:00:00 ; elapsed = 00:00:00.010 . Memory (MB): peak = 1790.750 ; gain = 0.000
Netlist sorting complete. Time (s): cpu = 00:00:00 ; elapsed = 00:00:00 . Memory (MB): peak = 1790.750 ; gain = 0.000

Phase 1.2 IO Placement/ Clock Placement/ Build Placer Device
INFO: [Timing 38-35] Done setting XDC timing constraints.
Phase 1.2 IO Placement/ Clock Placement/ Build Placer Device | Checksum: 177e065ea

Time (s): cpu = 00:00:00 ; elapsed = 00:00:00.332 . Memory (MB): peak = 1790.750 ; gain = 0.000

Phase 1.3 Build Placer Netlist Model
Phase 1.3 Build Placer Netlist Model | Checksum: 25cab2626

Time (s): cpu = 00:00:01 ; elapsed = 00:00:00.596 . Memory (MB): peak = 1790.750 ; gain = 0.000

Phase 1.4 Constrain Clocks/Macros
Phase 1.4 Constrain Clocks/Macros | Checksum: 25cab2626

Time (s): cpu = 00:00:01 ; elapsed = 00:00:00.606 . Memory (MB): peak = 1790.750 ; gain = 0.000
Phase 1 Placer Initialization | Checksum: 25cab2626

Time (s): cpu = 00:00:01 ; elapsed = 00:00:00.637 . Memory (MB): peak = 1790.750 ; gain = 0.000

Phase 2 Global Placement

Phase 2.1 Floorplanning
Phase 2.1 Floorplanning | Checksum: 1bbcef2fa

Time (s): cpu = 00:00:01 ; elapsed = 00:00:00.751 . Memory (MB): peak = 1790.750 ; gain = 0.000

Phase 2.2 Update Timing before SLR Path Opt
Phase 2.2 Update Timing before SLR Path Opt | Checksum: 1c1e99d24

Time (s): cpu = 00:00:01 ; elapsed = 00:00:00.810 . Memory (MB): peak = 1790.750 ; gain = 0.000

Phase 2.3 Post-Processing in Floorplanning
Phase 2.3 Post-Processing in Floorplanning | Checksum: 1c1e99d24

Time (s): cpu = 00:00:01 ; elapsed = 00:00:00.812 . Memory (MB): peak = 1790.750 ; gain = 0.000

Phase 2.4 Global Place Phase1
Phase 2.4 Global Place Phase1 | Checksum: 1cd43c2b1

Time (s): cpu = 00:00:02 ; elapsed = 00:00:02 . Memory (MB): peak = 1790.750 ; gain = 0.000

Phase 2.5 Global Place Phase2

Phase 2.5.1 UpdateTiming Before Physical Synthesis
Phase 2.5.1 UpdateTiming Before Physical Synthesis | Checksum: 1cd43c2b1

Time (s): cpu = 00:00:02 ; elapsed = 00:00:02 . Memory (MB): peak = 1790.750 ; gain = 0.000

Phase 2.5.2 Physical Synthesis In Placer
INFO: [Physopt 32-1035] Found 0 LUTNM shape to break, 5 LUT instances to create LUTNM shape
INFO: [Physopt 32-1044] Break lutnm for timing: one critical 0, two critical 0, total 0, new lutff created 0
INFO: [Physopt 32-1138] End 1 Pass. Optimized 2 nets or LUTs. Breaked 0 LUT, combined 2 existing LUTs and moved 0 existing LUT
INFO: [Physopt 32-65] No nets found for high-fanout optimization.
INFO: [Physopt 32-232] Optimized 0 net. Created 0 new instance.
INFO: [Physopt 32-775] End 1 Pass. Optimized 0 net or cell. Created 0 new cell, deleted 0 existing cell and moved 0 existing cell
INFO: [Physopt 32-670] No setup violation found.  DSP Register Optimization was not performed.
INFO: [Physopt 32-670] No setup violation found.  Shift Register to Pipeline Optimization was not performed.
INFO: [Physopt 32-670] No setup violation found.  Shift Register Optimization was not performed.
INFO: [Physopt 32-670] No setup violation found.  BRAM Register Optimization was not performed.
INFO: [Physopt 32-670] No setup violation found.  URAM Register Optimization was not performed.
INFO: [Physopt 32-949] No candidate nets found for dynamic/static region interface net replication
INFO: [Physopt 32-775] End 1 Pass. Optimized 0 net or cell. Created 0 new cell, deleted 0 existing cell and moved 0 existing cell
Netlist sorting complete. Time (s): cpu = 00:00:00 ; elapsed = 00:00:00 . Memory (MB): peak = 1790.750 ; gain = 0.000

Summary of Physical Synthesis Optimizations
============================================


-----------------------------------------------------------------------------------------------------------------------------------------------------------
|  Optimization                                     |  Added Cells  |  Removed Cells  |  Optimized Cells/Nets  |  Dont Touch  |  Iterations  |  Elapsed   |
-----------------------------------------------------------------------------------------------------------------------------------------------------------
|  LUT Combining                                    |            0  |              2  |                     2  |           0  |           1  |  00:00:00  |
|  Retime                                           |            0  |              0  |                     0  |           0  |           1  |  00:00:00  |
|  Very High Fanout                                 |            0  |              0  |                     0  |           0  |           1  |  00:00:00  |
|  DSP Register                                     |            0  |              0  |                     0  |           0  |           0  |  00:00:00  |
|  Shift Register to Pipeline                       |            0  |              0  |                     0  |           0  |           0  |  00:00:00  |
|  Shift Register                                   |            0  |              0  |                     0  |           0  |           0  |  00:00:00  |
|  BRAM Register                                    |            0  |              0  |                     0  |           0  |           0  |  00:00:00  |
|  URAM Register                                    |            0  |              0  |                     0  |           0  |           0  |  00:00:00  |
|  Dynamic/Static Region Interface Net Replication  |            0  |              0  |                     0  |           0  |           1  |  00:00:00  |
|  Total                                            |            0  |              2  |                     2  |           0  |           4  |  00:00:00  |
-----------------------------------------------------------------------------------------------------------------------------------------------------------


Phase 2.5.2 Physical Synthesis In Placer | Checksum: 20cd6619d

Time (s): cpu = 00:00:02 ; elapsed = 00:00:02 . Memory (MB): peak = 1790.750 ; gain = 0.000
Phase 2.5 Global Place Phase2 | Checksum: 20e9a2400

Time (s): cpu = 00:00:03 ; elapsed = 00:00:02 . Memory (MB): peak = 1790.750 ; gain = 0.000
Phase 2 Global Placement | Checksum: 20e9a2400

Time (s): cpu = 00:00:03 ; elapsed = 00:00:02 . Memory (MB): peak = 1790.750 ; gain = 0.000

Phase 3 Detail Placement

Phase 3.1 Commit Multi Column Macros
Phase 3.1 Commit Multi Column Macros | Checksum: 216356c51

Time (s): cpu = 00:00:03 ; elapsed = 00:00:02 . Memory (MB): peak = 1790.750 ; gain = 0.000

Phase 3.2 Commit Most Macros & LUTRAMs
Phase 3.2 Commit Most Macros & LUTRAMs | Checksum: 2046640c0

Time (s): cpu = 00:00:03 ; elapsed = 00:00:02 . Memory (MB): peak = 1790.750 ; gain = 0.000

Phase 3.3 Area Swap Optimization
Phase 3.3 Area Swap Optimization | Checksum: 20411a7a4

Time (s): cpu = 00:00:03 ; elapsed = 00:00:02 . Memory (MB): peak = 1790.750 ; gain = 0.000

Phase 3.4 Pipeline Register Optimization
Phase 3.4 Pipeline Register Optimization | Checksum: 22a26aea2

Time (s): cpu = 00:00:03 ; elapsed = 00:00:02 . Memory (MB): peak = 1790.750 ; gain = 0.000

Phase 3.5 Small Shape Detail Placement
Phase 3.5 Small Shape Detail Placement | Checksum: 1a562e2ce

Time (s): cpu = 00:00:03 ; elapsed = 00:00:03 . Memory (MB): peak = 1790.750 ; gain = 0.000

Phase 3.6 Re-assign LUT pins
Phase 3.6 Re-assign LUT pins | Checksum: 2263ec6b5

Time (s): cpu = 00:00:03 ; elapsed = 00:00:03 . Memory (MB): peak = 1790.750 ; gain = 0.000

Phase 3.7 Pipeline Register Optimization
Phase 3.7 Pipeline Register Optimization | Checksum: 26c638fb3

Time (s): cpu = 00:00:03 ; elapsed = 00:00:03 . Memory (MB): peak = 1790.750 ; gain = 0.000
Phase 3 Detail Placement | Checksum: 26c638fb3

Time (s): cpu = 00:00:03 ; elapsed = 00:00:03 . Memory (MB): peak = 1790.750 ; gain = 0.000

Phase 4 Post Placement Optimization and Clean-Up

Phase 4.1 Post Commit Optimization
INFO: [Timing 38-35] Done setting XDC timing constraints.

Phase 4.1.1 Post Placement Optimization
Post Placement Optimization Initialization | Checksum: 2320b342f

Phase 4.1.1.1 BUFG Insertion

Starting Physical Synthesis Task

Phase 1 Physical Synthesis Initialization
INFO: [Physopt 32-721] Multithreading enabled for phys_opt_design using a maximum of 2 CPUs
INFO: [Physopt 32-619] Estimated Timing Summary | WNS=78.923 | TNS=0.000 |
Phase 1 Physical Synthesis Initialization | Checksum: 147387929

Time (s): cpu = 00:00:00 ; elapsed = 00:00:00.021 . Memory (MB): peak = 1790.750 ; gain = 0.000
INFO: [Place 46-56] BUFG insertion identified 0 candidate nets. Inserted BUFG: 0, Replicated BUFG Driver: 0, Skipped due to Placement/Routing Conflicts: 0, Skipped due to Timing Degradation: 0, Skipped due to netlist editing failed: 0.
Ending Physical Synthesis Task | Checksum: 212a733da

Time (s): cpu = 00:00:00 ; elapsed = 00:00:00.027 . Memory (MB): peak = 1790.750 ; gain = 0.000
Phase 4.1.1.1 BUFG Insertion | Checksum: 2320b342f

Time (s): cpu = 00:00:03 ; elapsed = 00:00:03 . Memory (MB): peak = 1790.750 ; gain = 0.000

Phase 4.1.1.2 Post Placement Timing Optimization
INFO: [Place 30-746] Post Placement Timing Summary WNS=78.923. For the most accurate timing information please run report_timing.
Phase 4.1.1.2 Post Placement Timing Optimization | Checksum: 2254833ae

Time (s): cpu = 00:00:03 ; elapsed = 00:00:03 . Memory (MB): peak = 1790.750 ; gain = 0.000

Time (s): cpu = 00:00:03 ; elapsed = 00:00:03 . Memory (MB): peak = 1790.750 ; gain = 0.000
Phase 4.1 Post Commit Optimization | Checksum: 2254833ae

Time (s): cpu = 00:00:03 ; elapsed = 00:00:03 . Memory (MB): peak = 1790.750 ; gain = 0.000

Phase 4.2 Post Placement Cleanup
Phase 4.2 Post Placement Cleanup | Checksum: 2254833ae

Time (s): cpu = 00:00:03 ; elapsed = 00:00:03 . Memory (MB): peak = 1790.750 ; gain = 0.000

Phase 4.3 Placer Reporting

Phase 4.3.1 Print Estimated Congestion
INFO: [Place 30-612] Post-Placement Estimated Congestion 
 ____________________________________________________
|           | Global Congestion | Short Congestion  |
| Direction | Region Size       | Region Size       |
|___________|___________________|___________________|
|      North|                1x1|                1x1|
|___________|___________________|___________________|
|      South|                1x1|                1x1|
|___________|___________________|___________________|
|       East|                1x1|                1x1|
|___________|___________________|___________________|
|       West|                1x1|                1x1|
|___________|___________________|___________________|

Phase 4.3.1 Print Estimated Congestion | Checksum: 2254833ae

Time (s): cpu = 00:00:03 ; elapsed = 00:00:03 . Memory (MB): peak = 1790.750 ; gain = 0.000
Phase 4.3 Placer Reporting | Checksum: 2254833ae

Time (s): cpu = 00:00:03 ; elapsed = 00:00:03 . Memory (MB): peak = 1790.750 ; gain = 0.000

Phase 4.4 Final Placement Cleanup
Netlist sorting complete. Time (s): cpu = 00:00:00 ; elapsed = 00:00:00 . Memory (MB): peak = 1790.750 ; gain = 0.000

Time (s): cpu = 00:00:03 ; elapsed = 00:00:03 . Memory (MB): peak = 1790.750 ; gain = 0.000
Phase 4 Post Placement Optimization and Clean-Up | Checksum: 1cbb0e4ae

Time (s): cpu = 00:00:03 ; elapsed = 00:00:03 . Memory (MB): peak = 1790.750 ; gain = 0.000
Ending Placer Task | Checksum: 17ae5f95c

Time (s): cpu = 00:00:03 ; elapsed = 00:00:03 . Memory (MB): peak = 1790.750 ; gain = 0.000
72 Infos, 2 Warnings, 2 Critical Warnings and 0 Errors encountered.
place_design completed successfully
place_design: Time (s): cpu = 00:00:07 ; elapsed = 00:00:05 . Memory (MB): peak = 1790.750 ; gain = 0.000
INFO: [Vivado 12-24838] Running report commands "report_control_sets, report_io, report_utilization" in parallel.
Running report generation with 2 threads.
INFO: [Vivado 12-24828] Executing command : report_utilization -file GNSS_Reader_wrapper_utilization_placed.rpt -pb GNSS_Reader_wrapper_utilization_placed.pb
INFO: [Vivado 12-24828] Executing command : report_control_sets -verbose -file GNSS_Reader_wrapper_control_sets_placed.rpt
report_control_sets: Time (s): cpu = 00:00:00 ; elapsed = 00:00:00.003 . Memory (MB): peak = 1790.750 ; gain = 0.000
INFO: [Vivado 12-24828] Executing command : report_io -file GNSS_Reader_wrapper_io_placed.rpt
report_io: Time (s): cpu = 00:00:00 ; elapsed = 00:00:00.046 . Memory (MB): peak = 1790.750 ; gain = 0.000
Write ShapeDB Complete: Time (s): cpu = 00:00:00 ; elapsed = 00:00:00.004 . Memory (MB): peak = 1790.750 ; gain = 0.000
INFO: [Timing 38-480] Writing timing data to binary archive.
Wrote PlaceDB: Time (s): cpu = 00:00:00 ; elapsed = 00:00:00.016 . Memory (MB): peak = 1790.750 ; gain = 0.000
Wrote PulsedLatchDB: Time (s): cpu = 00:00:00 ; elapsed = 00:00:00 . Memory (MB): peak = 1790.750 ; gain = 0.000
Writing XDEF routing.
Writing XDEF routing logical nets.
Writing XDEF routing special nets.
Wrote RouteStorage: Time (s): cpu = 00:00:01 ; elapsed = 00:00:00.022 . Memory (MB): peak = 1790.750 ; gain = 0.000
Wrote Netlist Cache: Time (s): cpu = 00:00:00 ; elapsed = 00:00:00.001 . Memory (MB): peak = 1790.750 ; gain = 0.000
Wrote Device Cache: Time (s): cpu = 00:00:00 ; elapsed = 00:00:00.008 . Memory (MB): peak = 1790.750 ; gain = 0.000
Write Physdb Complete: Time (s): cpu = 00:00:01 ; elapsed = 00:00:00.054 . Memory (MB): peak = 1790.750 ; gain = 0.000
INFO: [Common 17-1381] The checkpoint 'C:/GitHub/GLITCH-Software/FPGA/UART/Read_GNSS/Read_GNSS.runs/impl_1/GNSS_Reader_wrapper_placed.dcp' has been generated.
Command: phys_opt_design
Attempting to get a license for feature 'Implementation' and/or device 'xc7a35t'
INFO: [Common 17-349] Got license for feature 'Implementation' and/or device 'xc7a35t'

Starting Initial Update Timing Task

Time (s): cpu = 00:00:00 ; elapsed = 00:00:00.039 . Memory (MB): peak = 1791.465 ; gain = 0.715
INFO: [Vivado_Tcl 4-2279] Estimated Timing Summary | WNS= 78.923 | TNS= 0.000 | 
INFO: [Vivado_Tcl 4-383] Design worst setup slack (WNS) is greater than or equal to 0.000 ns. All physical synthesis setup optimizations will be skipped.
INFO: [Vivado_Tcl 4-232] No setup violation found. The netlist was not modified.
INFO: [Common 17-83] Releasing license: Implementation
83 Infos, 2 Warnings, 2 Critical Warnings and 0 Errors encountered.
phys_opt_design completed successfully
Write ShapeDB Complete: Time (s): cpu = 00:00:00 ; elapsed = 00:00:00.003 . Memory (MB): peak = 1809.340 ; gain = 0.000
INFO: [Timing 38-480] Writing timing data to binary archive.
Wrote PlaceDB: Time (s): cpu = 00:00:00 ; elapsed = 00:00:00.017 . Memory (MB): peak = 1809.340 ; gain = 0.000
Wrote PulsedLatchDB: Time (s): cpu = 00:00:00 ; elapsed = 00:00:00 . Memory (MB): peak = 1809.340 ; gain = 0.000
Writing XDEF routing.
Writing XDEF routing logical nets.
Writing XDEF routing special nets.
Wrote RouteStorage: Time (s): cpu = 00:00:00 ; elapsed = 00:00:00.018 . Memory (MB): peak = 1809.340 ; gain = 0.000
Wrote Netlist Cache: Time (s): cpu = 00:00:00 ; elapsed = 00:00:00 . Memory (MB): peak = 1809.340 ; gain = 0.000
Wrote Device Cache: Time (s): cpu = 00:00:00 ; elapsed = 00:00:00.006 . Memory (MB): peak = 1809.340 ; gain = 0.000
Write Physdb Complete: Time (s): cpu = 00:00:00 ; elapsed = 00:00:00.050 . Memory (MB): peak = 1809.340 ; gain = 0.000
INFO: [Common 17-1381] The checkpoint 'C:/GitHub/GLITCH-Software/FPGA/UART/Read_GNSS/Read_GNSS.runs/impl_1/GNSS_Reader_wrapper_physopt.dcp' has been generated.
Command: route_design
Attempting to get a license for feature 'Implementation' and/or device 'xc7a35t'
INFO: [Common 17-349] Got license for feature 'Implementation' and/or device 'xc7a35t'


Starting Routing Task
INFO: [Route 35-254] Multithreading enabled for route_design using a maximum of 2 CPUs

Phase 1 Build RT Design
Checksum: PlaceDB: 887b4a2d ConstDB: 0 ShapeSum: 51e952d8 RouteDB: a0815c57
Post Restoration Checksum: NetGraph: 3f19d8aa | NumContArr: 446b4777 | Constraints: c2a8fa9d | Timing: c2a8fa9d
Phase 1 Build RT Design | Checksum: 208d7155b

Time (s): cpu = 00:00:30 ; elapsed = 00:00:29 . Memory (MB): peak = 1891.762 ; gain = 82.422

Phase 2 Router Initialization

Phase 2.1 Fix Topology Constraints
Phase 2.1 Fix Topology Constraints | Checksum: 208d7155b

Time (s): cpu = 00:00:30 ; elapsed = 00:00:29 . Memory (MB): peak = 1891.762 ; gain = 82.422

Phase 2.2 Pre Route Cleanup
Phase 2.2 Pre Route Cleanup | Checksum: 208d7155b

Time (s): cpu = 00:00:30 ; elapsed = 00:00:29 . Memory (MB): peak = 1891.762 ; gain = 82.422
 Number of Nodes with overlaps = 0

Phase 2.3 Update Timing
Phase 2.3 Update Timing | Checksum: 274f2b0f2

Time (s): cpu = 00:00:30 ; elapsed = 00:00:29 . Memory (MB): peak = 1922.035 ; gain = 112.695
INFO: [Route 35-416] Intermediate Timing Summary | WNS=78.940 | TNS=0.000  | WHS=-0.100 | THS=-2.800 |


Router Utilization Summary
  Global Vertical Routing Utilization    = 0 %
  Global Horizontal Routing Utilization  = 0 %
  Routable Net Status*
  *Does not include unroutable nets such as driverless and loadless.
  Run report_route_status for detailed report.
  Number of Failed Nets               = 111
    (Failed Nets is the sum of unrouted and partially routed nets)
  Number of Unrouted Nets             = 111
  Number of Partially Routed Nets     = 0
  Number of Node Overlaps             = 0

Phase 2 Router Initialization | Checksum: 21ea947c4

Time (s): cpu = 00:00:31 ; elapsed = 00:00:29 . Memory (MB): peak = 1922.035 ; gain = 112.695

Phase 3 Global Routing
Phase 3 Global Routing | Checksum: 21ea947c4

Time (s): cpu = 00:00:31 ; elapsed = 00:00:29 . Memory (MB): peak = 1922.035 ; gain = 112.695

Phase 4 Initial Routing

Phase 4.1 Initial Net Routing Pass
Phase 4.1 Initial Net Routing Pass | Checksum: 1e934cbbf

Time (s): cpu = 00:00:31 ; elapsed = 00:00:29 . Memory (MB): peak = 1922.035 ; gain = 112.695
Phase 4 Initial Routing | Checksum: 1e934cbbf

Time (s): cpu = 00:00:31 ; elapsed = 00:00:29 . Memory (MB): peak = 1922.035 ; gain = 112.695

Phase 5 Rip-up And Reroute

Phase 5.1 Global Iteration 0
 Number of Nodes with overlaps = 14
 Number of Nodes with overlaps = 0
INFO: [Route 35-416] Intermediate Timing Summary | WNS=78.954 | TNS=0.000  | WHS=N/A    | THS=N/A    |

Phase 5.1 Global Iteration 0 | Checksum: 26c70eb9b

Time (s): cpu = 00:00:31 ; elapsed = 00:00:29 . Memory (MB): peak = 1922.035 ; gain = 112.695

Phase 5.2 Global Iteration 1
 Number of Nodes with overlaps = 0
INFO: [Route 35-416] Intermediate Timing Summary | WNS=78.954 | TNS=0.000  | WHS=N/A    | THS=N/A    |

Phase 5.2 Global Iteration 1 | Checksum: 1665abc79

Time (s): cpu = 00:00:31 ; elapsed = 00:00:30 . Memory (MB): peak = 1922.035 ; gain = 112.695
Phase 5 Rip-up And Reroute | Checksum: 1665abc79

Time (s): cpu = 00:00:31 ; elapsed = 00:00:30 . Memory (MB): peak = 1922.035 ; gain = 112.695

Phase 6 Delay and Skew Optimization

Phase 6.1 Delay CleanUp
Phase 6.1 Delay CleanUp | Checksum: 1665abc79

Time (s): cpu = 00:00:31 ; elapsed = 00:00:30 . Memory (MB): peak = 1922.035 ; gain = 112.695

Phase 6.2 Clock Skew Optimization
Phase 6.2 Clock Skew Optimization | Checksum: 1665abc79

Time (s): cpu = 00:00:31 ; elapsed = 00:00:30 . Memory (MB): peak = 1922.035 ; gain = 112.695
Phase 6 Delay and Skew Optimization | Checksum: 1665abc79

Time (s): cpu = 00:00:31 ; elapsed = 00:00:30 . Memory (MB): peak = 1922.035 ; gain = 112.695

Phase 7 Post Hold Fix

Phase 7.1 Hold Fix Iter
INFO: [Route 35-416] Intermediate Timing Summary | WNS=79.033 | TNS=0.000  | WHS=0.154  | THS=0.000  |

Phase 7.1 Hold Fix Iter | Checksum: 231deee54

Time (s): cpu = 00:00:31 ; elapsed = 00:00:30 . Memory (MB): peak = 1922.035 ; gain = 112.695
Phase 7 Post Hold Fix | Checksum: 231deee54

Time (s): cpu = 00:00:31 ; elapsed = 00:00:30 . Memory (MB): peak = 1922.035 ; gain = 112.695

Phase 8 Route finalize

Router Utilization Summary
  Global Vertical Routing Utilization    = 0.0196125 %
  Global Horizontal Routing Utilization  = 0.0206923 %
  Routable Net Status*
  *Does not include unroutable nets such as driverless and loadless.
  Run report_route_status for detailed report.
  Number of Failed Nets               = 0
    (Failed Nets is the sum of unrouted and partially routed nets)
  Number of Unrouted Nets             = 0
  Number of Partially Routed Nets     = 0
  Number of Node Overlaps             = 0

Phase 8 Route finalize | Checksum: 231deee54

Time (s): cpu = 00:00:31 ; elapsed = 00:00:30 . Memory (MB): peak = 1922.035 ; gain = 112.695

Phase 9 Verifying routed nets

 Verification completed successfully
Phase 9 Verifying routed nets | Checksum: 231deee54

Time (s): cpu = 00:00:31 ; elapsed = 00:00:30 . Memory (MB): peak = 1922.035 ; gain = 112.695

Phase 10 Depositing Routes
Phase 10 Depositing Routes | Checksum: 22a3a1712

Time (s): cpu = 00:00:31 ; elapsed = 00:00:30 . Memory (MB): peak = 1922.035 ; gain = 112.695

Phase 11 Post Process Routing
Phase 11 Post Process Routing | Checksum: 22a3a1712

Time (s): cpu = 00:00:31 ; elapsed = 00:00:30 . Memory (MB): peak = 1922.035 ; gain = 112.695

Phase 12 Post Router Timing
INFO: [Route 35-57] Estimated Timing Summary | WNS=79.033 | TNS=0.000  | WHS=0.154  | THS=0.000  |

INFO: [Route 35-327] The final timing numbers are based on the router estimated timing analysis. For a complete and accurate timing signoff, please run report_timing_summary.
Phase 12 Post Router Timing | Checksum: 22a3a1712

Time (s): cpu = 00:00:31 ; elapsed = 00:00:30 . Memory (MB): peak = 1922.035 ; gain = 112.695
Total Elapsed time in route_design: 29.556 secs

Phase 13 Post-Route Event Processing
Phase 13 Post-Route Event Processing | Checksum: 1199d09da

Time (s): cpu = 00:00:31 ; elapsed = 00:00:30 . Memory (MB): peak = 1922.035 ; gain = 112.695
INFO: [Route 35-16] Router Completed Successfully
Ending Routing Task | Checksum: 1199d09da

Time (s): cpu = 00:00:31 ; elapsed = 00:00:30 . Memory (MB): peak = 1922.035 ; gain = 112.695

Routing Is Done.
INFO: [Common 17-83] Releasing license: Implementation
95 Infos, 2 Warnings, 2 Critical Warnings and 0 Errors encountered.
route_design completed successfully
route_design: Time (s): cpu = 00:00:31 ; elapsed = 00:00:30 . Memory (MB): peak = 1922.035 ; gain = 112.695
INFO: [Vivado 12-24828] Executing command : report_drc -file GNSS_Reader_wrapper_drc_routed.rpt -pb GNSS_Reader_wrapper_drc_routed.pb -rpx GNSS_Reader_wrapper_drc_routed.rpx
Command: report_drc -file GNSS_Reader_wrapper_drc_routed.rpt -pb GNSS_Reader_wrapper_drc_routed.pb -rpx GNSS_Reader_wrapper_drc_routed.rpx
INFO: [IP_Flow 19-1839] IP Catalog is up to date.
INFO: [DRC 23-27] Running DRC with 2 threads
INFO: [Vivado_Tcl 2-168] The results of DRC are in file C:/GitHub/GLITCH-Software/FPGA/UART/Read_GNSS/Read_GNSS.runs/impl_1/GNSS_Reader_wrapper_drc_routed.rpt.
report_drc completed successfully
INFO: [Vivado 12-24828] Executing command : report_methodology -file GNSS_Reader_wrapper_methodology_drc_routed.rpt -pb GNSS_Reader_wrapper_methodology_drc_routed.pb -rpx GNSS_Reader_wrapper_methodology_drc_routed.rpx
Command: report_methodology -file GNSS_Reader_wrapper_methodology_drc_routed.rpt -pb GNSS_Reader_wrapper_methodology_drc_routed.pb -rpx GNSS_Reader_wrapper_methodology_drc_routed.rpx
INFO: [Timing 38-35] Done setting XDC timing constraints.
INFO: [DRC 23-133] Running Methodology with 2 threads
INFO: [Vivado_Tcl 2-1520] The results of Report Methodology are in file C:/GitHub/GLITCH-Software/FPGA/UART/Read_GNSS/Read_GNSS.runs/impl_1/GNSS_Reader_wrapper_methodology_drc_routed.rpt.
report_methodology completed successfully
INFO: [Vivado 12-24828] Executing command : report_timing_summary -max_paths 10 -report_unconstrained -file GNSS_Reader_wrapper_timing_summary_routed.rpt -pb GNSS_Reader_wrapper_timing_summary_routed.pb -rpx GNSS_Reader_wrapper_timing_summary_routed.rpx -warn_on_violation 
INFO: [Timing 38-35] Done setting XDC timing constraints.
INFO: [Timing 38-91] UpdateTimingParams: Speed grade: -1, Delay Type: min_max.
INFO: [Timing 38-191] Multithreading enabled for timing update using a maximum of 2 CPUs
INFO: [Vivado 12-24838] Running report commands "report_incremental_reuse, report_route_status" in parallel.
Running report generation with 2 threads.
INFO: [Vivado 12-24828] Executing command : report_route_status -file GNSS_Reader_wrapper_route_status.rpt -pb GNSS_Reader_wrapper_route_status.pb
INFO: [Vivado 12-24828] Executing command : report_incremental_reuse -file GNSS_Reader_wrapper_incremental_reuse_routed.rpt
INFO: [Vivado_Tcl 4-1062] Incremental flow is disabled. No incremental reuse Info to report.
INFO: [Vivado 12-24828] Executing command : report_power -file GNSS_Reader_wrapper_power_routed.rpt -pb GNSS_Reader_wrapper_power_summary_routed.pb -rpx GNSS_Reader_wrapper_power_routed.rpx
Command: report_power -file GNSS_Reader_wrapper_power_routed.rpt -pb GNSS_Reader_wrapper_power_summary_routed.pb -rpx GNSS_Reader_wrapper_power_routed.rpx
Running Vector-less Activity Propagation...

Finished Running Vector-less Activity Propagation
112 Infos, 2 Warnings, 2 Critical Warnings and 0 Errors encountered.
report_power completed successfully
INFO: [Vivado 12-24828] Executing command : report_clock_utilization -file GNSS_Reader_wrapper_clock_utilization_routed.rpt
INFO: [Vivado 12-24828] Executing command : report_bus_skew -warn_on_violation -file GNSS_Reader_wrapper_bus_skew_routed.rpt -pb GNSS_Reader_wrapper_bus_skew_routed.pb -rpx GNSS_Reader_wrapper_bus_skew_routed.rpx
INFO: [Timing 38-91] UpdateTimingParams: Speed grade: -1, Delay Type: min_max.
INFO: [Timing 38-191] Multithreading enabled for timing update using a maximum of 2 CPUs
generate_parallel_reports: Time (s): cpu = 00:00:11 ; elapsed = 00:00:07 . Memory (MB): peak = 1974.609 ; gain = 52.574
Write ShapeDB Complete: Time (s): cpu = 00:00:00 ; elapsed = 00:00:00.004 . Memory (MB): peak = 1974.609 ; gain = 0.000
INFO: [Timing 38-480] Writing timing data to binary archive.
Wrote PlaceDB: Time (s): cpu = 00:00:00 ; elapsed = 00:00:00.023 . Memory (MB): peak = 1974.609 ; gain = 0.000
Wrote PulsedLatchDB: Time (s): cpu = 00:00:00 ; elapsed = 00:00:00 . Memory (MB): peak = 1974.609 ; gain = 0.000
Writing XDEF routing.
Writing XDEF routing logical nets.
Writing XDEF routing special nets.
Wrote RouteStorage: Time (s): cpu = 00:00:00 ; elapsed = 00:00:00.046 . Memory (MB): peak = 1974.609 ; gain = 0.000
Wrote Netlist Cache: Time (s): cpu = 00:00:00 ; elapsed = 00:00:00.001 . Memory (MB): peak = 1974.609 ; gain = 0.000
Wrote Device Cache: Time (s): cpu = 00:00:00 ; elapsed = 00:00:00.017 . Memory (MB): peak = 1974.609 ; gain = 0.000
Write Physdb Complete: Time (s): cpu = 00:00:00 ; elapsed = 00:00:00.099 . Memory (MB): peak = 1974.609 ; gain = 0.000
INFO: [Common 17-1381] The checkpoint 'C:/GitHub/GLITCH-Software/FPGA/UART/Read_GNSS/Read_GNSS.runs/impl_1/GNSS_Reader_wrapper_routed.dcp' has been generated.
Command: write_bitstream -force GNSS_Reader_wrapper.bit
Attempting to get a license for feature 'Implementation' and/or device 'xc7a35t'
INFO: [Common 17-349] Got license for feature 'Implementation' and/or device 'xc7a35t'
Running DRC as a precondition to command write_bitstream
INFO: [IP_Flow 19-1839] IP Catalog is up to date.
INFO: [DRC 23-27] Running DRC with 2 threads
INFO: [Vivado 12-3199] DRC finished with 0 Errors
INFO: [Vivado 12-3200] Please refer to the DRC report (report_drc) for more information.
INFO: [Designutils 20-2272] Running write_bitstream with 2 threads.
Loading data files...
Loading site data...
Loading route data...
Processing options...
Creating bitmap...
Creating bitstream...
Writing bitstream ./GNSS_Reader_wrapper.bit...
INFO: [Vivado 12-1842] Bitgen Completed Successfully.
INFO: [Project 1-1876] WebTalk data collection is mandatory when using a ULT device. To see the specific WebTalk data collected for your design, open the usage_statistics_webtalk.html or usage_statistics_webtalk.xml file in the implementation directory.
INFO: [Common 17-83] Releasing license: Implementation
127 Infos, 2 Warnings, 2 Critical Warnings and 0 Errors encountered.
write_bitstream completed successfully
write_bitstream: Time (s): cpu = 00:00:16 ; elapsed = 00:00:14 . Memory (MB): peak = 2440.125 ; gain = 465.516
INFO: [Common 17-206] Exiting Vivado at Fri Sep 12 10:33:36 2025...
