
*** Running vivado
    with args -log PCB_All_SRAM_Write_8SRAM_100MHZ_0_0.vds -m64 -product Vivado -mode batch -messageDb vivado.pb -notrace -source PCB_All_SRAM_Write_8SRAM_100MHZ_0_0.tcl



****** Vivado v2024.2 (64-bit)
  **** SW Build 5239630 on Fri Nov 08 22:35:27 MST 2024
  **** IP Build 5239520 on Sun Nov 10 16:12:51 MST 2024
  **** SharedData Build 5239561 on Fri Nov 08 14:39:27 MST 2024
  **** Start of session at: Mon Sep 29 19:59:36 2025
    ** Copyright 1986-2022 Xilinx, Inc. All Rights Reserved.
    ** Copyright 2022-2024 Advanced Micro Devices, Inc. All Rights Reserved.

source PCB_All_SRAM_Write_8SRAM_100MHZ_0_0.tcl -notrace
create_project: Time (s): cpu = 00:00:05 ; elapsed = 00:00:06 . Memory (MB): peak = 458.094 ; gain = 138.953
INFO: [IP_Flow 19-234] Refreshing IP repositories
INFO: [IP_Flow 19-1704] No user IP repositories specified
INFO: [IP_Flow 19-2313] Loaded Vivado IP repository 'C:/Xilinx/Vivado/2024.2/data/ip'.
Command: synth_design -top PCB_All_SRAM_Write_8SRAM_100MHZ_0_0 -part xc7a100tcsg324-1 -incremental_mode off -mode out_of_context
Starting synth_design
Attempting to get a license for feature 'Synthesis' and/or device 'xc7a100t'
INFO: [Common 17-349] Got license for feature 'Synthesis' and/or device 'xc7a100t'
INFO: [Designutils 20-5008] Incremental synthesis strategy off
INFO: [Synth 8-7079] Multithreading enabled for synth_design using a maximum of 2 processes.
INFO: [Synth 8-7078] Launching helper process for spawning children vivado processes
INFO: [Synth 8-7075] Helper process launched with PID 27452
---------------------------------------------------------------------------------
Starting Synthesize : Time (s): cpu = 00:00:09 ; elapsed = 00:00:10 . Memory (MB): peak = 945.344 ; gain = 472.160
---------------------------------------------------------------------------------
INFO: [Synth 8-638] synthesizing module 'PCB_All_SRAM_Write_8SRAM_100MHZ_0_0' [c:/GitHub/GLITCH-Software/FPGA/PCB/PCB_All_SRAM/PCB_All_SRAM.gen/sources_1/bd/PCB_All_SRAM/ip/PCB_All_SRAM_Write_8SRAM_100MHZ_0_0/synth/PCB_All_SRAM_Write_8SRAM_100MHZ_0_0.vhd:70]
	Parameter ADDR_WIDTH bound to: 22 - type: integer 
	Parameter DATA_WIDTH bound to: 16 - type: integer 
	Parameter CLK_FREQ bound to: 100000000 - type: integer 
	Parameter SRAM bound to: 0 - type: integer 
INFO: [Synth 8-3491] module 'Write_8SRAM_100MHZ' declared at 'C:/GitHub/GLITCH-Software/FPGA/PCB/PCB_All_SRAM/PCB_All_SRAM.srcs/sources_1/new/Write_8SRAM_100MHZ.vhd:12' bound to instance 'U0' of component 'Write_8SRAM_100MHZ' [c:/GitHub/GLITCH-Software/FPGA/PCB/PCB_All_SRAM/PCB_All_SRAM.gen/sources_1/bd/PCB_All_SRAM/ip/PCB_All_SRAM_Write_8SRAM_100MHZ_0_0/synth/PCB_All_SRAM_Write_8SRAM_100MHZ_0_0.vhd:107]
INFO: [Synth 8-638] synthesizing module 'Write_8SRAM_100MHZ' [C:/GitHub/GLITCH-Software/FPGA/PCB/PCB_All_SRAM/PCB_All_SRAM.srcs/sources_1/new/Write_8SRAM_100MHZ.vhd:38]
INFO: [Synth 8-256] done synthesizing module 'Write_8SRAM_100MHZ' (0#1) [C:/GitHub/GLITCH-Software/FPGA/PCB/PCB_All_SRAM/PCB_All_SRAM.srcs/sources_1/new/Write_8SRAM_100MHZ.vhd:38]
INFO: [Synth 8-256] done synthesizing module 'PCB_All_SRAM_Write_8SRAM_100MHZ_0_0' (0#1) [c:/GitHub/GLITCH-Software/FPGA/PCB/PCB_All_SRAM/PCB_All_SRAM.gen/sources_1/bd/PCB_All_SRAM/ip/PCB_All_SRAM_Write_8SRAM_100MHZ_0_0/synth/PCB_All_SRAM_Write_8SRAM_100MHZ_0_0.vhd:70]
---------------------------------------------------------------------------------
Finished Synthesize : Time (s): cpu = 00:00:11 ; elapsed = 00:00:14 . Memory (MB): peak = 1051.656 ; gain = 578.473
---------------------------------------------------------------------------------
---------------------------------------------------------------------------------
Finished Constraint Validation : Time (s): cpu = 00:00:13 ; elapsed = 00:00:16 . Memory (MB): peak = 1051.656 ; gain = 578.473
---------------------------------------------------------------------------------
---------------------------------------------------------------------------------
Start Loading Part and Timing Information
---------------------------------------------------------------------------------
Loading part: xc7a100tcsg324-1
---------------------------------------------------------------------------------
Finished Loading Part and Timing Information : Time (s): cpu = 00:00:13 ; elapsed = 00:00:16 . Memory (MB): peak = 1051.656 ; gain = 578.473
---------------------------------------------------------------------------------
INFO: [Device 21-403] Loading part xc7a100tcsg324-1
INFO: [Synth 8-802] inferred FSM for state register 'state_reg' in module 'Write_8SRAM_100MHZ'
---------------------------------------------------------------------------------------------------
                   State |                     New Encoding |                Previous Encoding 
---------------------------------------------------------------------------------------------------
             write_start |                          0000001 |                              000
                   write |                          0000010 |                              001
            write_finish |                          0000100 |                              010
               next_addr |                          0001000 |                              011
                    done |                          0010000 |                              100
             set_decoder |                          0100000 |                              101
                complete |                          1000000 |                              110
---------------------------------------------------------------------------------------------------
INFO: [Synth 8-3354] encoded FSM with state register 'state_reg' using encoding 'one-hot' in module 'Write_8SRAM_100MHZ'
---------------------------------------------------------------------------------
Finished RTL Optimization Phase 2 : Time (s): cpu = 00:00:14 ; elapsed = 00:00:17 . Memory (MB): peak = 1051.656 ; gain = 578.473
---------------------------------------------------------------------------------
No constraint files found.
---------------------------------------------------------------------------------
Start RTL Component Statistics 
---------------------------------------------------------------------------------
Detailed RTL Component Info : 
+---Adders : 
	   2 Input   22 Bit       Adders := 1     
	   2 Input    4 Bit       Adders := 3     
	   2 Input    3 Bit       Adders := 2     
+---Registers : 
	               22 Bit    Registers := 2     
	               16 Bit    Registers := 1     
	                8 Bit    Registers := 4     
	                3 Bit    Registers := 2     
	                1 Bit    Registers := 4     
+---Muxes : 
	   7 Input   22 Bit        Muxes := 1     
	   2 Input   16 Bit        Muxes := 2     
	   7 Input   16 Bit        Muxes := 1     
	   2 Input   15 Bit        Muxes := 1     
	   7 Input    8 Bit        Muxes := 2     
	   7 Input    7 Bit        Muxes := 1     
	   2 Input    7 Bit        Muxes := 4     
	   2 Input    4 Bit        Muxes := 2     
	   2 Input    3 Bit        Muxes := 1     
	   7 Input    1 Bit        Muxes := 8     
---------------------------------------------------------------------------------
Finished RTL Component Statistics 
---------------------------------------------------------------------------------
---------------------------------------------------------------------------------
Start Part Resource Summary
---------------------------------------------------------------------------------
Part Resources:
DSPs: 240 (col length:80)
BRAMs: 270 (col length: RAMB18 80 RAMB36 40)
---------------------------------------------------------------------------------
Finished Part Resource Summary
---------------------------------------------------------------------------------
No constraint files found.
---------------------------------------------------------------------------------
Start Cross Boundary and Area Optimization
---------------------------------------------------------------------------------
WARNING: [Synth 8-7080] Parallel synthesis criteria is not met
---------------------------------------------------------------------------------
Finished Cross Boundary and Area Optimization : Time (s): cpu = 00:00:25 ; elapsed = 00:00:37 . Memory (MB): peak = 1249.434 ; gain = 776.250
---------------------------------------------------------------------------------
No constraint files found.
---------------------------------------------------------------------------------
Start Timing Optimization
---------------------------------------------------------------------------------
---------------------------------------------------------------------------------
Finished Timing Optimization : Time (s): cpu = 00:00:25 ; elapsed = 00:00:37 . Memory (MB): peak = 1249.434 ; gain = 776.250
---------------------------------------------------------------------------------
---------------------------------------------------------------------------------
Start Technology Mapping
---------------------------------------------------------------------------------
---------------------------------------------------------------------------------
Finished Technology Mapping : Time (s): cpu = 00:00:25 ; elapsed = 00:00:38 . Memory (MB): peak = 1249.434 ; gain = 776.250
---------------------------------------------------------------------------------
---------------------------------------------------------------------------------
Start IO Insertion
---------------------------------------------------------------------------------
---------------------------------------------------------------------------------
Start Flattening Before IO Insertion
---------------------------------------------------------------------------------
---------------------------------------------------------------------------------
Finished Flattening Before IO Insertion
---------------------------------------------------------------------------------
---------------------------------------------------------------------------------
Start Final Netlist Cleanup
---------------------------------------------------------------------------------
---------------------------------------------------------------------------------
Finished Final Netlist Cleanup
---------------------------------------------------------------------------------
---------------------------------------------------------------------------------
Finished IO Insertion : Time (s): cpu = 00:00:33 ; elapsed = 00:00:51 . Memory (MB): peak = 1445.367 ; gain = 972.184
---------------------------------------------------------------------------------
---------------------------------------------------------------------------------
Start Renaming Generated Instances
---------------------------------------------------------------------------------
---------------------------------------------------------------------------------
Finished Renaming Generated Instances : Time (s): cpu = 00:00:33 ; elapsed = 00:00:52 . Memory (MB): peak = 1445.367 ; gain = 972.184
---------------------------------------------------------------------------------
---------------------------------------------------------------------------------
Start Rebuilding User Hierarchy
---------------------------------------------------------------------------------
---------------------------------------------------------------------------------
Finished Rebuilding User Hierarchy : Time (s): cpu = 00:00:33 ; elapsed = 00:00:53 . Memory (MB): peak = 1445.367 ; gain = 972.184
---------------------------------------------------------------------------------
---------------------------------------------------------------------------------
Start Renaming Generated Ports
---------------------------------------------------------------------------------
---------------------------------------------------------------------------------
Finished Renaming Generated Ports : Time (s): cpu = 00:00:33 ; elapsed = 00:00:53 . Memory (MB): peak = 1445.367 ; gain = 972.184
---------------------------------------------------------------------------------
---------------------------------------------------------------------------------
Start Handling Custom Attributes
---------------------------------------------------------------------------------
---------------------------------------------------------------------------------
Finished Handling Custom Attributes : Time (s): cpu = 00:00:34 ; elapsed = 00:00:54 . Memory (MB): peak = 1445.367 ; gain = 972.184
---------------------------------------------------------------------------------
---------------------------------------------------------------------------------
Start Renaming Generated Nets
---------------------------------------------------------------------------------
---------------------------------------------------------------------------------
Finished Renaming Generated Nets : Time (s): cpu = 00:00:34 ; elapsed = 00:00:54 . Memory (MB): peak = 1445.367 ; gain = 972.184
---------------------------------------------------------------------------------
---------------------------------------------------------------------------------
Start Writing Synthesis Report
---------------------------------------------------------------------------------

Report BlackBoxes: 
+-+--------------+----------+
| |BlackBox name |Instances |
+-+--------------+----------+
+-+--------------+----------+

Report Cell Usage: 
+------+-------+------+
|      |Cell   |Count |
+------+-------+------+
|1     |CARRY4 |     6|
|2     |LUT1   |     4|
|3     |LUT2   |    27|
|4     |LUT3   |     8|
|5     |LUT4   |    16|
|6     |LUT5   |    11|
|7     |LUT6   |     7|
|8     |FDCE   |    76|
|9     |FDPE   |     4|
+------+-------+------+

Report Instance Areas: 
+------+---------+-------------------+------+
|      |Instance |Module             |Cells |
+------+---------+-------------------+------+
|1     |top      |                   |   159|
|2     |  U0     |Write_8SRAM_100MHZ |   159|
+------+---------+-------------------+------+
---------------------------------------------------------------------------------
Finished Writing Synthesis Report : Time (s): cpu = 00:00:34 ; elapsed = 00:00:54 . Memory (MB): peak = 1445.367 ; gain = 972.184
---------------------------------------------------------------------------------
Synthesis finished with 0 errors, 0 critical warnings and 1 warnings.
Synthesis Optimization Runtime : Time (s): cpu = 00:00:34 ; elapsed = 00:00:54 . Memory (MB): peak = 1445.367 ; gain = 972.184
Synthesis Optimization Complete : Time (s): cpu = 00:00:34 ; elapsed = 00:00:54 . Memory (MB): peak = 1445.367 ; gain = 972.184
INFO: [Project 1-571] Translating synthesized netlist
Netlist sorting complete. Time (s): cpu = 00:00:00 ; elapsed = 00:00:00.006 . Memory (MB): peak = 1460.402 ; gain = 0.000
INFO: [Netlist 29-17] Analyzing 6 Unisim elements for replacement
INFO: [Netlist 29-28] Unisim Transformation completed in 0 CPU seconds
INFO: [Project 1-570] Preparing netlist for logic optimization
INFO: [Opt 31-138] Pushed 0 inverter(s) to 0 load pin(s).
Netlist sorting complete. Time (s): cpu = 00:00:00 ; elapsed = 00:00:00 . Memory (MB): peak = 1571.672 ; gain = 0.000
INFO: [Project 1-111] Unisim Transformation Summary:
No Unisim elements were transformed.

Synth Design complete | Checksum: 906fc004
INFO: [Common 17-83] Releasing license: Synthesis
23 Infos, 1 Warnings, 0 Critical Warnings and 0 Errors encountered.
synth_design completed successfully
synth_design: Time (s): cpu = 00:00:38 ; elapsed = 00:01:03 . Memory (MB): peak = 1571.672 ; gain = 1098.621
INFO: [Timing 38-35] Done setting XDC timing constraints.
Write ShapeDB Complete: Time (s): cpu = 00:00:00 ; elapsed = 00:00:00.014 . Memory (MB): peak = 1882.727 ; gain = 0.000
INFO: [Common 17-1381] The checkpoint 'C:/GitHub/GLITCH-Software/FPGA/PCB/PCB_All_SRAM/PCB_All_SRAM.runs/PCB_All_SRAM_Write_8SRAM_100MHZ_0_0_synth_1/PCB_All_SRAM_Write_8SRAM_100MHZ_0_0.dcp' has been generated.
write_checkpoint: Time (s): cpu = 00:00:17 ; elapsed = 00:00:24 . Memory (MB): peak = 1882.770 ; gain = 311.098
INFO: [Vivado 12-24828] Executing command : report_utilization -file PCB_All_SRAM_Write_8SRAM_100MHZ_0_0_utilization_synth.rpt -pb PCB_All_SRAM_Write_8SRAM_100MHZ_0_0_utilization_synth.pb
INFO: [Common 17-206] Exiting Vivado at Mon Sep 29 20:01:18 2025...
