
*** Running vivado
    with args -log PCB_All_SRAM_Pulse_Per_Second_100_0_0.vds -m64 -product Vivado -mode batch -messageDb vivado.pb -notrace -source PCB_All_SRAM_Pulse_Per_Second_100_0_0.tcl



****** Vivado v2024.2 (64-bit)
  **** SW Build 5239630 on Fri Nov 08 22:35:27 MST 2024
  **** IP Build 5239520 on Sun Nov 10 16:12:51 MST 2024
  **** SharedData Build 5239561 on Fri Nov 08 14:39:27 MST 2024
  **** Start of session at: Mon Sep 29 13:58:14 2025
    ** Copyright 1986-2022 Xilinx, Inc. All Rights Reserved.
    ** Copyright 2022-2024 Advanced Micro Devices, Inc. All Rights Reserved.

source PCB_All_SRAM_Pulse_Per_Second_100_0_0.tcl -notrace
create_project: Time (s): cpu = 00:00:08 ; elapsed = 00:00:09 . Memory (MB): peak = 458.672 ; gain = 139.883
INFO: [IP_Flow 19-234] Refreshing IP repositories
INFO: [IP_Flow 19-1704] No user IP repositories specified
INFO: [IP_Flow 19-2313] Loaded Vivado IP repository 'C:/Xilinx/Vivado/2024.2/data/ip'.
Command: synth_design -top PCB_All_SRAM_Pulse_Per_Second_100_0_0 -part xc7a100tcsg324-1 -incremental_mode off -mode out_of_context
Starting synth_design
Attempting to get a license for feature 'Synthesis' and/or device 'xc7a100t'
INFO: [Common 17-349] Got license for feature 'Synthesis' and/or device 'xc7a100t'
INFO: [Designutils 20-5008] Incremental synthesis strategy off
INFO: [Synth 8-7079] Multithreading enabled for synth_design using a maximum of 2 processes.
INFO: [Synth 8-7078] Launching helper process for spawning children vivado processes
INFO: [Synth 8-7075] Helper process launched with PID 6852
---------------------------------------------------------------------------------
Starting Synthesize : Time (s): cpu = 00:00:10 ; elapsed = 00:00:11 . Memory (MB): peak = 944.934 ; gain = 470.578
---------------------------------------------------------------------------------
INFO: [Synth 8-638] synthesizing module 'PCB_All_SRAM_Pulse_Per_Second_100_0_0' [c:/GitHub/GLITCH-Software/FPGA/PCB/PCB_All_SRAM/PCB_All_SRAM.gen/sources_1/bd/PCB_All_SRAM/ip/PCB_All_SRAM_Pulse_Per_Second_100_0_0/synth/PCB_All_SRAM_Pulse_Per_Second_100_0_0.vhd:65]
	Parameter CLOCKFREQUENCY bound to: 100000000 - type: integer 
INFO: [Synth 8-3491] module 'Pulse_Per_Second_100MHZ' declared at 'C:/GitHub/GLITCH-Software/FPGA/PCB/PCB_Test1/PCB_Test1.srcs/sources_1/new/Pulse_Per_Second_100MHZ.vhd:10' bound to instance 'U0' of component 'Pulse_Per_Second_100MHZ' [c:/GitHub/GLITCH-Software/FPGA/PCB/PCB_All_SRAM/PCB_All_SRAM.gen/sources_1/bd/PCB_All_SRAM/ip/PCB_All_SRAM_Pulse_Per_Second_100_0_0/synth/PCB_All_SRAM_Pulse_Per_Second_100_0_0.vhd:94]
INFO: [Synth 8-638] synthesizing module 'Pulse_Per_Second_100MHZ' [C:/GitHub/GLITCH-Software/FPGA/PCB/PCB_Test1/PCB_Test1.srcs/sources_1/new/Pulse_Per_Second_100MHZ.vhd:18]
INFO: [Synth 8-226] default block is never used [C:/GitHub/GLITCH-Software/FPGA/PCB/PCB_Test1/PCB_Test1.srcs/sources_1/new/Pulse_Per_Second_100MHZ.vhd:39]
INFO: [Synth 8-256] done synthesizing module 'Pulse_Per_Second_100MHZ' (0#1) [C:/GitHub/GLITCH-Software/FPGA/PCB/PCB_Test1/PCB_Test1.srcs/sources_1/new/Pulse_Per_Second_100MHZ.vhd:18]
INFO: [Synth 8-256] done synthesizing module 'PCB_All_SRAM_Pulse_Per_Second_100_0_0' (0#1) [c:/GitHub/GLITCH-Software/FPGA/PCB/PCB_All_SRAM/PCB_All_SRAM.gen/sources_1/bd/PCB_All_SRAM/ip/PCB_All_SRAM_Pulse_Per_Second_100_0_0/synth/PCB_All_SRAM_Pulse_Per_Second_100_0_0.vhd:65]
---------------------------------------------------------------------------------
Finished Synthesize : Time (s): cpu = 00:00:14 ; elapsed = 00:00:16 . Memory (MB): peak = 1049.516 ; gain = 575.160
---------------------------------------------------------------------------------
---------------------------------------------------------------------------------
Finished Constraint Validation : Time (s): cpu = 00:00:15 ; elapsed = 00:00:17 . Memory (MB): peak = 1049.516 ; gain = 575.160
---------------------------------------------------------------------------------
---------------------------------------------------------------------------------
Start Loading Part and Timing Information
---------------------------------------------------------------------------------
Loading part: xc7a100tcsg324-1
---------------------------------------------------------------------------------
Finished Loading Part and Timing Information : Time (s): cpu = 00:00:15 ; elapsed = 00:00:17 . Memory (MB): peak = 1049.516 ; gain = 575.160
---------------------------------------------------------------------------------
INFO: [Device 21-403] Loading part xc7a100tcsg324-1
---------------------------------------------------------------------------------
Finished RTL Optimization Phase 2 : Time (s): cpu = 00:00:15 ; elapsed = 00:00:17 . Memory (MB): peak = 1049.516 ; gain = 575.160
---------------------------------------------------------------------------------
No constraint files found.
---------------------------------------------------------------------------------
Start RTL Component Statistics 
---------------------------------------------------------------------------------
Detailed RTL Component Info : 
+---Registers : 
	                1 Bit    Registers := 3     
+---Muxes : 
	   2 Input    1 Bit        Muxes := 2     
---------------------------------------------------------------------------------
Finished RTL Component Statistics 
---------------------------------------------------------------------------------
---------------------------------------------------------------------------------
Start Part Resource Summary
---------------------------------------------------------------------------------
Part Resources:
DSPs: 240 (col length:80)
BRAMs: 270 (col length: RAMB18 80 RAMB36 40)
---------------------------------------------------------------------------------
Finished Part Resource Summary
---------------------------------------------------------------------------------
No constraint files found.
---------------------------------------------------------------------------------
Start Cross Boundary and Area Optimization
---------------------------------------------------------------------------------
WARNING: [Synth 8-7080] Parallel synthesis criteria is not met
---------------------------------------------------------------------------------
Finished Cross Boundary and Area Optimization : Time (s): cpu = 00:00:22 ; elapsed = 00:00:26 . Memory (MB): peak = 1239.910 ; gain = 765.555
---------------------------------------------------------------------------------
No constraint files found.
---------------------------------------------------------------------------------
Start Timing Optimization
---------------------------------------------------------------------------------
---------------------------------------------------------------------------------
Finished Timing Optimization : Time (s): cpu = 00:00:22 ; elapsed = 00:00:26 . Memory (MB): peak = 1245.676 ; gain = 771.320
---------------------------------------------------------------------------------
---------------------------------------------------------------------------------
Start Technology Mapping
---------------------------------------------------------------------------------
---------------------------------------------------------------------------------
Finished Technology Mapping : Time (s): cpu = 00:00:22 ; elapsed = 00:00:26 . Memory (MB): peak = 1245.676 ; gain = 771.320
---------------------------------------------------------------------------------
---------------------------------------------------------------------------------
Start IO Insertion
---------------------------------------------------------------------------------
---------------------------------------------------------------------------------
Start Flattening Before IO Insertion
---------------------------------------------------------------------------------
---------------------------------------------------------------------------------
Finished Flattening Before IO Insertion
---------------------------------------------------------------------------------
---------------------------------------------------------------------------------
Start Final Netlist Cleanup
---------------------------------------------------------------------------------
---------------------------------------------------------------------------------
Finished Final Netlist Cleanup
---------------------------------------------------------------------------------
---------------------------------------------------------------------------------
Finished IO Insertion : Time (s): cpu = 00:00:29 ; elapsed = 00:00:33 . Memory (MB): peak = 1446.074 ; gain = 971.719
---------------------------------------------------------------------------------
---------------------------------------------------------------------------------
Start Renaming Generated Instances
---------------------------------------------------------------------------------
---------------------------------------------------------------------------------
Finished Renaming Generated Instances : Time (s): cpu = 00:00:29 ; elapsed = 00:00:33 . Memory (MB): peak = 1446.074 ; gain = 971.719
---------------------------------------------------------------------------------
---------------------------------------------------------------------------------
Start Rebuilding User Hierarchy
---------------------------------------------------------------------------------
---------------------------------------------------------------------------------
Finished Rebuilding User Hierarchy : Time (s): cpu = 00:00:29 ; elapsed = 00:00:33 . Memory (MB): peak = 1446.074 ; gain = 971.719
---------------------------------------------------------------------------------
---------------------------------------------------------------------------------
Start Renaming Generated Ports
---------------------------------------------------------------------------------
---------------------------------------------------------------------------------
Finished Renaming Generated Ports : Time (s): cpu = 00:00:29 ; elapsed = 00:00:33 . Memory (MB): peak = 1446.074 ; gain = 971.719
---------------------------------------------------------------------------------
---------------------------------------------------------------------------------
Start Handling Custom Attributes
---------------------------------------------------------------------------------
---------------------------------------------------------------------------------
Finished Handling Custom Attributes : Time (s): cpu = 00:00:29 ; elapsed = 00:00:33 . Memory (MB): peak = 1446.074 ; gain = 971.719
---------------------------------------------------------------------------------
---------------------------------------------------------------------------------
Start Renaming Generated Nets
---------------------------------------------------------------------------------
---------------------------------------------------------------------------------
Finished Renaming Generated Nets : Time (s): cpu = 00:00:29 ; elapsed = 00:00:33 . Memory (MB): peak = 1446.074 ; gain = 971.719
---------------------------------------------------------------------------------
---------------------------------------------------------------------------------
Start Writing Synthesis Report
---------------------------------------------------------------------------------

Report BlackBoxes: 
+-+--------------+----------+
| |BlackBox name |Instances |
+-+--------------+----------+
+-+--------------+----------+

Report Cell Usage: 
+------+-------+------+
|      |Cell   |Count |
+------+-------+------+
|1     |CARRY4 |     7|
|2     |LUT1   |     2|
|3     |LUT2   |     2|
|4     |LUT4   |    27|
|5     |LUT5   |     2|
|6     |LUT6   |     4|
|7     |FDCE   |    30|
+------+-------+------+

Report Instance Areas: 
+------+---------+------------------------+------+
|      |Instance |Module                  |Cells |
+------+---------+------------------------+------+
|1     |top      |                        |    74|
|2     |  U0     |Pulse_Per_Second_100MHZ |    74|
+------+---------+------------------------+------+
---------------------------------------------------------------------------------
Finished Writing Synthesis Report : Time (s): cpu = 00:00:29 ; elapsed = 00:00:33 . Memory (MB): peak = 1446.074 ; gain = 971.719
---------------------------------------------------------------------------------
Synthesis finished with 0 errors, 0 critical warnings and 1 warnings.
Synthesis Optimization Runtime : Time (s): cpu = 00:00:29 ; elapsed = 00:00:33 . Memory (MB): peak = 1446.074 ; gain = 971.719
Synthesis Optimization Complete : Time (s): cpu = 00:00:29 ; elapsed = 00:00:33 . Memory (MB): peak = 1446.074 ; gain = 971.719
INFO: [Project 1-571] Translating synthesized netlist
Netlist sorting complete. Time (s): cpu = 00:00:00 ; elapsed = 00:00:00.001 . Memory (MB): peak = 1462.113 ; gain = 0.000
INFO: [Netlist 29-17] Analyzing 7 Unisim elements for replacement
INFO: [Netlist 29-28] Unisim Transformation completed in 0 CPU seconds
INFO: [Project 1-570] Preparing netlist for logic optimization
INFO: [Opt 31-138] Pushed 0 inverter(s) to 0 load pin(s).
Netlist sorting complete. Time (s): cpu = 00:00:00 ; elapsed = 00:00:00 . Memory (MB): peak = 1570.969 ; gain = 0.000
INFO: [Project 1-111] Unisim Transformation Summary:
No Unisim elements were transformed.

Synth Design complete | Checksum: dab1b23
INFO: [Common 17-83] Releasing license: Synthesis
22 Infos, 1 Warnings, 0 Critical Warnings and 0 Errors encountered.
synth_design completed successfully
synth_design: Time (s): cpu = 00:00:33 ; elapsed = 00:00:41 . Memory (MB): peak = 1570.969 ; gain = 1096.668
INFO: [Timing 38-35] Done setting XDC timing constraints.
Write ShapeDB Complete: Time (s): cpu = 00:00:00 ; elapsed = 00:00:00.002 . Memory (MB): peak = 1858.527 ; gain = 0.000
INFO: [Common 17-1381] The checkpoint 'C:/GitHub/GLITCH-Software/FPGA/PCB/PCB_All_SRAM/PCB_All_SRAM.runs/PCB_All_SRAM_Pulse_Per_Second_100_0_0_synth_1/PCB_All_SRAM_Pulse_Per_Second_100_0_0.dcp' has been generated.
write_checkpoint: Time (s): cpu = 00:00:14 ; elapsed = 00:00:15 . Memory (MB): peak = 1858.586 ; gain = 287.617
INFO: [Vivado 12-24828] Executing command : report_utilization -file PCB_All_SRAM_Pulse_Per_Second_100_0_0_utilization_synth.rpt -pb PCB_All_SRAM_Pulse_Per_Second_100_0_0_utilization_synth.pb
INFO: [Common 17-206] Exiting Vivado at Mon Sep 29 13:59:27 2025...
