
*** Running vivado
    with args -log PCB_All_SRAM_wrapper.vdi -applog -m64 -product Vivado -messageDb vivado.pb -mode batch -source PCB_All_SRAM_wrapper.tcl -notrace



****** Vivado v2024.2 (64-bit)
  **** SW Build 5239630 on Fri Nov 08 22:35:27 MST 2024
  **** IP Build 5239520 on Sun Nov 10 16:12:51 MST 2024
  **** SharedData Build 5239561 on Fri Nov 08 14:39:27 MST 2024
  **** Start of session at: Wed Oct  1 14:39:26 2025
    ** Copyright 1986-2022 Xilinx, Inc. All Rights Reserved.
    ** Copyright 2022-2024 Advanced Micro Devices, Inc. All Rights Reserved.

source PCB_All_SRAM_wrapper.tcl -notrace
INFO: [IP_Flow 19-234] Refreshing IP repositories
INFO: [IP_Flow 19-1704] No user IP repositories specified
INFO: [IP_Flow 19-2313] Loaded Vivado IP repository 'C:/Xilinx/Vivado/2024.2/data/ip'.
Command: link_design -top PCB_All_SRAM_wrapper -part xc7a100tcsg324-1
Design is defaulting to srcset: sources_1
Design is defaulting to constrset: constrs_1
INFO: [Device 21-403] Loading part xc7a100tcsg324-1
INFO: [Project 1-454] Reading design checkpoint 'c:/GitHub/GLITCH-Software/FPGA/PCB/PCB_All_SRAM/PCB_All_SRAM.gen/sources_1/bd/PCB_All_SRAM/ip/PCB_All_SRAM_BF_Data_Collector_Dr_0_0/PCB_All_SRAM_BF_Data_Collector_Dr_0_0.dcp' for cell 'PCB_All_SRAM_i/BF_Data_Collector_Dr_0'
INFO: [Project 1-454] Reading design checkpoint 'c:/GitHub/GLITCH-Software/FPGA/PCB/PCB_All_SRAM/PCB_All_SRAM.gen/sources_1/bd/PCB_All_SRAM/ip/PCB_All_SRAM_BF_formatter_0_0/PCB_All_SRAM_BF_formatter_0_0.dcp' for cell 'PCB_All_SRAM_i/BF_formatter_0'
INFO: [Project 1-454] Reading design checkpoint 'c:/GitHub/GLITCH-Software/FPGA/PCB/PCB_All_SRAM/PCB_All_SRAM.gen/sources_1/bd/PCB_All_SRAM/ip/PCB_All_SRAM_GNSS_Fetcher_mod_0_0/PCB_All_SRAM_GNSS_Fetcher_mod_0_0.dcp' for cell 'PCB_All_SRAM_i/GNSS_Fetcher_mod_0'
INFO: [Project 1-454] Reading design checkpoint 'c:/GitHub/GLITCH-Software/FPGA/PCB/PCB_All_SRAM/PCB_All_SRAM.gen/sources_1/bd/PCB_All_SRAM/ip/PCB_All_SRAM_GNSS_Sender_0_0/PCB_All_SRAM_GNSS_Sender_0_0.dcp' for cell 'PCB_All_SRAM_i/GNSS_Sender_0'
INFO: [Project 1-454] Reading design checkpoint 'c:/GitHub/GLITCH-Software/FPGA/PCB/PCB_All_SRAM/PCB_All_SRAM.gen/sources_1/bd/PCB_All_SRAM/ip/PCB_All_SRAM_HK_formatter_0_0/PCB_All_SRAM_HK_formatter_0_0.dcp' for cell 'PCB_All_SRAM_i/HK_formatter_0'
INFO: [Project 1-454] Reading design checkpoint 'c:/GitHub/GLITCH-Software/FPGA/PCB/PCB_All_SRAM/PCB_All_SRAM.gen/sources_1/bd/PCB_All_SRAM/ip/PCB_All_SRAM_HTR_CALC_0_0/PCB_All_SRAM_HTR_CALC_0_0.dcp' for cell 'PCB_All_SRAM_i/HTR_CALC_0'
INFO: [Project 1-454] Reading design checkpoint 'c:/GitHub/GLITCH-Software/FPGA/PCB/PCB_All_SRAM/PCB_All_SRAM.gen/sources_1/bd/PCB_All_SRAM/ip/PCB_All_SRAM_HTR_ROUTER_0_0/PCB_All_SRAM_HTR_ROUTER_0_0.dcp' for cell 'PCB_All_SRAM_i/HTR_ROUTER_0'
INFO: [Project 1-454] Reading design checkpoint 'c:/GitHub/GLITCH-Software/FPGA/PCB/PCB_All_SRAM/PCB_All_SRAM.gen/sources_1/bd/PCB_All_SRAM/ip/PCB_All_SRAM_HTR_controller_new_0_0/PCB_All_SRAM_HTR_controller_new_0_0.dcp' for cell 'PCB_All_SRAM_i/HTR_controller_new_0'
INFO: [Project 1-454] Reading design checkpoint 'c:/GitHub/GLITCH-Software/FPGA/PCB/PCB_All_SRAM/PCB_All_SRAM.gen/sources_1/bd/PCB_All_SRAM/ip/PCB_All_SRAM_HTR_controller_new_1_0/PCB_All_SRAM_HTR_controller_new_1_0.dcp' for cell 'PCB_All_SRAM_i/HTR_controller_new_1'
INFO: [Project 1-454] Reading design checkpoint 'c:/GitHub/GLITCH-Software/FPGA/PCB/PCB_All_SRAM/PCB_All_SRAM.gen/sources_1/bd/PCB_All_SRAM/ip/PCB_All_SRAM_I2C_HTR_ROUTER_0_0/PCB_All_SRAM_I2C_HTR_ROUTER_0_0.dcp' for cell 'PCB_All_SRAM_i/I2C_HTR_ROUTER_0'
INFO: [Project 1-454] Reading design checkpoint 'c:/GitHub/GLITCH-Software/FPGA/PCB/PCB_All_SRAM/PCB_All_SRAM.gen/sources_1/bd/PCB_All_SRAM/ip/PCB_All_SRAM_I2C_HTR_TEMP_0_0/PCB_All_SRAM_I2C_HTR_TEMP_0_0.dcp' for cell 'PCB_All_SRAM_i/I2C_HTR_TEMP_0'
INFO: [Project 1-454] Reading design checkpoint 'c:/GitHub/GLITCH-Software/FPGA/PCB/PCB_All_SRAM/PCB_All_SRAM.gen/sources_1/bd/PCB_All_SRAM/ip/PCB_All_SRAM_I2C_full_sensor_data_0_0/PCB_All_SRAM_I2C_full_sensor_data_0_0.dcp' for cell 'PCB_All_SRAM_i/I2C_full_sensor_data_0'
INFO: [Project 1-454] Reading design checkpoint 'c:/GitHub/GLITCH-Software/FPGA/PCB/PCB_All_SRAM/PCB_All_SRAM.gen/sources_1/bd/PCB_All_SRAM/ip/PCB_All_SRAM_I2Cmod_0_0/PCB_All_SRAM_I2Cmod_0_0.dcp' for cell 'PCB_All_SRAM_i/I2Cmod_0'
INFO: [Project 1-454] Reading design checkpoint 'c:/GitHub/GLITCH-Software/FPGA/PCB/PCB_All_SRAM/PCB_All_SRAM.gen/sources_1/bd/PCB_All_SRAM/ip/PCB_All_SRAM_Mode_control_0_0/PCB_All_SRAM_Mode_control_0_0.dcp' for cell 'PCB_All_SRAM_i/Mode_control_0'
INFO: [Project 1-454] Reading design checkpoint 'c:/GitHub/GLITCH-Software/FPGA/PCB/PCB_All_SRAM/PCB_All_SRAM.gen/sources_1/bd/PCB_All_SRAM/ip/PCB_All_SRAM_Pulse_Per_Second_100_0_0/PCB_All_SRAM_Pulse_Per_Second_100_0_0.dcp' for cell 'PCB_All_SRAM_i/Pulse_Per_Second_100_0'
INFO: [Project 1-454] Reading design checkpoint 'c:/GitHub/GLITCH-Software/FPGA/PCB/PCB_All_SRAM/PCB_All_SRAM.gen/sources_1/bd/PCB_All_SRAM/ip/PCB_All_SRAM_Pulse_WithDelay_Per_0_0/PCB_All_SRAM_Pulse_WithDelay_Per_0_0.dcp' for cell 'PCB_All_SRAM_i/Pulse_WithDelay_Per_0'
INFO: [Project 1-454] Reading design checkpoint 'c:/GitHub/GLITCH-Software/FPGA/PCB/PCB_All_SRAM/PCB_All_SRAM.gen/sources_1/bd/PCB_All_SRAM/ip/PCB_All_SRAM_RAD_formatter_0_0/PCB_All_SRAM_RAD_formatter_0_0.dcp' for cell 'PCB_All_SRAM_i/RAD_formatter_0'
INFO: [Project 1-454] Reading design checkpoint 'c:/GitHub/GLITCH-Software/FPGA/PCB/PCB_All_SRAM/PCB_All_SRAM.gen/sources_1/bd/PCB_All_SRAM/ip/PCB_All_SRAM_RESTART_mod_0_0/PCB_All_SRAM_RESTART_mod_0_0.dcp' for cell 'PCB_All_SRAM_i/RESTART_mod_0'
INFO: [Project 1-454] Reading design checkpoint 'c:/GitHub/GLITCH-Software/FPGA/PCB/PCB_All_SRAM/PCB_All_SRAM.gen/sources_1/bd/PCB_All_SRAM/ip/PCB_All_SRAM_RW_ROUTER_100MHZ_0_0/PCB_All_SRAM_RW_ROUTER_100MHZ_0_0.dcp' for cell 'PCB_All_SRAM_i/RW_ROUTER_100MHZ_0'
INFO: [Project 1-454] Reading design checkpoint 'c:/GitHub/GLITCH-Software/FPGA/PCB/PCB_All_SRAM/PCB_All_SRAM.gen/sources_1/bd/PCB_All_SRAM/ip/PCB_All_SRAM_RW_ROUTER_100MHZ_1_0/PCB_All_SRAM_RW_ROUTER_100MHZ_1_0.dcp' for cell 'PCB_All_SRAM_i/RW_ROUTER_100MHZ_1'
INFO: [Project 1-454] Reading design checkpoint 'c:/GitHub/GLITCH-Software/FPGA/PCB/PCB_All_SRAM/PCB_All_SRAM.gen/sources_1/bd/PCB_All_SRAM/ip/PCB_All_SRAM_Read_8SRAM_100MHZ_0_0/PCB_All_SRAM_Read_8SRAM_100MHZ_0_0.dcp' for cell 'PCB_All_SRAM_i/Read_8SRAM_100MHZ_0'
INFO: [Project 1-454] Reading design checkpoint 'c:/GitHub/GLITCH-Software/FPGA/PCB/PCB_All_SRAM/PCB_All_SRAM.gen/sources_1/bd/PCB_All_SRAM/ip/PCB_All_SRAM_Read_8SRAM_100MHZ_1_0/PCB_All_SRAM_Read_8SRAM_100MHZ_1_0.dcp' for cell 'PCB_All_SRAM_i/Read_8SRAM_100MHZ_1'
INFO: [Project 1-454] Reading design checkpoint 'c:/GitHub/GLITCH-Software/FPGA/PCB/PCB_All_SRAM/PCB_All_SRAM.gen/sources_1/bd/PCB_All_SRAM/ip/PCB_All_SRAM_SAY_HEY_switchmod_0_0/PCB_All_SRAM_SAY_HEY_switchmod_0_0.dcp' for cell 'PCB_All_SRAM_i/SAY_HEY_switchmod_0'
INFO: [Project 1-454] Reading design checkpoint 'c:/GitHub/GLITCH-Software/FPGA/PCB/PCB_All_SRAM/PCB_All_SRAM.gen/sources_1/bd/PCB_All_SRAM/ip/PCB_All_SRAM_SET_RTC_switchmod_0_0/PCB_All_SRAM_SET_RTC_switchmod_0_0.dcp' for cell 'PCB_All_SRAM_i/SET_RTC_switchmod_0'
INFO: [Project 1-454] Reading design checkpoint 'c:/GitHub/GLITCH-Software/FPGA/PCB/PCB_All_SRAM/PCB_All_SRAM.gen/sources_1/bd/PCB_All_SRAM/ip/PCB_All_SRAM_TC_distributor_0_0/PCB_All_SRAM_TC_distributor_0_0.dcp' for cell 'PCB_All_SRAM_i/TC_distributor_0'
INFO: [Project 1-454] Reading design checkpoint 'c:/GitHub/GLITCH-Software/FPGA/PCB/PCB_All_SRAM/PCB_All_SRAM.gen/sources_1/bd/PCB_All_SRAM/ip/PCB_All_SRAM_TM_packet_sender_0_0/PCB_All_SRAM_TM_packet_sender_0_0.dcp' for cell 'PCB_All_SRAM_i/TM_packet_sender_0'
INFO: [Project 1-454] Reading design checkpoint 'c:/GitHub/GLITCH-Software/FPGA/PCB/PCB_All_SRAM/PCB_All_SRAM.gen/sources_1/bd/PCB_All_SRAM/ip/PCB_All_SRAM_UART_RX_100MHZ_0_0/PCB_All_SRAM_UART_RX_100MHZ_0_0.dcp' for cell 'PCB_All_SRAM_i/UART_RX_100MHZ_0'
INFO: [Project 1-454] Reading design checkpoint 'c:/GitHub/GLITCH-Software/FPGA/PCB/PCB_All_SRAM/PCB_All_SRAM.gen/sources_1/bd/PCB_All_SRAM/ip/PCB_All_SRAM_UART_RX_100MHZ_1_0/PCB_All_SRAM_UART_RX_100MHZ_1_0.dcp' for cell 'PCB_All_SRAM_i/UART_RX_100MHZ_1'
INFO: [Project 1-454] Reading design checkpoint 'c:/GitHub/GLITCH-Software/FPGA/PCB/PCB_All_SRAM/PCB_All_SRAM.gen/sources_1/bd/PCB_All_SRAM/ip/PCB_All_SRAM_UART_RX_100MHZ_2_0/PCB_All_SRAM_UART_RX_100MHZ_2_0.dcp' for cell 'PCB_All_SRAM_i/UART_RX_100MHZ_2'
INFO: [Project 1-454] Reading design checkpoint 'c:/GitHub/GLITCH-Software/FPGA/PCB/PCB_All_SRAM/PCB_All_SRAM.gen/sources_1/bd/PCB_All_SRAM/ip/PCB_All_SRAM_UART_TX_100MHZ_0_0/PCB_All_SRAM_UART_TX_100MHZ_0_0.dcp' for cell 'PCB_All_SRAM_i/UART_TX_100MHZ_0'
INFO: [Project 1-454] Reading design checkpoint 'c:/GitHub/GLITCH-Software/FPGA/PCB/PCB_All_SRAM/PCB_All_SRAM.gen/sources_1/bd/PCB_All_SRAM/ip/PCB_All_SRAM_Write_8SRAM_100MHZ_0_0/PCB_All_SRAM_Write_8SRAM_100MHZ_0_0.dcp' for cell 'PCB_All_SRAM_i/Write_8SRAM_100MHZ_0'
INFO: [Project 1-454] Reading design checkpoint 'c:/GitHub/GLITCH-Software/FPGA/PCB/PCB_All_SRAM/PCB_All_SRAM.gen/sources_1/bd/PCB_All_SRAM/ip/PCB_All_SRAM_Write_8SRAM_100MHZ_1_0/PCB_All_SRAM_Write_8SRAM_100MHZ_1_0.dcp' for cell 'PCB_All_SRAM_i/Write_8SRAM_100MHZ_1'
Netlist sorting complete. Time (s): cpu = 00:00:00 ; elapsed = 00:00:00.257 . Memory (MB): peak = 724.848 ; gain = 0.461
INFO: [Netlist 29-17] Analyzing 937 Unisim elements for replacement
INFO: [Netlist 29-28] Unisim Transformation completed in 0 CPU seconds
INFO: [Project 1-479] Netlist was created with Vivado 2024.2
INFO: [Project 1-570] Preparing netlist for logic optimization
Parsing XDC File [C:/GitHub/GLITCH-Software/FPGA/PCB/PCB_All_SRAM/PCB_All_SRAM.srcs/constrs_1/new/Constraints.xdc]
WARNING: [Vivado 12-584] No ports matched 'ddr3_dq[0]'. [C:/GitHub/GLITCH-Software/FPGA/PCB/PCB_All_SRAM/PCB_All_SRAM.srcs/constrs_1/new/Constraints.xdc:18]
CRITICAL WARNING: [Common 17-55] 'set_property' expects at least one object. [C:/GitHub/GLITCH-Software/FPGA/PCB/PCB_All_SRAM/PCB_All_SRAM.srcs/constrs_1/new/Constraints.xdc:18]
Resolution: If [get_<value>] was used to populate the object, check to make sure this command returns at least one valid object.
WARNING: [Vivado 12-584] No ports matched 'ddr3_dq[0]'. [C:/GitHub/GLITCH-Software/FPGA/PCB/PCB_All_SRAM/PCB_All_SRAM.srcs/constrs_1/new/Constraints.xdc:19]
CRITICAL WARNING: [Common 17-55] 'set_property' expects at least one object. [C:/GitHub/GLITCH-Software/FPGA/PCB/PCB_All_SRAM/PCB_All_SRAM.srcs/constrs_1/new/Constraints.xdc:19]
Resolution: If [get_<value>] was used to populate the object, check to make sure this command returns at least one valid object.
WARNING: [Vivado 12-584] No ports matched 'ddr3_dq[0]'. [C:/GitHub/GLITCH-Software/FPGA/PCB/PCB_All_SRAM/PCB_All_SRAM.srcs/constrs_1/new/Constraints.xdc:20]
CRITICAL WARNING: [Common 17-55] 'set_property' expects at least one object. [C:/GitHub/GLITCH-Software/FPGA/PCB/PCB_All_SRAM/PCB_All_SRAM.srcs/constrs_1/new/Constraints.xdc:20]
Resolution: If [get_<value>] was used to populate the object, check to make sure this command returns at least one valid object.
WARNING: [Vivado 12-584] No ports matched 'ddr3_dq[0]'. [C:/GitHub/GLITCH-Software/FPGA/PCB/PCB_All_SRAM/PCB_All_SRAM.srcs/constrs_1/new/Constraints.xdc:21]
CRITICAL WARNING: [Common 17-55] 'set_property' expects at least one object. [C:/GitHub/GLITCH-Software/FPGA/PCB/PCB_All_SRAM/PCB_All_SRAM.srcs/constrs_1/new/Constraints.xdc:21]
Resolution: If [get_<value>] was used to populate the object, check to make sure this command returns at least one valid object.
WARNING: [Vivado 12-584] No ports matched 'ddr3_dq[1]'. [C:/GitHub/GLITCH-Software/FPGA/PCB/PCB_All_SRAM/PCB_All_SRAM.srcs/constrs_1/new/Constraints.xdc:24]
CRITICAL WARNING: [Common 17-55] 'set_property' expects at least one object. [C:/GitHub/GLITCH-Software/FPGA/PCB/PCB_All_SRAM/PCB_All_SRAM.srcs/constrs_1/new/Constraints.xdc:24]
Resolution: If [get_<value>] was used to populate the object, check to make sure this command returns at least one valid object.
WARNING: [Vivado 12-584] No ports matched 'ddr3_dq[1]'. [C:/GitHub/GLITCH-Software/FPGA/PCB/PCB_All_SRAM/PCB_All_SRAM.srcs/constrs_1/new/Constraints.xdc:25]
CRITICAL WARNING: [Common 17-55] 'set_property' expects at least one object. [C:/GitHub/GLITCH-Software/FPGA/PCB/PCB_All_SRAM/PCB_All_SRAM.srcs/constrs_1/new/Constraints.xdc:25]
Resolution: If [get_<value>] was used to populate the object, check to make sure this command returns at least one valid object.
WARNING: [Vivado 12-584] No ports matched 'ddr3_dq[1]'. [C:/GitHub/GLITCH-Software/FPGA/PCB/PCB_All_SRAM/PCB_All_SRAM.srcs/constrs_1/new/Constraints.xdc:26]
CRITICAL WARNING: [Common 17-55] 'set_property' expects at least one object. [C:/GitHub/GLITCH-Software/FPGA/PCB/PCB_All_SRAM/PCB_All_SRAM.srcs/constrs_1/new/Constraints.xdc:26]
Resolution: If [get_<value>] was used to populate the object, check to make sure this command returns at least one valid object.
WARNING: [Vivado 12-584] No ports matched 'ddr3_dq[1]'. [C:/GitHub/GLITCH-Software/FPGA/PCB/PCB_All_SRAM/PCB_All_SRAM.srcs/constrs_1/new/Constraints.xdc:27]
CRITICAL WARNING: [Common 17-55] 'set_property' expects at least one object. [C:/GitHub/GLITCH-Software/FPGA/PCB/PCB_All_SRAM/PCB_All_SRAM.srcs/constrs_1/new/Constraints.xdc:27]
Resolution: If [get_<value>] was used to populate the object, check to make sure this command returns at least one valid object.
WARNING: [Vivado 12-584] No ports matched 'ddr3_dq[2]'. [C:/GitHub/GLITCH-Software/FPGA/PCB/PCB_All_SRAM/PCB_All_SRAM.srcs/constrs_1/new/Constraints.xdc:30]
CRITICAL WARNING: [Common 17-55] 'set_property' expects at least one object. [C:/GitHub/GLITCH-Software/FPGA/PCB/PCB_All_SRAM/PCB_All_SRAM.srcs/constrs_1/new/Constraints.xdc:30]
Resolution: If [get_<value>] was used to populate the object, check to make sure this command returns at least one valid object.
WARNING: [Vivado 12-584] No ports matched 'ddr3_dq[2]'. [C:/GitHub/GLITCH-Software/FPGA/PCB/PCB_All_SRAM/PCB_All_SRAM.srcs/constrs_1/new/Constraints.xdc:31]
CRITICAL WARNING: [Common 17-55] 'set_property' expects at least one object. [C:/GitHub/GLITCH-Software/FPGA/PCB/PCB_All_SRAM/PCB_All_SRAM.srcs/constrs_1/new/Constraints.xdc:31]
Resolution: If [get_<value>] was used to populate the object, check to make sure this command returns at least one valid object.
WARNING: [Vivado 12-584] No ports matched 'ddr3_dq[2]'. [C:/GitHub/GLITCH-Software/FPGA/PCB/PCB_All_SRAM/PCB_All_SRAM.srcs/constrs_1/new/Constraints.xdc:32]
CRITICAL WARNING: [Common 17-55] 'set_property' expects at least one object. [C:/GitHub/GLITCH-Software/FPGA/PCB/PCB_All_SRAM/PCB_All_SRAM.srcs/constrs_1/new/Constraints.xdc:32]
Resolution: If [get_<value>] was used to populate the object, check to make sure this command returns at least one valid object.
WARNING: [Vivado 12-584] No ports matched 'ddr3_dq[2]'. [C:/GitHub/GLITCH-Software/FPGA/PCB/PCB_All_SRAM/PCB_All_SRAM.srcs/constrs_1/new/Constraints.xdc:33]
CRITICAL WARNING: [Common 17-55] 'set_property' expects at least one object. [C:/GitHub/GLITCH-Software/FPGA/PCB/PCB_All_SRAM/PCB_All_SRAM.srcs/constrs_1/new/Constraints.xdc:33]
Resolution: If [get_<value>] was used to populate the object, check to make sure this command returns at least one valid object.
WARNING: [Vivado 12-584] No ports matched 'ddr3_dq[3]'. [C:/GitHub/GLITCH-Software/FPGA/PCB/PCB_All_SRAM/PCB_All_SRAM.srcs/constrs_1/new/Constraints.xdc:36]
CRITICAL WARNING: [Common 17-55] 'set_property' expects at least one object. [C:/GitHub/GLITCH-Software/FPGA/PCB/PCB_All_SRAM/PCB_All_SRAM.srcs/constrs_1/new/Constraints.xdc:36]
Resolution: If [get_<value>] was used to populate the object, check to make sure this command returns at least one valid object.
WARNING: [Vivado 12-584] No ports matched 'ddr3_dq[3]'. [C:/GitHub/GLITCH-Software/FPGA/PCB/PCB_All_SRAM/PCB_All_SRAM.srcs/constrs_1/new/Constraints.xdc:37]
CRITICAL WARNING: [Common 17-55] 'set_property' expects at least one object. [C:/GitHub/GLITCH-Software/FPGA/PCB/PCB_All_SRAM/PCB_All_SRAM.srcs/constrs_1/new/Constraints.xdc:37]
Resolution: If [get_<value>] was used to populate the object, check to make sure this command returns at least one valid object.
WARNING: [Vivado 12-584] No ports matched 'ddr3_dq[3]'. [C:/GitHub/GLITCH-Software/FPGA/PCB/PCB_All_SRAM/PCB_All_SRAM.srcs/constrs_1/new/Constraints.xdc:38]
CRITICAL WARNING: [Common 17-55] 'set_property' expects at least one object. [C:/GitHub/GLITCH-Software/FPGA/PCB/PCB_All_SRAM/PCB_All_SRAM.srcs/constrs_1/new/Constraints.xdc:38]
Resolution: If [get_<value>] was used to populate the object, check to make sure this command returns at least one valid object.
WARNING: [Vivado 12-584] No ports matched 'ddr3_dq[3]'. [C:/GitHub/GLITCH-Software/FPGA/PCB/PCB_All_SRAM/PCB_All_SRAM.srcs/constrs_1/new/Constraints.xdc:39]
CRITICAL WARNING: [Common 17-55] 'set_property' expects at least one object. [C:/GitHub/GLITCH-Software/FPGA/PCB/PCB_All_SRAM/PCB_All_SRAM.srcs/constrs_1/new/Constraints.xdc:39]
Resolution: If [get_<value>] was used to populate the object, check to make sure this command returns at least one valid object.
WARNING: [Vivado 12-584] No ports matched 'ddr3_dq[4]'. [C:/GitHub/GLITCH-Software/FPGA/PCB/PCB_All_SRAM/PCB_All_SRAM.srcs/constrs_1/new/Constraints.xdc:42]
CRITICAL WARNING: [Common 17-55] 'set_property' expects at least one object. [C:/GitHub/GLITCH-Software/FPGA/PCB/PCB_All_SRAM/PCB_All_SRAM.srcs/constrs_1/new/Constraints.xdc:42]
Resolution: If [get_<value>] was used to populate the object, check to make sure this command returns at least one valid object.
WARNING: [Vivado 12-584] No ports matched 'ddr3_dq[4]'. [C:/GitHub/GLITCH-Software/FPGA/PCB/PCB_All_SRAM/PCB_All_SRAM.srcs/constrs_1/new/Constraints.xdc:43]
CRITICAL WARNING: [Common 17-55] 'set_property' expects at least one object. [C:/GitHub/GLITCH-Software/FPGA/PCB/PCB_All_SRAM/PCB_All_SRAM.srcs/constrs_1/new/Constraints.xdc:43]
Resolution: If [get_<value>] was used to populate the object, check to make sure this command returns at least one valid object.
WARNING: [Vivado 12-584] No ports matched 'ddr3_dq[4]'. [C:/GitHub/GLITCH-Software/FPGA/PCB/PCB_All_SRAM/PCB_All_SRAM.srcs/constrs_1/new/Constraints.xdc:44]
CRITICAL WARNING: [Common 17-55] 'set_property' expects at least one object. [C:/GitHub/GLITCH-Software/FPGA/PCB/PCB_All_SRAM/PCB_All_SRAM.srcs/constrs_1/new/Constraints.xdc:44]
Resolution: If [get_<value>] was used to populate the object, check to make sure this command returns at least one valid object.
WARNING: [Vivado 12-584] No ports matched 'ddr3_dq[4]'. [C:/GitHub/GLITCH-Software/FPGA/PCB/PCB_All_SRAM/PCB_All_SRAM.srcs/constrs_1/new/Constraints.xdc:45]
CRITICAL WARNING: [Common 17-55] 'set_property' expects at least one object. [C:/GitHub/GLITCH-Software/FPGA/PCB/PCB_All_SRAM/PCB_All_SRAM.srcs/constrs_1/new/Constraints.xdc:45]
Resolution: If [get_<value>] was used to populate the object, check to make sure this command returns at least one valid object.
WARNING: [Vivado 12-584] No ports matched 'ddr3_dq[5]'. [C:/GitHub/GLITCH-Software/FPGA/PCB/PCB_All_SRAM/PCB_All_SRAM.srcs/constrs_1/new/Constraints.xdc:48]
CRITICAL WARNING: [Common 17-55] 'set_property' expects at least one object. [C:/GitHub/GLITCH-Software/FPGA/PCB/PCB_All_SRAM/PCB_All_SRAM.srcs/constrs_1/new/Constraints.xdc:48]
Resolution: If [get_<value>] was used to populate the object, check to make sure this command returns at least one valid object.
WARNING: [Vivado 12-584] No ports matched 'ddr3_dq[5]'. [C:/GitHub/GLITCH-Software/FPGA/PCB/PCB_All_SRAM/PCB_All_SRAM.srcs/constrs_1/new/Constraints.xdc:49]
CRITICAL WARNING: [Common 17-55] 'set_property' expects at least one object. [C:/GitHub/GLITCH-Software/FPGA/PCB/PCB_All_SRAM/PCB_All_SRAM.srcs/constrs_1/new/Constraints.xdc:49]
Resolution: If [get_<value>] was used to populate the object, check to make sure this command returns at least one valid object.
WARNING: [Vivado 12-584] No ports matched 'ddr3_dq[5]'. [C:/GitHub/GLITCH-Software/FPGA/PCB/PCB_All_SRAM/PCB_All_SRAM.srcs/constrs_1/new/Constraints.xdc:50]
CRITICAL WARNING: [Common 17-55] 'set_property' expects at least one object. [C:/GitHub/GLITCH-Software/FPGA/PCB/PCB_All_SRAM/PCB_All_SRAM.srcs/constrs_1/new/Constraints.xdc:50]
Resolution: If [get_<value>] was used to populate the object, check to make sure this command returns at least one valid object.
WARNING: [Vivado 12-584] No ports matched 'ddr3_dq[5]'. [C:/GitHub/GLITCH-Software/FPGA/PCB/PCB_All_SRAM/PCB_All_SRAM.srcs/constrs_1/new/Constraints.xdc:51]
CRITICAL WARNING: [Common 17-55] 'set_property' expects at least one object. [C:/GitHub/GLITCH-Software/FPGA/PCB/PCB_All_SRAM/PCB_All_SRAM.srcs/constrs_1/new/Constraints.xdc:51]
Resolution: If [get_<value>] was used to populate the object, check to make sure this command returns at least one valid object.
WARNING: [Vivado 12-584] No ports matched 'ddr3_dq[6]'. [C:/GitHub/GLITCH-Software/FPGA/PCB/PCB_All_SRAM/PCB_All_SRAM.srcs/constrs_1/new/Constraints.xdc:54]
CRITICAL WARNING: [Common 17-55] 'set_property' expects at least one object. [C:/GitHub/GLITCH-Software/FPGA/PCB/PCB_All_SRAM/PCB_All_SRAM.srcs/constrs_1/new/Constraints.xdc:54]
Resolution: If [get_<value>] was used to populate the object, check to make sure this command returns at least one valid object.
WARNING: [Vivado 12-584] No ports matched 'ddr3_dq[6]'. [C:/GitHub/GLITCH-Software/FPGA/PCB/PCB_All_SRAM/PCB_All_SRAM.srcs/constrs_1/new/Constraints.xdc:55]
CRITICAL WARNING: [Common 17-55] 'set_property' expects at least one object. [C:/GitHub/GLITCH-Software/FPGA/PCB/PCB_All_SRAM/PCB_All_SRAM.srcs/constrs_1/new/Constraints.xdc:55]
Resolution: If [get_<value>] was used to populate the object, check to make sure this command returns at least one valid object.
WARNING: [Vivado 12-584] No ports matched 'ddr3_dq[6]'. [C:/GitHub/GLITCH-Software/FPGA/PCB/PCB_All_SRAM/PCB_All_SRAM.srcs/constrs_1/new/Constraints.xdc:56]
CRITICAL WARNING: [Common 17-55] 'set_property' expects at least one object. [C:/GitHub/GLITCH-Software/FPGA/PCB/PCB_All_SRAM/PCB_All_SRAM.srcs/constrs_1/new/Constraints.xdc:56]
Resolution: If [get_<value>] was used to populate the object, check to make sure this command returns at least one valid object.
WARNING: [Vivado 12-584] No ports matched 'ddr3_dq[6]'. [C:/GitHub/GLITCH-Software/FPGA/PCB/PCB_All_SRAM/PCB_All_SRAM.srcs/constrs_1/new/Constraints.xdc:57]
CRITICAL WARNING: [Common 17-55] 'set_property' expects at least one object. [C:/GitHub/GLITCH-Software/FPGA/PCB/PCB_All_SRAM/PCB_All_SRAM.srcs/constrs_1/new/Constraints.xdc:57]
Resolution: If [get_<value>] was used to populate the object, check to make sure this command returns at least one valid object.
WARNING: [Vivado 12-584] No ports matched 'ddr3_dq[7]'. [C:/GitHub/GLITCH-Software/FPGA/PCB/PCB_All_SRAM/PCB_All_SRAM.srcs/constrs_1/new/Constraints.xdc:60]
CRITICAL WARNING: [Common 17-55] 'set_property' expects at least one object. [C:/GitHub/GLITCH-Software/FPGA/PCB/PCB_All_SRAM/PCB_All_SRAM.srcs/constrs_1/new/Constraints.xdc:60]
Resolution: If [get_<value>] was used to populate the object, check to make sure this command returns at least one valid object.
WARNING: [Vivado 12-584] No ports matched 'ddr3_dq[7]'. [C:/GitHub/GLITCH-Software/FPGA/PCB/PCB_All_SRAM/PCB_All_SRAM.srcs/constrs_1/new/Constraints.xdc:61]
CRITICAL WARNING: [Common 17-55] 'set_property' expects at least one object. [C:/GitHub/GLITCH-Software/FPGA/PCB/PCB_All_SRAM/PCB_All_SRAM.srcs/constrs_1/new/Constraints.xdc:61]
Resolution: If [get_<value>] was used to populate the object, check to make sure this command returns at least one valid object.
WARNING: [Vivado 12-584] No ports matched 'ddr3_dq[7]'. [C:/GitHub/GLITCH-Software/FPGA/PCB/PCB_All_SRAM/PCB_All_SRAM.srcs/constrs_1/new/Constraints.xdc:62]
CRITICAL WARNING: [Common 17-55] 'set_property' expects at least one object. [C:/GitHub/GLITCH-Software/FPGA/PCB/PCB_All_SRAM/PCB_All_SRAM.srcs/constrs_1/new/Constraints.xdc:62]
Resolution: If [get_<value>] was used to populate the object, check to make sure this command returns at least one valid object.
WARNING: [Vivado 12-584] No ports matched 'ddr3_dq[7]'. [C:/GitHub/GLITCH-Software/FPGA/PCB/PCB_All_SRAM/PCB_All_SRAM.srcs/constrs_1/new/Constraints.xdc:63]
CRITICAL WARNING: [Common 17-55] 'set_property' expects at least one object. [C:/GitHub/GLITCH-Software/FPGA/PCB/PCB_All_SRAM/PCB_All_SRAM.srcs/constrs_1/new/Constraints.xdc:63]
Resolution: If [get_<value>] was used to populate the object, check to make sure this command returns at least one valid object.
WARNING: [Vivado 12-584] No ports matched 'ddr3_dq[8]'. [C:/GitHub/GLITCH-Software/FPGA/PCB/PCB_All_SRAM/PCB_All_SRAM.srcs/constrs_1/new/Constraints.xdc:66]
CRITICAL WARNING: [Common 17-55] 'set_property' expects at least one object. [C:/GitHub/GLITCH-Software/FPGA/PCB/PCB_All_SRAM/PCB_All_SRAM.srcs/constrs_1/new/Constraints.xdc:66]
Resolution: If [get_<value>] was used to populate the object, check to make sure this command returns at least one valid object.
WARNING: [Vivado 12-584] No ports matched 'ddr3_dq[8]'. [C:/GitHub/GLITCH-Software/FPGA/PCB/PCB_All_SRAM/PCB_All_SRAM.srcs/constrs_1/new/Constraints.xdc:67]
CRITICAL WARNING: [Common 17-55] 'set_property' expects at least one object. [C:/GitHub/GLITCH-Software/FPGA/PCB/PCB_All_SRAM/PCB_All_SRAM.srcs/constrs_1/new/Constraints.xdc:67]
Resolution: If [get_<value>] was used to populate the object, check to make sure this command returns at least one valid object.
WARNING: [Vivado 12-584] No ports matched 'ddr3_dq[8]'. [C:/GitHub/GLITCH-Software/FPGA/PCB/PCB_All_SRAM/PCB_All_SRAM.srcs/constrs_1/new/Constraints.xdc:68]
CRITICAL WARNING: [Common 17-55] 'set_property' expects at least one object. [C:/GitHub/GLITCH-Software/FPGA/PCB/PCB_All_SRAM/PCB_All_SRAM.srcs/constrs_1/new/Constraints.xdc:68]
Resolution: If [get_<value>] was used to populate the object, check to make sure this command returns at least one valid object.
WARNING: [Vivado 12-584] No ports matched 'ddr3_dq[8]'. [C:/GitHub/GLITCH-Software/FPGA/PCB/PCB_All_SRAM/PCB_All_SRAM.srcs/constrs_1/new/Constraints.xdc:69]
CRITICAL WARNING: [Common 17-55] 'set_property' expects at least one object. [C:/GitHub/GLITCH-Software/FPGA/PCB/PCB_All_SRAM/PCB_All_SRAM.srcs/constrs_1/new/Constraints.xdc:69]
Resolution: If [get_<value>] was used to populate the object, check to make sure this command returns at least one valid object.
WARNING: [Vivado 12-584] No ports matched 'ddr3_dq[9]'. [C:/GitHub/GLITCH-Software/FPGA/PCB/PCB_All_SRAM/PCB_All_SRAM.srcs/constrs_1/new/Constraints.xdc:72]
CRITICAL WARNING: [Common 17-55] 'set_property' expects at least one object. [C:/GitHub/GLITCH-Software/FPGA/PCB/PCB_All_SRAM/PCB_All_SRAM.srcs/constrs_1/new/Constraints.xdc:72]
Resolution: If [get_<value>] was used to populate the object, check to make sure this command returns at least one valid object.
WARNING: [Vivado 12-584] No ports matched 'ddr3_dq[9]'. [C:/GitHub/GLITCH-Software/FPGA/PCB/PCB_All_SRAM/PCB_All_SRAM.srcs/constrs_1/new/Constraints.xdc:73]
CRITICAL WARNING: [Common 17-55] 'set_property' expects at least one object. [C:/GitHub/GLITCH-Software/FPGA/PCB/PCB_All_SRAM/PCB_All_SRAM.srcs/constrs_1/new/Constraints.xdc:73]
Resolution: If [get_<value>] was used to populate the object, check to make sure this command returns at least one valid object.
WARNING: [Vivado 12-584] No ports matched 'ddr3_dq[9]'. [C:/GitHub/GLITCH-Software/FPGA/PCB/PCB_All_SRAM/PCB_All_SRAM.srcs/constrs_1/new/Constraints.xdc:74]
CRITICAL WARNING: [Common 17-55] 'set_property' expects at least one object. [C:/GitHub/GLITCH-Software/FPGA/PCB/PCB_All_SRAM/PCB_All_SRAM.srcs/constrs_1/new/Constraints.xdc:74]
Resolution: If [get_<value>] was used to populate the object, check to make sure this command returns at least one valid object.
WARNING: [Vivado 12-584] No ports matched 'ddr3_dq[9]'. [C:/GitHub/GLITCH-Software/FPGA/PCB/PCB_All_SRAM/PCB_All_SRAM.srcs/constrs_1/new/Constraints.xdc:75]
CRITICAL WARNING: [Common 17-55] 'set_property' expects at least one object. [C:/GitHub/GLITCH-Software/FPGA/PCB/PCB_All_SRAM/PCB_All_SRAM.srcs/constrs_1/new/Constraints.xdc:75]
Resolution: If [get_<value>] was used to populate the object, check to make sure this command returns at least one valid object.
WARNING: [Vivado 12-584] No ports matched 'ddr3_dq[10]'. [C:/GitHub/GLITCH-Software/FPGA/PCB/PCB_All_SRAM/PCB_All_SRAM.srcs/constrs_1/new/Constraints.xdc:78]
CRITICAL WARNING: [Common 17-55] 'set_property' expects at least one object. [C:/GitHub/GLITCH-Software/FPGA/PCB/PCB_All_SRAM/PCB_All_SRAM.srcs/constrs_1/new/Constraints.xdc:78]
Resolution: If [get_<value>] was used to populate the object, check to make sure this command returns at least one valid object.
WARNING: [Vivado 12-584] No ports matched 'ddr3_dq[10]'. [C:/GitHub/GLITCH-Software/FPGA/PCB/PCB_All_SRAM/PCB_All_SRAM.srcs/constrs_1/new/Constraints.xdc:79]
CRITICAL WARNING: [Common 17-55] 'set_property' expects at least one object. [C:/GitHub/GLITCH-Software/FPGA/PCB/PCB_All_SRAM/PCB_All_SRAM.srcs/constrs_1/new/Constraints.xdc:79]
Resolution: If [get_<value>] was used to populate the object, check to make sure this command returns at least one valid object.
WARNING: [Vivado 12-584] No ports matched 'ddr3_dq[10]'. [C:/GitHub/GLITCH-Software/FPGA/PCB/PCB_All_SRAM/PCB_All_SRAM.srcs/constrs_1/new/Constraints.xdc:80]
CRITICAL WARNING: [Common 17-55] 'set_property' expects at least one object. [C:/GitHub/GLITCH-Software/FPGA/PCB/PCB_All_SRAM/PCB_All_SRAM.srcs/constrs_1/new/Constraints.xdc:80]
Resolution: If [get_<value>] was used to populate the object, check to make sure this command returns at least one valid object.
WARNING: [Vivado 12-584] No ports matched 'ddr3_dq[10]'. [C:/GitHub/GLITCH-Software/FPGA/PCB/PCB_All_SRAM/PCB_All_SRAM.srcs/constrs_1/new/Constraints.xdc:81]
CRITICAL WARNING: [Common 17-55] 'set_property' expects at least one object. [C:/GitHub/GLITCH-Software/FPGA/PCB/PCB_All_SRAM/PCB_All_SRAM.srcs/constrs_1/new/Constraints.xdc:81]
Resolution: If [get_<value>] was used to populate the object, check to make sure this command returns at least one valid object.
WARNING: [Vivado 12-584] No ports matched 'ddr3_dq[11]'. [C:/GitHub/GLITCH-Software/FPGA/PCB/PCB_All_SRAM/PCB_All_SRAM.srcs/constrs_1/new/Constraints.xdc:84]
CRITICAL WARNING: [Common 17-55] 'set_property' expects at least one object. [C:/GitHub/GLITCH-Software/FPGA/PCB/PCB_All_SRAM/PCB_All_SRAM.srcs/constrs_1/new/Constraints.xdc:84]
Resolution: If [get_<value>] was used to populate the object, check to make sure this command returns at least one valid object.
WARNING: [Vivado 12-584] No ports matched 'ddr3_dq[11]'. [C:/GitHub/GLITCH-Software/FPGA/PCB/PCB_All_SRAM/PCB_All_SRAM.srcs/constrs_1/new/Constraints.xdc:85]
CRITICAL WARNING: [Common 17-55] 'set_property' expects at least one object. [C:/GitHub/GLITCH-Software/FPGA/PCB/PCB_All_SRAM/PCB_All_SRAM.srcs/constrs_1/new/Constraints.xdc:85]
Resolution: If [get_<value>] was used to populate the object, check to make sure this command returns at least one valid object.
WARNING: [Vivado 12-584] No ports matched 'ddr3_dq[11]'. [C:/GitHub/GLITCH-Software/FPGA/PCB/PCB_All_SRAM/PCB_All_SRAM.srcs/constrs_1/new/Constraints.xdc:86]
CRITICAL WARNING: [Common 17-55] 'set_property' expects at least one object. [C:/GitHub/GLITCH-Software/FPGA/PCB/PCB_All_SRAM/PCB_All_SRAM.srcs/constrs_1/new/Constraints.xdc:86]
Resolution: If [get_<value>] was used to populate the object, check to make sure this command returns at least one valid object.
WARNING: [Vivado 12-584] No ports matched 'ddr3_dq[11]'. [C:/GitHub/GLITCH-Software/FPGA/PCB/PCB_All_SRAM/PCB_All_SRAM.srcs/constrs_1/new/Constraints.xdc:87]
CRITICAL WARNING: [Common 17-55] 'set_property' expects at least one object. [C:/GitHub/GLITCH-Software/FPGA/PCB/PCB_All_SRAM/PCB_All_SRAM.srcs/constrs_1/new/Constraints.xdc:87]
Resolution: If [get_<value>] was used to populate the object, check to make sure this command returns at least one valid object.
WARNING: [Vivado 12-584] No ports matched 'ddr3_dq[12]'. [C:/GitHub/GLITCH-Software/FPGA/PCB/PCB_All_SRAM/PCB_All_SRAM.srcs/constrs_1/new/Constraints.xdc:90]
CRITICAL WARNING: [Common 17-55] 'set_property' expects at least one object. [C:/GitHub/GLITCH-Software/FPGA/PCB/PCB_All_SRAM/PCB_All_SRAM.srcs/constrs_1/new/Constraints.xdc:90]
Resolution: If [get_<value>] was used to populate the object, check to make sure this command returns at least one valid object.
WARNING: [Vivado 12-584] No ports matched 'ddr3_dq[12]'. [C:/GitHub/GLITCH-Software/FPGA/PCB/PCB_All_SRAM/PCB_All_SRAM.srcs/constrs_1/new/Constraints.xdc:91]
CRITICAL WARNING: [Common 17-55] 'set_property' expects at least one object. [C:/GitHub/GLITCH-Software/FPGA/PCB/PCB_All_SRAM/PCB_All_SRAM.srcs/constrs_1/new/Constraints.xdc:91]
Resolution: If [get_<value>] was used to populate the object, check to make sure this command returns at least one valid object.
WARNING: [Vivado 12-584] No ports matched 'ddr3_dq[12]'. [C:/GitHub/GLITCH-Software/FPGA/PCB/PCB_All_SRAM/PCB_All_SRAM.srcs/constrs_1/new/Constraints.xdc:92]
CRITICAL WARNING: [Common 17-55] 'set_property' expects at least one object. [C:/GitHub/GLITCH-Software/FPGA/PCB/PCB_All_SRAM/PCB_All_SRAM.srcs/constrs_1/new/Constraints.xdc:92]
Resolution: If [get_<value>] was used to populate the object, check to make sure this command returns at least one valid object.
WARNING: [Vivado 12-584] No ports matched 'ddr3_dq[12]'. [C:/GitHub/GLITCH-Software/FPGA/PCB/PCB_All_SRAM/PCB_All_SRAM.srcs/constrs_1/new/Constraints.xdc:93]
CRITICAL WARNING: [Common 17-55] 'set_property' expects at least one object. [C:/GitHub/GLITCH-Software/FPGA/PCB/PCB_All_SRAM/PCB_All_SRAM.srcs/constrs_1/new/Constraints.xdc:93]
Resolution: If [get_<value>] was used to populate the object, check to make sure this command returns at least one valid object.
WARNING: [Vivado 12-584] No ports matched 'ddr3_dq[13]'. [C:/GitHub/GLITCH-Software/FPGA/PCB/PCB_All_SRAM/PCB_All_SRAM.srcs/constrs_1/new/Constraints.xdc:96]
CRITICAL WARNING: [Common 17-55] 'set_property' expects at least one object. [C:/GitHub/GLITCH-Software/FPGA/PCB/PCB_All_SRAM/PCB_All_SRAM.srcs/constrs_1/new/Constraints.xdc:96]
Resolution: If [get_<value>] was used to populate the object, check to make sure this command returns at least one valid object.
WARNING: [Vivado 12-584] No ports matched 'ddr3_dq[13]'. [C:/GitHub/GLITCH-Software/FPGA/PCB/PCB_All_SRAM/PCB_All_SRAM.srcs/constrs_1/new/Constraints.xdc:97]
CRITICAL WARNING: [Common 17-55] 'set_property' expects at least one object. [C:/GitHub/GLITCH-Software/FPGA/PCB/PCB_All_SRAM/PCB_All_SRAM.srcs/constrs_1/new/Constraints.xdc:97]
Resolution: If [get_<value>] was used to populate the object, check to make sure this command returns at least one valid object.
WARNING: [Vivado 12-584] No ports matched 'ddr3_dq[13]'. [C:/GitHub/GLITCH-Software/FPGA/PCB/PCB_All_SRAM/PCB_All_SRAM.srcs/constrs_1/new/Constraints.xdc:98]
CRITICAL WARNING: [Common 17-55] 'set_property' expects at least one object. [C:/GitHub/GLITCH-Software/FPGA/PCB/PCB_All_SRAM/PCB_All_SRAM.srcs/constrs_1/new/Constraints.xdc:98]
Resolution: If [get_<value>] was used to populate the object, check to make sure this command returns at least one valid object.
WARNING: [Vivado 12-584] No ports matched 'ddr3_dq[13]'. [C:/GitHub/GLITCH-Software/FPGA/PCB/PCB_All_SRAM/PCB_All_SRAM.srcs/constrs_1/new/Constraints.xdc:99]
CRITICAL WARNING: [Common 17-55] 'set_property' expects at least one object. [C:/GitHub/GLITCH-Software/FPGA/PCB/PCB_All_SRAM/PCB_All_SRAM.srcs/constrs_1/new/Constraints.xdc:99]
Resolution: If [get_<value>] was used to populate the object, check to make sure this command returns at least one valid object.
WARNING: [Vivado 12-584] No ports matched 'ddr3_dq[14]'. [C:/GitHub/GLITCH-Software/FPGA/PCB/PCB_All_SRAM/PCB_All_SRAM.srcs/constrs_1/new/Constraints.xdc:102]
CRITICAL WARNING: [Common 17-55] 'set_property' expects at least one object. [C:/GitHub/GLITCH-Software/FPGA/PCB/PCB_All_SRAM/PCB_All_SRAM.srcs/constrs_1/new/Constraints.xdc:102]
Resolution: If [get_<value>] was used to populate the object, check to make sure this command returns at least one valid object.
WARNING: [Vivado 12-584] No ports matched 'ddr3_dq[14]'. [C:/GitHub/GLITCH-Software/FPGA/PCB/PCB_All_SRAM/PCB_All_SRAM.srcs/constrs_1/new/Constraints.xdc:103]
CRITICAL WARNING: [Common 17-55] 'set_property' expects at least one object. [C:/GitHub/GLITCH-Software/FPGA/PCB/PCB_All_SRAM/PCB_All_SRAM.srcs/constrs_1/new/Constraints.xdc:103]
Resolution: If [get_<value>] was used to populate the object, check to make sure this command returns at least one valid object.
WARNING: [Vivado 12-584] No ports matched 'ddr3_dq[14]'. [C:/GitHub/GLITCH-Software/FPGA/PCB/PCB_All_SRAM/PCB_All_SRAM.srcs/constrs_1/new/Constraints.xdc:104]
CRITICAL WARNING: [Common 17-55] 'set_property' expects at least one object. [C:/GitHub/GLITCH-Software/FPGA/PCB/PCB_All_SRAM/PCB_All_SRAM.srcs/constrs_1/new/Constraints.xdc:104]
Resolution: If [get_<value>] was used to populate the object, check to make sure this command returns at least one valid object.
WARNING: [Vivado 12-584] No ports matched 'ddr3_dq[14]'. [C:/GitHub/GLITCH-Software/FPGA/PCB/PCB_All_SRAM/PCB_All_SRAM.srcs/constrs_1/new/Constraints.xdc:105]
CRITICAL WARNING: [Common 17-55] 'set_property' expects at least one object. [C:/GitHub/GLITCH-Software/FPGA/PCB/PCB_All_SRAM/PCB_All_SRAM.srcs/constrs_1/new/Constraints.xdc:105]
Resolution: If [get_<value>] was used to populate the object, check to make sure this command returns at least one valid object.
WARNING: [Vivado 12-584] No ports matched 'ddr3_dq[15]'. [C:/GitHub/GLITCH-Software/FPGA/PCB/PCB_All_SRAM/PCB_All_SRAM.srcs/constrs_1/new/Constraints.xdc:108]
CRITICAL WARNING: [Common 17-55] 'set_property' expects at least one object. [C:/GitHub/GLITCH-Software/FPGA/PCB/PCB_All_SRAM/PCB_All_SRAM.srcs/constrs_1/new/Constraints.xdc:108]
Resolution: If [get_<value>] was used to populate the object, check to make sure this command returns at least one valid object.
WARNING: [Vivado 12-584] No ports matched 'ddr3_dq[15]'. [C:/GitHub/GLITCH-Software/FPGA/PCB/PCB_All_SRAM/PCB_All_SRAM.srcs/constrs_1/new/Constraints.xdc:109]
CRITICAL WARNING: [Common 17-55] 'set_property' expects at least one object. [C:/GitHub/GLITCH-Software/FPGA/PCB/PCB_All_SRAM/PCB_All_SRAM.srcs/constrs_1/new/Constraints.xdc:109]
Resolution: If [get_<value>] was used to populate the object, check to make sure this command returns at least one valid object.
WARNING: [Vivado 12-584] No ports matched 'ddr3_dq[15]'. [C:/GitHub/GLITCH-Software/FPGA/PCB/PCB_All_SRAM/PCB_All_SRAM.srcs/constrs_1/new/Constraints.xdc:110]
CRITICAL WARNING: [Common 17-55] 'set_property' expects at least one object. [C:/GitHub/GLITCH-Software/FPGA/PCB/PCB_All_SRAM/PCB_All_SRAM.srcs/constrs_1/new/Constraints.xdc:110]
Resolution: If [get_<value>] was used to populate the object, check to make sure this command returns at least one valid object.
WARNING: [Vivado 12-584] No ports matched 'ddr3_dq[15]'. [C:/GitHub/GLITCH-Software/FPGA/PCB/PCB_All_SRAM/PCB_All_SRAM.srcs/constrs_1/new/Constraints.xdc:111]
CRITICAL WARNING: [Common 17-55] 'set_property' expects at least one object. [C:/GitHub/GLITCH-Software/FPGA/PCB/PCB_All_SRAM/PCB_All_SRAM.srcs/constrs_1/new/Constraints.xdc:111]
Resolution: If [get_<value>] was used to populate the object, check to make sure this command returns at least one valid object.
WARNING: [Vivado 12-584] No ports matched 'ddr3_addr[13]'. [C:/GitHub/GLITCH-Software/FPGA/PCB/PCB_All_SRAM/PCB_All_SRAM.srcs/constrs_1/new/Constraints.xdc:114]
CRITICAL WARNING: [Common 17-55] 'set_property' expects at least one object. [C:/GitHub/GLITCH-Software/FPGA/PCB/PCB_All_SRAM/PCB_All_SRAM.srcs/constrs_1/new/Constraints.xdc:114]
Resolution: If [get_<value>] was used to populate the object, check to make sure this command returns at least one valid object.
WARNING: [Vivado 12-584] No ports matched 'ddr3_addr[13]'. [C:/GitHub/GLITCH-Software/FPGA/PCB/PCB_All_SRAM/PCB_All_SRAM.srcs/constrs_1/new/Constraints.xdc:115]
CRITICAL WARNING: [Common 17-55] 'set_property' expects at least one object. [C:/GitHub/GLITCH-Software/FPGA/PCB/PCB_All_SRAM/PCB_All_SRAM.srcs/constrs_1/new/Constraints.xdc:115]
Resolution: If [get_<value>] was used to populate the object, check to make sure this command returns at least one valid object.
WARNING: [Vivado 12-584] No ports matched 'ddr3_addr[13]'. [C:/GitHub/GLITCH-Software/FPGA/PCB/PCB_All_SRAM/PCB_All_SRAM.srcs/constrs_1/new/Constraints.xdc:116]
CRITICAL WARNING: [Common 17-55] 'set_property' expects at least one object. [C:/GitHub/GLITCH-Software/FPGA/PCB/PCB_All_SRAM/PCB_All_SRAM.srcs/constrs_1/new/Constraints.xdc:116]
Resolution: If [get_<value>] was used to populate the object, check to make sure this command returns at least one valid object.
WARNING: [Vivado 12-584] No ports matched 'ddr3_addr[12]'. [C:/GitHub/GLITCH-Software/FPGA/PCB/PCB_All_SRAM/PCB_All_SRAM.srcs/constrs_1/new/Constraints.xdc:119]
CRITICAL WARNING: [Common 17-55] 'set_property' expects at least one object. [C:/GitHub/GLITCH-Software/FPGA/PCB/PCB_All_SRAM/PCB_All_SRAM.srcs/constrs_1/new/Constraints.xdc:119]
Resolution: If [get_<value>] was used to populate the object, check to make sure this command returns at least one valid object.
WARNING: [Vivado 12-584] No ports matched 'ddr3_addr[12]'. [C:/GitHub/GLITCH-Software/FPGA/PCB/PCB_All_SRAM/PCB_All_SRAM.srcs/constrs_1/new/Constraints.xdc:120]
CRITICAL WARNING: [Common 17-55] 'set_property' expects at least one object. [C:/GitHub/GLITCH-Software/FPGA/PCB/PCB_All_SRAM/PCB_All_SRAM.srcs/constrs_1/new/Constraints.xdc:120]
Resolution: If [get_<value>] was used to populate the object, check to make sure this command returns at least one valid object.
WARNING: [Vivado 12-584] No ports matched 'ddr3_addr[12]'. [C:/GitHub/GLITCH-Software/FPGA/PCB/PCB_All_SRAM/PCB_All_SRAM.srcs/constrs_1/new/Constraints.xdc:121]
CRITICAL WARNING: [Common 17-55] 'set_property' expects at least one object. [C:/GitHub/GLITCH-Software/FPGA/PCB/PCB_All_SRAM/PCB_All_SRAM.srcs/constrs_1/new/Constraints.xdc:121]
Resolution: If [get_<value>] was used to populate the object, check to make sure this command returns at least one valid object.
WARNING: [Vivado 12-584] No ports matched 'ddr3_addr[11]'. [C:/GitHub/GLITCH-Software/FPGA/PCB/PCB_All_SRAM/PCB_All_SRAM.srcs/constrs_1/new/Constraints.xdc:124]
CRITICAL WARNING: [Common 17-55] 'set_property' expects at least one object. [C:/GitHub/GLITCH-Software/FPGA/PCB/PCB_All_SRAM/PCB_All_SRAM.srcs/constrs_1/new/Constraints.xdc:124]
Resolution: If [get_<value>] was used to populate the object, check to make sure this command returns at least one valid object.
WARNING: [Vivado 12-584] No ports matched 'ddr3_addr[11]'. [C:/GitHub/GLITCH-Software/FPGA/PCB/PCB_All_SRAM/PCB_All_SRAM.srcs/constrs_1/new/Constraints.xdc:125]
CRITICAL WARNING: [Common 17-55] 'set_property' expects at least one object. [C:/GitHub/GLITCH-Software/FPGA/PCB/PCB_All_SRAM/PCB_All_SRAM.srcs/constrs_1/new/Constraints.xdc:125]
Resolution: If [get_<value>] was used to populate the object, check to make sure this command returns at least one valid object.
WARNING: [Vivado 12-584] No ports matched 'ddr3_addr[11]'. [C:/GitHub/GLITCH-Software/FPGA/PCB/PCB_All_SRAM/PCB_All_SRAM.srcs/constrs_1/new/Constraints.xdc:126]
CRITICAL WARNING: [Common 17-55] 'set_property' expects at least one object. [C:/GitHub/GLITCH-Software/FPGA/PCB/PCB_All_SRAM/PCB_All_SRAM.srcs/constrs_1/new/Constraints.xdc:126]
Resolution: If [get_<value>] was used to populate the object, check to make sure this command returns at least one valid object.
WARNING: [Vivado 12-584] No ports matched 'ddr3_addr[10]'. [C:/GitHub/GLITCH-Software/FPGA/PCB/PCB_All_SRAM/PCB_All_SRAM.srcs/constrs_1/new/Constraints.xdc:129]
CRITICAL WARNING: [Common 17-55] 'set_property' expects at least one object. [C:/GitHub/GLITCH-Software/FPGA/PCB/PCB_All_SRAM/PCB_All_SRAM.srcs/constrs_1/new/Constraints.xdc:129]
Resolution: If [get_<value>] was used to populate the object, check to make sure this command returns at least one valid object.
WARNING: [Vivado 12-584] No ports matched 'ddr3_addr[10]'. [C:/GitHub/GLITCH-Software/FPGA/PCB/PCB_All_SRAM/PCB_All_SRAM.srcs/constrs_1/new/Constraints.xdc:130]
CRITICAL WARNING: [Common 17-55] 'set_property' expects at least one object. [C:/GitHub/GLITCH-Software/FPGA/PCB/PCB_All_SRAM/PCB_All_SRAM.srcs/constrs_1/new/Constraints.xdc:130]
Resolution: If [get_<value>] was used to populate the object, check to make sure this command returns at least one valid object.
WARNING: [Vivado 12-584] No ports matched 'ddr3_addr[10]'. [C:/GitHub/GLITCH-Software/FPGA/PCB/PCB_All_SRAM/PCB_All_SRAM.srcs/constrs_1/new/Constraints.xdc:131]
CRITICAL WARNING: [Common 17-55] 'set_property' expects at least one object. [C:/GitHub/GLITCH-Software/FPGA/PCB/PCB_All_SRAM/PCB_All_SRAM.srcs/constrs_1/new/Constraints.xdc:131]
Resolution: If [get_<value>] was used to populate the object, check to make sure this command returns at least one valid object.
WARNING: [Vivado 12-584] No ports matched 'ddr3_addr[9]'. [C:/GitHub/GLITCH-Software/FPGA/PCB/PCB_All_SRAM/PCB_All_SRAM.srcs/constrs_1/new/Constraints.xdc:134]
CRITICAL WARNING: [Common 17-55] 'set_property' expects at least one object. [C:/GitHub/GLITCH-Software/FPGA/PCB/PCB_All_SRAM/PCB_All_SRAM.srcs/constrs_1/new/Constraints.xdc:134]
Resolution: If [get_<value>] was used to populate the object, check to make sure this command returns at least one valid object.
WARNING: [Vivado 12-584] No ports matched 'ddr3_addr[9]'. [C:/GitHub/GLITCH-Software/FPGA/PCB/PCB_All_SRAM/PCB_All_SRAM.srcs/constrs_1/new/Constraints.xdc:135]
CRITICAL WARNING: [Common 17-55] 'set_property' expects at least one object. [C:/GitHub/GLITCH-Software/FPGA/PCB/PCB_All_SRAM/PCB_All_SRAM.srcs/constrs_1/new/Constraints.xdc:135]
Resolution: If [get_<value>] was used to populate the object, check to make sure this command returns at least one valid object.
WARNING: [Vivado 12-584] No ports matched 'ddr3_addr[9]'. [C:/GitHub/GLITCH-Software/FPGA/PCB/PCB_All_SRAM/PCB_All_SRAM.srcs/constrs_1/new/Constraints.xdc:136]
CRITICAL WARNING: [Common 17-55] 'set_property' expects at least one object. [C:/GitHub/GLITCH-Software/FPGA/PCB/PCB_All_SRAM/PCB_All_SRAM.srcs/constrs_1/new/Constraints.xdc:136]
Resolution: If [get_<value>] was used to populate the object, check to make sure this command returns at least one valid object.
WARNING: [Vivado 12-584] No ports matched 'ddr3_addr[8]'. [C:/GitHub/GLITCH-Software/FPGA/PCB/PCB_All_SRAM/PCB_All_SRAM.srcs/constrs_1/new/Constraints.xdc:139]
CRITICAL WARNING: [Common 17-55] 'set_property' expects at least one object. [C:/GitHub/GLITCH-Software/FPGA/PCB/PCB_All_SRAM/PCB_All_SRAM.srcs/constrs_1/new/Constraints.xdc:139]
Resolution: If [get_<value>] was used to populate the object, check to make sure this command returns at least one valid object.
WARNING: [Vivado 12-584] No ports matched 'ddr3_addr[8]'. [C:/GitHub/GLITCH-Software/FPGA/PCB/PCB_All_SRAM/PCB_All_SRAM.srcs/constrs_1/new/Constraints.xdc:140]
CRITICAL WARNING: [Common 17-55] 'set_property' expects at least one object. [C:/GitHub/GLITCH-Software/FPGA/PCB/PCB_All_SRAM/PCB_All_SRAM.srcs/constrs_1/new/Constraints.xdc:140]
Resolution: If [get_<value>] was used to populate the object, check to make sure this command returns at least one valid object.
WARNING: [Vivado 12-584] No ports matched 'ddr3_addr[8]'. [C:/GitHub/GLITCH-Software/FPGA/PCB/PCB_All_SRAM/PCB_All_SRAM.srcs/constrs_1/new/Constraints.xdc:141]
CRITICAL WARNING: [Common 17-55] 'set_property' expects at least one object. [C:/GitHub/GLITCH-Software/FPGA/PCB/PCB_All_SRAM/PCB_All_SRAM.srcs/constrs_1/new/Constraints.xdc:141]
Resolution: If [get_<value>] was used to populate the object, check to make sure this command returns at least one valid object.
WARNING: [Vivado 12-584] No ports matched 'ddr3_addr[7]'. [C:/GitHub/GLITCH-Software/FPGA/PCB/PCB_All_SRAM/PCB_All_SRAM.srcs/constrs_1/new/Constraints.xdc:144]
CRITICAL WARNING: [Common 17-55] 'set_property' expects at least one object. [C:/GitHub/GLITCH-Software/FPGA/PCB/PCB_All_SRAM/PCB_All_SRAM.srcs/constrs_1/new/Constraints.xdc:144]
Resolution: If [get_<value>] was used to populate the object, check to make sure this command returns at least one valid object.
WARNING: [Vivado 12-584] No ports matched 'ddr3_addr[7]'. [C:/GitHub/GLITCH-Software/FPGA/PCB/PCB_All_SRAM/PCB_All_SRAM.srcs/constrs_1/new/Constraints.xdc:145]
CRITICAL WARNING: [Common 17-55] 'set_property' expects at least one object. [C:/GitHub/GLITCH-Software/FPGA/PCB/PCB_All_SRAM/PCB_All_SRAM.srcs/constrs_1/new/Constraints.xdc:145]
Resolution: If [get_<value>] was used to populate the object, check to make sure this command returns at least one valid object.
WARNING: [Vivado 12-584] No ports matched 'ddr3_addr[7]'. [C:/GitHub/GLITCH-Software/FPGA/PCB/PCB_All_SRAM/PCB_All_SRAM.srcs/constrs_1/new/Constraints.xdc:146]
CRITICAL WARNING: [Common 17-55] 'set_property' expects at least one object. [C:/GitHub/GLITCH-Software/FPGA/PCB/PCB_All_SRAM/PCB_All_SRAM.srcs/constrs_1/new/Constraints.xdc:146]
Resolution: If [get_<value>] was used to populate the object, check to make sure this command returns at least one valid object.
WARNING: [Vivado 12-584] No ports matched 'ddr3_addr[6]'. [C:/GitHub/GLITCH-Software/FPGA/PCB/PCB_All_SRAM/PCB_All_SRAM.srcs/constrs_1/new/Constraints.xdc:149]
CRITICAL WARNING: [Common 17-55] 'set_property' expects at least one object. [C:/GitHub/GLITCH-Software/FPGA/PCB/PCB_All_SRAM/PCB_All_SRAM.srcs/constrs_1/new/Constraints.xdc:149]
Resolution: If [get_<value>] was used to populate the object, check to make sure this command returns at least one valid object.
WARNING: [Vivado 12-584] No ports matched 'ddr3_addr[6]'. [C:/GitHub/GLITCH-Software/FPGA/PCB/PCB_All_SRAM/PCB_All_SRAM.srcs/constrs_1/new/Constraints.xdc:150]
CRITICAL WARNING: [Common 17-55] 'set_property' expects at least one object. [C:/GitHub/GLITCH-Software/FPGA/PCB/PCB_All_SRAM/PCB_All_SRAM.srcs/constrs_1/new/Constraints.xdc:150]
Resolution: If [get_<value>] was used to populate the object, check to make sure this command returns at least one valid object.
WARNING: [Vivado 12-584] No ports matched 'ddr3_addr[6]'. [C:/GitHub/GLITCH-Software/FPGA/PCB/PCB_All_SRAM/PCB_All_SRAM.srcs/constrs_1/new/Constraints.xdc:151]
CRITICAL WARNING: [Common 17-55] 'set_property' expects at least one object. [C:/GitHub/GLITCH-Software/FPGA/PCB/PCB_All_SRAM/PCB_All_SRAM.srcs/constrs_1/new/Constraints.xdc:151]
Resolution: If [get_<value>] was used to populate the object, check to make sure this command returns at least one valid object.
WARNING: [Vivado 12-584] No ports matched 'ddr3_addr[5]'. [C:/GitHub/GLITCH-Software/FPGA/PCB/PCB_All_SRAM/PCB_All_SRAM.srcs/constrs_1/new/Constraints.xdc:154]
CRITICAL WARNING: [Common 17-55] 'set_property' expects at least one object. [C:/GitHub/GLITCH-Software/FPGA/PCB/PCB_All_SRAM/PCB_All_SRAM.srcs/constrs_1/new/Constraints.xdc:154]
Resolution: If [get_<value>] was used to populate the object, check to make sure this command returns at least one valid object.
WARNING: [Vivado 12-584] No ports matched 'ddr3_addr[5]'. [C:/GitHub/GLITCH-Software/FPGA/PCB/PCB_All_SRAM/PCB_All_SRAM.srcs/constrs_1/new/Constraints.xdc:155]
CRITICAL WARNING: [Common 17-55] 'set_property' expects at least one object. [C:/GitHub/GLITCH-Software/FPGA/PCB/PCB_All_SRAM/PCB_All_SRAM.srcs/constrs_1/new/Constraints.xdc:155]
Resolution: If [get_<value>] was used to populate the object, check to make sure this command returns at least one valid object.
WARNING: [Vivado 12-584] No ports matched 'ddr3_addr[5]'. [C:/GitHub/GLITCH-Software/FPGA/PCB/PCB_All_SRAM/PCB_All_SRAM.srcs/constrs_1/new/Constraints.xdc:156]
CRITICAL WARNING: [Common 17-55] 'set_property' expects at least one object. [C:/GitHub/GLITCH-Software/FPGA/PCB/PCB_All_SRAM/PCB_All_SRAM.srcs/constrs_1/new/Constraints.xdc:156]
Resolution: If [get_<value>] was used to populate the object, check to make sure this command returns at least one valid object.
WARNING: [Vivado 12-584] No ports matched 'ddr3_addr[4]'. [C:/GitHub/GLITCH-Software/FPGA/PCB/PCB_All_SRAM/PCB_All_SRAM.srcs/constrs_1/new/Constraints.xdc:159]
CRITICAL WARNING: [Common 17-55] 'set_property' expects at least one object. [C:/GitHub/GLITCH-Software/FPGA/PCB/PCB_All_SRAM/PCB_All_SRAM.srcs/constrs_1/new/Constraints.xdc:159]
Resolution: If [get_<value>] was used to populate the object, check to make sure this command returns at least one valid object.
WARNING: [Vivado 12-584] No ports matched 'ddr3_addr[4]'. [C:/GitHub/GLITCH-Software/FPGA/PCB/PCB_All_SRAM/PCB_All_SRAM.srcs/constrs_1/new/Constraints.xdc:160]
CRITICAL WARNING: [Common 17-55] 'set_property' expects at least one object. [C:/GitHub/GLITCH-Software/FPGA/PCB/PCB_All_SRAM/PCB_All_SRAM.srcs/constrs_1/new/Constraints.xdc:160]
Resolution: If [get_<value>] was used to populate the object, check to make sure this command returns at least one valid object.
WARNING: [Vivado 12-584] No ports matched 'ddr3_addr[4]'. [C:/GitHub/GLITCH-Software/FPGA/PCB/PCB_All_SRAM/PCB_All_SRAM.srcs/constrs_1/new/Constraints.xdc:161]
CRITICAL WARNING: [Common 17-55] 'set_property' expects at least one object. [C:/GitHub/GLITCH-Software/FPGA/PCB/PCB_All_SRAM/PCB_All_SRAM.srcs/constrs_1/new/Constraints.xdc:161]
Resolution: If [get_<value>] was used to populate the object, check to make sure this command returns at least one valid object.
WARNING: [Vivado 12-584] No ports matched 'ddr3_addr[3]'. [C:/GitHub/GLITCH-Software/FPGA/PCB/PCB_All_SRAM/PCB_All_SRAM.srcs/constrs_1/new/Constraints.xdc:164]
CRITICAL WARNING: [Common 17-55] 'set_property' expects at least one object. [C:/GitHub/GLITCH-Software/FPGA/PCB/PCB_All_SRAM/PCB_All_SRAM.srcs/constrs_1/new/Constraints.xdc:164]
Resolution: If [get_<value>] was used to populate the object, check to make sure this command returns at least one valid object.
WARNING: [Vivado 12-584] No ports matched 'ddr3_addr[3]'. [C:/GitHub/GLITCH-Software/FPGA/PCB/PCB_All_SRAM/PCB_All_SRAM.srcs/constrs_1/new/Constraints.xdc:165]
CRITICAL WARNING: [Common 17-55] 'set_property' expects at least one object. [C:/GitHub/GLITCH-Software/FPGA/PCB/PCB_All_SRAM/PCB_All_SRAM.srcs/constrs_1/new/Constraints.xdc:165]
Resolution: If [get_<value>] was used to populate the object, check to make sure this command returns at least one valid object.
WARNING: [Vivado 12-584] No ports matched 'ddr3_addr[3]'. [C:/GitHub/GLITCH-Software/FPGA/PCB/PCB_All_SRAM/PCB_All_SRAM.srcs/constrs_1/new/Constraints.xdc:166]
CRITICAL WARNING: [Common 17-55] 'set_property' expects at least one object. [C:/GitHub/GLITCH-Software/FPGA/PCB/PCB_All_SRAM/PCB_All_SRAM.srcs/constrs_1/new/Constraints.xdc:166]
Resolution: If [get_<value>] was used to populate the object, check to make sure this command returns at least one valid object.
WARNING: [Vivado 12-584] No ports matched 'ddr3_addr[2]'. [C:/GitHub/GLITCH-Software/FPGA/PCB/PCB_All_SRAM/PCB_All_SRAM.srcs/constrs_1/new/Constraints.xdc:169]
CRITICAL WARNING: [Common 17-55] 'set_property' expects at least one object. [C:/GitHub/GLITCH-Software/FPGA/PCB/PCB_All_SRAM/PCB_All_SRAM.srcs/constrs_1/new/Constraints.xdc:169]
Resolution: If [get_<value>] was used to populate the object, check to make sure this command returns at least one valid object.
WARNING: [Vivado 12-584] No ports matched 'ddr3_addr[2]'. [C:/GitHub/GLITCH-Software/FPGA/PCB/PCB_All_SRAM/PCB_All_SRAM.srcs/constrs_1/new/Constraints.xdc:170]
CRITICAL WARNING: [Common 17-55] 'set_property' expects at least one object. [C:/GitHub/GLITCH-Software/FPGA/PCB/PCB_All_SRAM/PCB_All_SRAM.srcs/constrs_1/new/Constraints.xdc:170]
Resolution: If [get_<value>] was used to populate the object, check to make sure this command returns at least one valid object.
WARNING: [Vivado 12-584] No ports matched 'ddr3_addr[2]'. [C:/GitHub/GLITCH-Software/FPGA/PCB/PCB_All_SRAM/PCB_All_SRAM.srcs/constrs_1/new/Constraints.xdc:171]
INFO: [Common 17-14] Message 'Vivado 12-584' appears 100 times and further instances of the messages will be disabled. Use the Tcl command set_msg_config to change the current settings. [C:/GitHub/GLITCH-Software/FPGA/PCB/PCB_All_SRAM/PCB_All_SRAM.srcs/constrs_1/new/Constraints.xdc:171]
CRITICAL WARNING: [Common 17-55] 'set_property' expects at least one object. [C:/GitHub/GLITCH-Software/FPGA/PCB/PCB_All_SRAM/PCB_All_SRAM.srcs/constrs_1/new/Constraints.xdc:171]
Resolution: If [get_<value>] was used to populate the object, check to make sure this command returns at least one valid object.
INFO: [Common 17-14] Message 'Common 17-55' appears 100 times and further instances of the messages will be disabled. Use the Tcl command set_msg_config to change the current settings. [C:/GitHub/GLITCH-Software/FPGA/PCB/PCB_All_SRAM/PCB_All_SRAM.srcs/constrs_1/new/Constraints.xdc:171]
WARNING: [Vivado 12-4702] SLEW is not a supported property on input port(s). Setting is ignored. [C:/GitHub/GLITCH-Software/FPGA/PCB/PCB_All_SRAM/PCB_All_SRAM.srcs/constrs_1/new/Constraints.xdc:339]
WARNING: [Vivado 12-4702] SLEW is not a supported property on input port(s). Setting is ignored. [C:/GitHub/GLITCH-Software/FPGA/PCB/PCB_All_SRAM/PCB_All_SRAM.srcs/constrs_1/new/Constraints.xdc:430]
WARNING: [Vivado 12-4702] SLEW is not a supported property on input port(s). Setting is ignored. [C:/GitHub/GLITCH-Software/FPGA/PCB/PCB_All_SRAM/PCB_All_SRAM.srcs/constrs_1/new/Constraints.xdc:430]
Finished Parsing XDC File [C:/GitHub/GLITCH-Software/FPGA/PCB/PCB_All_SRAM/PCB_All_SRAM.srcs/constrs_1/new/Constraints.xdc]
INFO: [Opt 31-138] Pushed 0 inverter(s) to 0 load pin(s).
Netlist sorting complete. Time (s): cpu = 00:00:00 ; elapsed = 00:00:00.010 . Memory (MB): peak = 899.711 ; gain = 0.000
INFO: [Project 1-111] Unisim Transformation Summary:
  A total of 34 instances were transformed.
  IOBUF => IOBUF (IBUF, OBUFT): 34 instances

44 Infos, 103 Warnings, 100 Critical Warnings and 0 Errors encountered.
link_design completed successfully
link_design: Time (s): cpu = 00:00:09 ; elapsed = 00:00:10 . Memory (MB): peak = 899.711 ; gain = 438.613
Command: opt_design
Attempting to get a license for feature 'Implementation' and/or device 'xc7a100t'
INFO: [Common 17-349] Got license for feature 'Implementation' and/or device 'xc7a100t'
Running DRC as a precondition to command opt_design

Starting DRC Task
INFO: [DRC 23-27] Running DRC with 2 threads
INFO: [Project 1-461] DRC finished with 0 Errors
INFO: [Project 1-462] Please refer to the DRC report (report_drc) for more information.

Time (s): cpu = 00:00:02 ; elapsed = 00:00:02 . Memory (MB): peak = 944.020 ; gain = 44.309

Starting Cache Timing Information Task
INFO: [Timing 38-35] Done setting XDC timing constraints.
Ending Cache Timing Information Task | Checksum: 20942e2a1

Time (s): cpu = 00:00:07 ; elapsed = 00:00:07 . Memory (MB): peak = 1504.500 ; gain = 560.480

Starting Logic Optimization Task

Phase 1 Initialization

Phase 1.1 Core Generation And Design Setup
Phase 1.1 Core Generation And Design Setup | Checksum: 20942e2a1

Time (s): cpu = 00:00:00 ; elapsed = 00:00:00.031 . Memory (MB): peak = 1907.988 ; gain = 0.000

Phase 1.2 Setup Constraints And Sort Netlist
Phase 1.2 Setup Constraints And Sort Netlist | Checksum: 20942e2a1

Time (s): cpu = 00:00:00 ; elapsed = 00:00:00.062 . Memory (MB): peak = 1907.988 ; gain = 0.000
Phase 1 Initialization | Checksum: 20942e2a1

Time (s): cpu = 00:00:00 ; elapsed = 00:00:00.068 . Memory (MB): peak = 1907.988 ; gain = 0.000

Phase 2 Timer Update And Timing Data Collection

Phase 2.1 Timer Update
Phase 2.1 Timer Update | Checksum: 20942e2a1

Time (s): cpu = 00:00:01 ; elapsed = 00:00:00.568 . Memory (MB): peak = 1907.988 ; gain = 0.000

Phase 2.2 Timing Data Collection
Phase 2.2 Timing Data Collection | Checksum: 20942e2a1

Time (s): cpu = 00:00:01 ; elapsed = 00:00:00.634 . Memory (MB): peak = 1907.988 ; gain = 0.000
Phase 2 Timer Update And Timing Data Collection | Checksum: 20942e2a1

Time (s): cpu = 00:00:01 ; elapsed = 00:00:00.638 . Memory (MB): peak = 1907.988 ; gain = 0.000

Phase 3 Retarget
INFO: [Opt 31-1851] Number of loadless carry chains removed were: 0
INFO: [Opt 31-1834] Total Chains To Be Transformed Were: 0 AND Number of Transformed insts Created are: 0
INFO: [Opt 31-138] Pushed 4 inverter(s) to 64 load pin(s).
INFO: [Opt 31-49] Retargeted 0 cell(s).
Phase 3 Retarget | Checksum: 269b17a31

Time (s): cpu = 00:00:02 ; elapsed = 00:00:01 . Memory (MB): peak = 1907.988 ; gain = 0.000
Retarget | Checksum: 269b17a31
INFO: [Opt 31-389] Phase Retarget created 19 cells and removed 29 cells

Phase 4 Constant propagation
INFO: [Opt 31-138] Pushed 5 inverter(s) to 5 load pin(s).
Phase 4 Constant propagation | Checksum: 28cacdb4c

Time (s): cpu = 00:00:02 ; elapsed = 00:00:02 . Memory (MB): peak = 1907.988 ; gain = 0.000
Constant propagation | Checksum: 28cacdb4c
INFO: [Opt 31-389] Phase Constant propagation created 81 cells and removed 469 cells

Phase 5 Sweep
INFO: [Constraints 18-11670] Building netlist checker database with flags, 0x8
Done building netlist checker database: Time (s): cpu = 00:00:00 ; elapsed = 00:00:00.008 . Memory (MB): peak = 1907.988 ; gain = 0.000
INFO: [Constraints 18-11670] Building netlist checker database with flags, 0x8
Done building netlist checker database: Time (s): cpu = 00:00:00 ; elapsed = 00:00:00.007 . Memory (MB): peak = 1907.988 ; gain = 0.000
Phase 5 Sweep | Checksum: 1e719716b

Time (s): cpu = 00:00:03 ; elapsed = 00:00:02 . Memory (MB): peak = 1907.988 ; gain = 0.000
Sweep | Checksum: 1e719716b
INFO: [Opt 31-389] Phase Sweep created 0 cells and removed 78 cells

Phase 6 BUFG optimization
INFO: [Opt 31-194] Inserted BUFG sysclk_IBUF_BUFG_inst to drive 19375 load(s) on clock net sysclk_IBUF_BUFG
INFO: [Opt 31-193] Inserted 1 BUFG(s) on clock nets
Phase 6 BUFG optimization | Checksum: 1fb8f3f4a

Time (s): cpu = 00:00:03 ; elapsed = 00:00:02 . Memory (MB): peak = 1907.988 ; gain = 0.000
BUFG optimization | Checksum: 1fb8f3f4a
INFO: [Opt 31-662] Phase BUFG optimization created 1 cells of which 1 are BUFGs and removed 0 cells.

Phase 7 Shift Register Optimization
INFO: [Opt 31-1064] SRL Remap converted 0 SRLs to 0 registers and converted 0 registers of register chains to 0 SRLs
Phase 7 Shift Register Optimization | Checksum: 1fb8f3f4a

Time (s): cpu = 00:00:03 ; elapsed = 00:00:02 . Memory (MB): peak = 1907.988 ; gain = 0.000
Shift Register Optimization | Checksum: 1fb8f3f4a
INFO: [Opt 31-389] Phase Shift Register Optimization created 0 cells and removed 0 cells

Phase 8 Post Processing Netlist
Phase 8 Post Processing Netlist | Checksum: 1fb8f3f4a

Time (s): cpu = 00:00:03 ; elapsed = 00:00:03 . Memory (MB): peak = 1907.988 ; gain = 0.000
Post Processing Netlist | Checksum: 1fb8f3f4a
INFO: [Opt 31-389] Phase Post Processing Netlist created 0 cells and removed 0 cells

Phase 9 Finalization

Phase 9.1 Finalizing Design Cores and Updating Shapes
Phase 9.1 Finalizing Design Cores and Updating Shapes | Checksum: 237ef1daf

Time (s): cpu = 00:00:05 ; elapsed = 00:00:04 . Memory (MB): peak = 1907.988 ; gain = 0.000

Phase 9.2 Verifying Netlist Connectivity

Starting Connectivity Check Task

Time (s): cpu = 00:00:00 ; elapsed = 00:00:00.064 . Memory (MB): peak = 1907.988 ; gain = 0.000
Phase 9.2 Verifying Netlist Connectivity | Checksum: 237ef1daf

Time (s): cpu = 00:00:05 ; elapsed = 00:00:04 . Memory (MB): peak = 1907.988 ; gain = 0.000
Phase 9 Finalization | Checksum: 237ef1daf

Time (s): cpu = 00:00:05 ; elapsed = 00:00:04 . Memory (MB): peak = 1907.988 ; gain = 0.000
Opt_design Change Summary
=========================


-------------------------------------------------------------------------------------------------------------------------
|  Phase                        |  #Cells created  |  #Cells Removed  |  #Constrained objects preventing optimizations  |
-------------------------------------------------------------------------------------------------------------------------
|  Retarget                     |              19  |              29  |                                              0  |
|  Constant propagation         |              81  |             469  |                                              0  |
|  Sweep                        |               0  |              78  |                                              0  |
|  BUFG optimization            |               1  |               0  |                                              0  |
|  Shift Register Optimization  |               0  |               0  |                                              0  |
|  Post Processing Netlist      |               0  |               0  |                                              0  |
-------------------------------------------------------------------------------------------------------------------------


Ending Logic Optimization Task | Checksum: 237ef1daf

Time (s): cpu = 00:00:05 ; elapsed = 00:00:04 . Memory (MB): peak = 1907.988 ; gain = 0.000

Starting Power Optimization Task
INFO: [Pwropt 34-132] Skipping clock gating for clocks with a period < 2.00 ns.
Ending Power Optimization Task | Checksum: 237ef1daf

Time (s): cpu = 00:00:00 ; elapsed = 00:00:00.035 . Memory (MB): peak = 1907.988 ; gain = 0.000

Starting Final Cleanup Task
Ending Final Cleanup Task | Checksum: 237ef1daf

Time (s): cpu = 00:00:00 ; elapsed = 00:00:00.004 . Memory (MB): peak = 1907.988 ; gain = 0.000

Starting Netlist Obfuscation Task
Netlist sorting complete. Time (s): cpu = 00:00:00 ; elapsed = 00:00:00.009 . Memory (MB): peak = 1907.988 ; gain = 0.000
Ending Netlist Obfuscation Task | Checksum: 237ef1daf

Time (s): cpu = 00:00:00 ; elapsed = 00:00:00.014 . Memory (MB): peak = 1907.988 ; gain = 0.000
INFO: [Common 17-83] Releasing license: Implementation
67 Infos, 103 Warnings, 100 Critical Warnings and 0 Errors encountered.
opt_design completed successfully
opt_design: Time (s): cpu = 00:00:16 ; elapsed = 00:00:15 . Memory (MB): peak = 1907.988 ; gain = 1008.277
INFO: [Vivado 12-24828] Executing command : report_drc -file PCB_All_SRAM_wrapper_drc_opted.rpt -pb PCB_All_SRAM_wrapper_drc_opted.pb -rpx PCB_All_SRAM_wrapper_drc_opted.rpx
Command: report_drc -file PCB_All_SRAM_wrapper_drc_opted.rpt -pb PCB_All_SRAM_wrapper_drc_opted.pb -rpx PCB_All_SRAM_wrapper_drc_opted.rpx
INFO: [IP_Flow 19-1839] IP Catalog is up to date.
INFO: [DRC 23-27] Running DRC with 2 threads
INFO: [Vivado_Tcl 2-168] The results of DRC are in file C:/GitHub/GLITCH-Software/FPGA/PCB/PCB_All_SRAM/PCB_All_SRAM.runs/impl_1/PCB_All_SRAM_wrapper_drc_opted.rpt.
report_drc completed successfully
INFO: [Timing 38-480] Writing timing data to binary archive.
Wrote PlaceDB: Time (s): cpu = 00:00:00 ; elapsed = 00:00:00.009 . Memory (MB): peak = 1907.988 ; gain = 0.000
Wrote PulsedLatchDB: Time (s): cpu = 00:00:00 ; elapsed = 00:00:00 . Memory (MB): peak = 1907.988 ; gain = 0.000
Writing XDEF routing.
Writing XDEF routing logical nets.
Writing XDEF routing special nets.
Wrote RouteStorage: Time (s): cpu = 00:00:01 ; elapsed = 00:00:00.051 . Memory (MB): peak = 1907.988 ; gain = 0.000
Wrote Netlist Cache: Time (s): cpu = 00:00:00 ; elapsed = 00:00:00.001 . Memory (MB): peak = 1907.988 ; gain = 0.000
Wrote Device Cache: Time (s): cpu = 00:00:00 ; elapsed = 00:00:00.008 . Memory (MB): peak = 1907.988 ; gain = 0.000
Write Physdb Complete: Time (s): cpu = 00:00:01 ; elapsed = 00:00:00.076 . Memory (MB): peak = 1907.988 ; gain = 0.000
Write ShapeDB Complete: Time (s): cpu = 00:00:01 ; elapsed = 00:00:00.095 . Memory (MB): peak = 1907.988 ; gain = 0.000
INFO: [Common 17-1381] The checkpoint 'C:/GitHub/GLITCH-Software/FPGA/PCB/PCB_All_SRAM/PCB_All_SRAM.runs/impl_1/PCB_All_SRAM_wrapper_opt.dcp' has been generated.
Command: place_design
Attempting to get a license for feature 'Implementation' and/or device 'xc7a100t'
INFO: [Common 17-349] Got license for feature 'Implementation' and/or device 'xc7a100t'
INFO: [Common 17-83] Releasing license: Implementation
INFO: [DRC 23-27] Running DRC with 2 threads
INFO: [Vivado_Tcl 4-198] DRC finished with 0 Errors
INFO: [Vivado_Tcl 4-199] Please refer to the DRC report (report_drc) for more information.
Running DRC as a precondition to command place_design
INFO: [DRC 23-27] Running DRC with 2 threads
INFO: [Vivado_Tcl 4-198] DRC finished with 0 Errors
INFO: [Vivado_Tcl 4-199] Please refer to the DRC report (report_drc) for more information.
INFO: [Place 30-611] Multithreading enabled for place_design using a maximum of 2 CPUs

Starting Placer Task

Phase 1 Placer Initialization

Phase 1.1 Placer Initialization Netlist Sorting
Netlist sorting complete. Time (s): cpu = 00:00:00 ; elapsed = 00:00:00.009 . Memory (MB): peak = 1907.988 ; gain = 0.000
Phase 1.1 Placer Initialization Netlist Sorting | Checksum: 19e21ce39

Time (s): cpu = 00:00:00 ; elapsed = 00:00:00.023 . Memory (MB): peak = 1907.988 ; gain = 0.000
Netlist sorting complete. Time (s): cpu = 00:00:00 ; elapsed = 00:00:00.009 . Memory (MB): peak = 1907.988 ; gain = 0.000

Phase 1.2 IO Placement/ Clock Placement/ Build Placer Device
INFO: [Timing 38-35] Done setting XDC timing constraints.
Phase 1.2 IO Placement/ Clock Placement/ Build Placer Device | Checksum: 1cc1c086e

Time (s): cpu = 00:00:05 ; elapsed = 00:00:03 . Memory (MB): peak = 1907.988 ; gain = 0.000

Phase 1.3 Build Placer Netlist Model
Phase 1.3 Build Placer Netlist Model | Checksum: 230f66539

Time (s): cpu = 00:00:06 ; elapsed = 00:00:04 . Memory (MB): peak = 1907.988 ; gain = 0.000

Phase 1.4 Constrain Clocks/Macros
Phase 1.4 Constrain Clocks/Macros | Checksum: 230f66539

Time (s): cpu = 00:00:06 ; elapsed = 00:00:05 . Memory (MB): peak = 1907.988 ; gain = 0.000
Phase 1 Placer Initialization | Checksum: 230f66539

Time (s): cpu = 00:00:06 ; elapsed = 00:00:05 . Memory (MB): peak = 1907.988 ; gain = 0.000

Phase 2 Global Placement

Phase 2.1 Floorplanning
Phase 2.1 Floorplanning | Checksum: 230f66539

Time (s): cpu = 00:00:06 ; elapsed = 00:00:05 . Memory (MB): peak = 1908.277 ; gain = 0.289

Phase 2.2 Update Timing before SLR Path Opt
Phase 2.2 Update Timing before SLR Path Opt | Checksum: 230f66539

Time (s): cpu = 00:00:06 ; elapsed = 00:00:05 . Memory (MB): peak = 1908.277 ; gain = 0.289

Phase 2.3 Post-Processing in Floorplanning
Phase 2.3 Post-Processing in Floorplanning | Checksum: 230f66539

Time (s): cpu = 00:00:06 ; elapsed = 00:00:05 . Memory (MB): peak = 1908.277 ; gain = 0.289

Phase 2.4 Global Place Phase1
Phase 2.4 Global Place Phase1 | Checksum: 1f45c338e

Time (s): cpu = 00:00:20 ; elapsed = 00:00:13 . Memory (MB): peak = 1979.172 ; gain = 71.184

Phase 2.5 Global Place Phase2
WARNING: [Place 46-29] Timing had been disabled during Placer and, therefore, physical synthesis in Placer will be skipped.
Phase 2.5 Global Place Phase2 | Checksum: 20e7106d3

Time (s): cpu = 00:00:22 ; elapsed = 00:00:14 . Memory (MB): peak = 1979.172 ; gain = 71.184
Phase 2 Global Placement | Checksum: 20e7106d3

Time (s): cpu = 00:00:22 ; elapsed = 00:00:14 . Memory (MB): peak = 1979.172 ; gain = 71.184

Phase 3 Detail Placement

Phase 3.1 Commit Multi Column Macros
Phase 3.1 Commit Multi Column Macros | Checksum: 20e7106d3

Time (s): cpu = 00:00:22 ; elapsed = 00:00:15 . Memory (MB): peak = 1979.172 ; gain = 71.184

Phase 3.2 Commit Most Macros & LUTRAMs
Phase 3.2 Commit Most Macros & LUTRAMs | Checksum: 29019b4d6

Time (s): cpu = 00:00:22 ; elapsed = 00:00:15 . Memory (MB): peak = 1979.172 ; gain = 71.184

Phase 3.3 Area Swap Optimization
Phase 3.3 Area Swap Optimization | Checksum: 23800860d

Time (s): cpu = 00:00:23 ; elapsed = 00:00:15 . Memory (MB): peak = 1979.172 ; gain = 71.184

Phase 3.4 Pipeline Register Optimization
Phase 3.4 Pipeline Register Optimization | Checksum: 23800860d

Time (s): cpu = 00:00:23 ; elapsed = 00:00:15 . Memory (MB): peak = 1979.172 ; gain = 71.184

Phase 3.5 Small Shape Detail Placement
Phase 3.5 Small Shape Detail Placement | Checksum: 250b9be50

Time (s): cpu = 00:00:32 ; elapsed = 00:00:24 . Memory (MB): peak = 1998.703 ; gain = 90.715

Phase 3.6 Re-assign LUT pins
Phase 3.6 Re-assign LUT pins | Checksum: 250b9be50

Time (s): cpu = 00:00:34 ; elapsed = 00:00:26 . Memory (MB): peak = 1998.703 ; gain = 90.715

Phase 3.7 Pipeline Register Optimization
Phase 3.7 Pipeline Register Optimization | Checksum: 250b9be50

Time (s): cpu = 00:00:34 ; elapsed = 00:00:26 . Memory (MB): peak = 1998.703 ; gain = 90.715
Phase 3 Detail Placement | Checksum: 250b9be50

Time (s): cpu = 00:00:34 ; elapsed = 00:00:27 . Memory (MB): peak = 1998.703 ; gain = 90.715

Phase 4 Post Placement Optimization and Clean-Up

Phase 4.1 Post Commit Optimization
Phase 4.1 Post Commit Optimization | Checksum: 250b9be50

Time (s): cpu = 00:00:35 ; elapsed = 00:00:27 . Memory (MB): peak = 1998.703 ; gain = 90.715

Phase 4.2 Post Placement Cleanup
Phase 4.2 Post Placement Cleanup | Checksum: 250b9be50

Time (s): cpu = 00:00:36 ; elapsed = 00:00:27 . Memory (MB): peak = 1998.703 ; gain = 90.715

Phase 4.3 Placer Reporting

Phase 4.3.1 Print Estimated Congestion
INFO: [Place 30-612] Post-Placement Estimated Congestion 
 ____________________________________________________
|           | Global Congestion | Short Congestion  |
| Direction | Region Size       | Region Size       |
|___________|___________________|___________________|
|      North|                1x1|                1x1|
|___________|___________________|___________________|
|      South|                1x1|                1x1|
|___________|___________________|___________________|
|       East|                1x1|                1x1|
|___________|___________________|___________________|
|       West|                1x1|                1x1|
|___________|___________________|___________________|

Phase 4.3.1 Print Estimated Congestion | Checksum: 250b9be50

Time (s): cpu = 00:00:36 ; elapsed = 00:00:28 . Memory (MB): peak = 1998.703 ; gain = 90.715
Phase 4.3 Placer Reporting | Checksum: 250b9be50

Time (s): cpu = 00:00:36 ; elapsed = 00:00:28 . Memory (MB): peak = 1998.703 ; gain = 90.715

Phase 4.4 Final Placement Cleanup
Netlist sorting complete. Time (s): cpu = 00:00:00 ; elapsed = 00:00:00.012 . Memory (MB): peak = 1998.703 ; gain = 0.000

Time (s): cpu = 00:00:36 ; elapsed = 00:00:28 . Memory (MB): peak = 1998.703 ; gain = 90.715
Phase 4 Post Placement Optimization and Clean-Up | Checksum: 20d10b53d

Time (s): cpu = 00:00:37 ; elapsed = 00:00:28 . Memory (MB): peak = 1998.703 ; gain = 90.715
Ending Placer Task | Checksum: 169708ca9

Time (s): cpu = 00:00:37 ; elapsed = 00:00:28 . Memory (MB): peak = 1998.703 ; gain = 90.715
84 Infos, 104 Warnings, 100 Critical Warnings and 0 Errors encountered.
place_design completed successfully
place_design: Time (s): cpu = 00:00:40 ; elapsed = 00:00:30 . Memory (MB): peak = 1998.703 ; gain = 90.715
INFO: [Vivado 12-24838] Running report commands "report_control_sets, report_io, report_utilization" in parallel.
Running report generation with 2 threads.
INFO: [Vivado 12-24828] Executing command : report_io -file PCB_All_SRAM_wrapper_io_placed.rpt
report_io: Time (s): cpu = 00:00:00 ; elapsed = 00:00:00.085 . Memory (MB): peak = 1998.703 ; gain = 0.000
INFO: [Vivado 12-24828] Executing command : report_control_sets -verbose -file PCB_All_SRAM_wrapper_control_sets_placed.rpt
report_control_sets: Time (s): cpu = 00:00:00 ; elapsed = 00:00:00.060 . Memory (MB): peak = 1998.703 ; gain = 0.000
INFO: [Vivado 12-24828] Executing command : report_utilization -file PCB_All_SRAM_wrapper_utilization_placed.rpt -pb PCB_All_SRAM_wrapper_utilization_placed.pb
INFO: [Timing 38-480] Writing timing data to binary archive.
Write ShapeDB Complete: Time (s): cpu = 00:00:01 ; elapsed = 00:00:00.224 . Memory (MB): peak = 2002.793 ; gain = 0.594
Wrote PlaceDB: Time (s): cpu = 00:00:06 ; elapsed = 00:00:03 . Memory (MB): peak = 2005.094 ; gain = 2.895
Wrote PulsedLatchDB: Time (s): cpu = 00:00:00 ; elapsed = 00:00:00 . Memory (MB): peak = 2005.094 ; gain = 0.000
Writing XDEF routing.
Writing XDEF routing logical nets.
Writing XDEF routing special nets.
Wrote RouteStorage: Time (s): cpu = 00:00:00 ; elapsed = 00:00:00.036 . Memory (MB): peak = 2005.094 ; gain = 0.000
Wrote Netlist Cache: Time (s): cpu = 00:00:01 ; elapsed = 00:00:00.089 . Memory (MB): peak = 2005.094 ; gain = 0.000
Wrote Device Cache: Time (s): cpu = 00:00:00 ; elapsed = 00:00:00.006 . Memory (MB): peak = 2005.094 ; gain = 0.000
Write Physdb Complete: Time (s): cpu = 00:00:07 ; elapsed = 00:00:03 . Memory (MB): peak = 2005.094 ; gain = 2.895
INFO: [Common 17-1381] The checkpoint 'C:/GitHub/GLITCH-Software/FPGA/PCB/PCB_All_SRAM/PCB_All_SRAM.runs/impl_1/PCB_All_SRAM_wrapper_placed.dcp' has been generated.
write_checkpoint: Time (s): cpu = 00:00:10 ; elapsed = 00:00:07 . Memory (MB): peak = 2005.094 ; gain = 6.391
Command: phys_opt_design
Attempting to get a license for feature 'Implementation' and/or device 'xc7a100t'
INFO: [Common 17-349] Got license for feature 'Implementation' and/or device 'xc7a100t'

Starting Initial Update Timing Task

Time (s): cpu = 00:00:02 ; elapsed = 00:00:02 . Memory (MB): peak = 2010.574 ; gain = 5.480
INFO: [Vivado_Tcl 4-235] No timing constraint found. The netlist was not modified.
INFO: [Common 17-83] Releasing license: Implementation
93 Infos, 104 Warnings, 100 Critical Warnings and 0 Errors encountered.
phys_opt_design completed successfully
INFO: [Timing 38-480] Writing timing data to binary archive.
Write ShapeDB Complete: Time (s): cpu = 00:00:01 ; elapsed = 00:00:00.218 . Memory (MB): peak = 2041.570 ; gain = 13.062
Wrote PlaceDB: Time (s): cpu = 00:00:06 ; elapsed = 00:00:03 . Memory (MB): peak = 2044.477 ; gain = 15.969
Wrote PulsedLatchDB: Time (s): cpu = 00:00:00 ; elapsed = 00:00:00 . Memory (MB): peak = 2044.477 ; gain = 0.000
Writing XDEF routing.
Writing XDEF routing logical nets.
Writing XDEF routing special nets.
Wrote RouteStorage: Time (s): cpu = 00:00:00 ; elapsed = 00:00:00.038 . Memory (MB): peak = 2044.477 ; gain = 0.000
Wrote Netlist Cache: Time (s): cpu = 00:00:00 ; elapsed = 00:00:00.080 . Memory (MB): peak = 2044.477 ; gain = 0.000
Wrote Device Cache: Time (s): cpu = 00:00:00 ; elapsed = 00:00:00.005 . Memory (MB): peak = 2044.477 ; gain = 0.000
Write Physdb Complete: Time (s): cpu = 00:00:06 ; elapsed = 00:00:03 . Memory (MB): peak = 2044.477 ; gain = 15.969
INFO: [Common 17-1381] The checkpoint 'C:/GitHub/GLITCH-Software/FPGA/PCB/PCB_All_SRAM/PCB_All_SRAM.runs/impl_1/PCB_All_SRAM_wrapper_physopt.dcp' has been generated.
Command: route_design
Attempting to get a license for feature 'Implementation' and/or device 'xc7a100t'
INFO: [Common 17-349] Got license for feature 'Implementation' and/or device 'xc7a100t'


Starting Routing Task
INFO: [Route 35-254] Multithreading enabled for route_design using a maximum of 2 CPUs

Phase 1 Build RT Design
Checksum: PlaceDB: 8f42b93a ConstDB: 0 ShapeSum: 285b73d9 RouteDB: b1d25f96
Post Restoration Checksum: NetGraph: 3d5e5288 | NumContArr: 3d116e2d | Constraints: c2a8fa9d | Timing: c2a8fa9d
Phase 1 Build RT Design | Checksum: 1ffc1b5ef

Time (s): cpu = 00:00:34 ; elapsed = 00:00:28 . Memory (MB): peak = 2192.336 ; gain = 146.895

Phase 2 Router Initialization
INFO: [Route 35-64] No timing constraints were detected. The router will operate in resource-optimization mode.

Phase 2.1 Fix Topology Constraints
Phase 2.1 Fix Topology Constraints | Checksum: 1ffc1b5ef

Time (s): cpu = 00:00:35 ; elapsed = 00:00:29 . Memory (MB): peak = 2201.887 ; gain = 156.445

Phase 2.2 Pre Route Cleanup
Phase 2.2 Pre Route Cleanup | Checksum: 1ffc1b5ef

Time (s): cpu = 00:00:35 ; elapsed = 00:00:29 . Memory (MB): peak = 2201.887 ; gain = 156.445
 Number of Nodes with overlaps = 0

Router Utilization Summary
  Global Vertical Routing Utilization    = 0 %
  Global Horizontal Routing Utilization  = 0 %
  Routable Net Status*
  *Does not include unroutable nets such as driverless and loadless.
  Run report_route_status for detailed report.
  Number of Failed Nets               = 34725
    (Failed Nets is the sum of unrouted and partially routed nets)
  Number of Unrouted Nets             = 34725
  Number of Partially Routed Nets     = 0
  Number of Node Overlaps             = 0

Phase 2 Router Initialization | Checksum: 2f43501b0

Time (s): cpu = 00:00:37 ; elapsed = 00:00:30 . Memory (MB): peak = 2242.328 ; gain = 196.887

Phase 3 Global Routing
Phase 3 Global Routing | Checksum: 2f43501b0

Time (s): cpu = 00:00:37 ; elapsed = 00:00:30 . Memory (MB): peak = 2242.328 ; gain = 196.887

Phase 4 Initial Routing

Phase 4.1 Initial Net Routing Pass
Phase 4.1 Initial Net Routing Pass | Checksum: 30f002e2a

Time (s): cpu = 00:00:48 ; elapsed = 00:00:36 . Memory (MB): peak = 2342.816 ; gain = 297.375
Phase 4 Initial Routing | Checksum: 30f002e2a

Time (s): cpu = 00:00:48 ; elapsed = 00:00:36 . Memory (MB): peak = 2342.816 ; gain = 297.375

Phase 5 Rip-up And Reroute

Phase 5.1 Global Iteration 0
 Number of Nodes with overlaps = 8543
 Number of Nodes with overlaps = 8
 Number of Nodes with overlaps = 0
Phase 5.1 Global Iteration 0 | Checksum: 29a5fc6fb

Time (s): cpu = 00:01:02 ; elapsed = 00:00:46 . Memory (MB): peak = 2342.816 ; gain = 297.375
Phase 5 Rip-up And Reroute | Checksum: 29a5fc6fb

Time (s): cpu = 00:01:02 ; elapsed = 00:00:46 . Memory (MB): peak = 2342.816 ; gain = 297.375

Phase 6 Delay and Skew Optimization
Phase 6 Delay and Skew Optimization | Checksum: 29a5fc6fb

Time (s): cpu = 00:01:02 ; elapsed = 00:00:46 . Memory (MB): peak = 2342.816 ; gain = 297.375

Phase 7 Post Hold Fix

Phase 7.1 Hold Fix Iter
Phase 7.1 Hold Fix Iter | Checksum: 29a5fc6fb

Time (s): cpu = 00:01:03 ; elapsed = 00:00:46 . Memory (MB): peak = 2342.816 ; gain = 297.375
Phase 7 Post Hold Fix | Checksum: 29a5fc6fb

Time (s): cpu = 00:01:03 ; elapsed = 00:00:46 . Memory (MB): peak = 2342.816 ; gain = 297.375

Phase 8 Route finalize

Router Utilization Summary
  Global Vertical Routing Utilization    = 7.17361 %
  Global Horizontal Routing Utilization  = 8.55513 %
  Routable Net Status*
  *Does not include unroutable nets such as driverless and loadless.
  Run report_route_status for detailed report.
  Number of Failed Nets               = 0
    (Failed Nets is the sum of unrouted and partially routed nets)
  Number of Unrouted Nets             = 0
  Number of Partially Routed Nets     = 0
  Number of Node Overlaps             = 0


--GLOBAL Congestion:
Utilization threshold used for congestion level computation: 0.85
Congestion Report
North Dir 1x1 Area, Max Cong = 56.7568%, No Congested Regions.
South Dir 1x1 Area, Max Cong = 58.5586%, No Congested Regions.
East Dir 1x1 Area, Max Cong = 67.6471%, No Congested Regions.
West Dir 1x1 Area, Max Cong = 58.8235%, No Congested Regions.

------------------------------
Reporting congestion hotspots
------------------------------
Direction: North
----------------
Congested clusters found at Level 0
Effective congestion level: 0 Aspect Ratio: 1 Sparse Ratio: 0
Direction: South
----------------
Congested clusters found at Level 0
Effective congestion level: 0 Aspect Ratio: 1 Sparse Ratio: 0
Direction: East
----------------
Congested clusters found at Level 0
Effective congestion level: 0 Aspect Ratio: 1 Sparse Ratio: 0
Direction: West
----------------
Congested clusters found at Level 0
Effective congestion level: 0 Aspect Ratio: 1 Sparse Ratio: 0

Phase 8 Route finalize | Checksum: 29a5fc6fb

Time (s): cpu = 00:01:03 ; elapsed = 00:00:46 . Memory (MB): peak = 2342.816 ; gain = 297.375

Phase 9 Verifying routed nets

 Verification completed successfully
Phase 9 Verifying routed nets | Checksum: 29a5fc6fb

Time (s): cpu = 00:01:03 ; elapsed = 00:00:47 . Memory (MB): peak = 2342.816 ; gain = 297.375

Phase 10 Depositing Routes
Phase 10 Depositing Routes | Checksum: 21b89501d

Time (s): cpu = 00:01:06 ; elapsed = 00:00:49 . Memory (MB): peak = 2342.816 ; gain = 297.375

Phase 11 Post Process Routing
Phase 11 Post Process Routing | Checksum: 21b89501d

Time (s): cpu = 00:01:07 ; elapsed = 00:00:49 . Memory (MB): peak = 2342.816 ; gain = 297.375
Total Elapsed time in route_design: 49.308 secs

Phase 12 Post-Route Event Processing
Phase 12 Post-Route Event Processing | Checksum: 132448849

Time (s): cpu = 00:01:07 ; elapsed = 00:00:49 . Memory (MB): peak = 2342.816 ; gain = 297.375
INFO: [Route 35-16] Router Completed Successfully
Ending Routing Task | Checksum: 132448849

Time (s): cpu = 00:01:07 ; elapsed = 00:00:50 . Memory (MB): peak = 2342.816 ; gain = 297.375

Routing Is Done.
INFO: [Common 17-83] Releasing license: Implementation
100 Infos, 104 Warnings, 100 Critical Warnings and 0 Errors encountered.
route_design completed successfully
route_design: Time (s): cpu = 00:01:08 ; elapsed = 00:00:50 . Memory (MB): peak = 2342.816 ; gain = 298.340
INFO: [Vivado 12-24828] Executing command : report_drc -file PCB_All_SRAM_wrapper_drc_routed.rpt -pb PCB_All_SRAM_wrapper_drc_routed.pb -rpx PCB_All_SRAM_wrapper_drc_routed.rpx
Command: report_drc -file PCB_All_SRAM_wrapper_drc_routed.rpt -pb PCB_All_SRAM_wrapper_drc_routed.pb -rpx PCB_All_SRAM_wrapper_drc_routed.rpx
INFO: [IP_Flow 19-1839] IP Catalog is up to date.
INFO: [DRC 23-27] Running DRC with 2 threads
INFO: [Vivado_Tcl 2-168] The results of DRC are in file C:/GitHub/GLITCH-Software/FPGA/PCB/PCB_All_SRAM/PCB_All_SRAM.runs/impl_1/PCB_All_SRAM_wrapper_drc_routed.rpt.
report_drc completed successfully
report_drc: Time (s): cpu = 00:00:11 ; elapsed = 00:00:06 . Memory (MB): peak = 2342.816 ; gain = 0.000
INFO: [Vivado 12-24828] Executing command : report_methodology -file PCB_All_SRAM_wrapper_methodology_drc_routed.rpt -pb PCB_All_SRAM_wrapper_methodology_drc_routed.pb -rpx PCB_All_SRAM_wrapper_methodology_drc_routed.rpx
Command: report_methodology -file PCB_All_SRAM_wrapper_methodology_drc_routed.rpt -pb PCB_All_SRAM_wrapper_methodology_drc_routed.pb -rpx PCB_All_SRAM_wrapper_methodology_drc_routed.rpx
INFO: [Timing 38-35] Done setting XDC timing constraints.
INFO: [DRC 23-133] Running Methodology with 2 threads
INFO: [Vivado_Tcl 2-1520] The results of Report Methodology are in file C:/GitHub/GLITCH-Software/FPGA/PCB/PCB_All_SRAM/PCB_All_SRAM.runs/impl_1/PCB_All_SRAM_wrapper_methodology_drc_routed.rpt.
report_methodology completed successfully
report_drc: Time (s): cpu = 00:00:18 ; elapsed = 00:00:11 . Memory (MB): peak = 2350.102 ; gain = 7.285
INFO: [Vivado 12-24828] Executing command : report_timing_summary -max_paths 10 -report_unconstrained -file PCB_All_SRAM_wrapper_timing_summary_routed.rpt -pb PCB_All_SRAM_wrapper_timing_summary_routed.pb -rpx PCB_All_SRAM_wrapper_timing_summary_routed.rpx -warn_on_violation 
INFO: [Timing 38-35] Done setting XDC timing constraints.
INFO: [Timing 38-91] UpdateTimingParams: Speed grade: -1, Delay Type: min_max.
INFO: [Timing 38-191] Multithreading enabled for timing update using a maximum of 2 CPUs
WARNING: [Timing 38-313] There are no user specified timing constraints. Timing constraints are needed for proper timing analysis.
INFO: [Vivado 12-24838] Running report commands "report_incremental_reuse, report_route_status" in parallel.
Running report generation with 2 threads.
INFO: [Vivado 12-24828] Executing command : report_incremental_reuse -file PCB_All_SRAM_wrapper_incremental_reuse_routed.rpt
INFO: [Vivado_Tcl 4-1062] Incremental flow is disabled. No incremental reuse Info to report.
INFO: [Vivado 12-24828] Executing command : report_route_status -file PCB_All_SRAM_wrapper_route_status.rpt -pb PCB_All_SRAM_wrapper_route_status.pb
INFO: [Vivado 12-24828] Executing command : report_power -file PCB_All_SRAM_wrapper_power_routed.rpt -pb PCB_All_SRAM_wrapper_power_summary_routed.pb -rpx PCB_All_SRAM_wrapper_power_routed.rpx
Command: report_power -file PCB_All_SRAM_wrapper_power_routed.rpt -pb PCB_All_SRAM_wrapper_power_summary_routed.pb -rpx PCB_All_SRAM_wrapper_power_routed.rpx
WARNING: [Power 33-232] No user defined clocks were found in the design! Power estimation will be inaccurate until this is corrected.
Resolution: Please specify clocks using create_clock/create_generated_clock for sequential elements. For pure combinatorial circuits, please specify a virtual clock, otherwise the vectorless estimation might be inaccurate
Running Vector-less Activity Propagation...

Finished Running Vector-less Activity Propagation
WARNING: [Power 33-332] Found switching activity that implies high-fanout reset nets being asserted for excessive periods of time which may result in inaccurate power analysis.
Resolution: To review and fix problems, please run Power Constraints Advisor in the GUI from Tools > Power Constraints Advisor or run report_power with the -advisory option to generate a text report.
117 Infos, 107 Warnings, 100 Critical Warnings and 0 Errors encountered.
report_power completed successfully
report_power: Time (s): cpu = 00:00:14 ; elapsed = 00:00:08 . Memory (MB): peak = 2411.668 ; gain = 61.566
INFO: [Vivado 12-24828] Executing command : report_clock_utilization -file PCB_All_SRAM_wrapper_clock_utilization_routed.rpt
INFO: [Vivado 12-24828] Executing command : report_bus_skew -warn_on_violation -file PCB_All_SRAM_wrapper_bus_skew_routed.rpt -pb PCB_All_SRAM_wrapper_bus_skew_routed.pb -rpx PCB_All_SRAM_wrapper_bus_skew_routed.rpx
INFO: [Timing 38-91] UpdateTimingParams: Speed grade: -1, Delay Type: min_max.
INFO: [Timing 38-191] Multithreading enabled for timing update using a maximum of 2 CPUs
generate_parallel_reports: Time (s): cpu = 00:00:48 ; elapsed = 00:00:29 . Memory (MB): peak = 2420.543 ; gain = 77.727
INFO: [Timing 38-480] Writing timing data to binary archive.
Write ShapeDB Complete: Time (s): cpu = 00:00:01 ; elapsed = 00:00:00.234 . Memory (MB): peak = 2435.629 ; gain = 4.910
Wrote PlaceDB: Time (s): cpu = 00:00:06 ; elapsed = 00:00:03 . Memory (MB): peak = 2438.805 ; gain = 8.055
Wrote PulsedLatchDB: Time (s): cpu = 00:00:00 ; elapsed = 00:00:00 . Memory (MB): peak = 2438.805 ; gain = 0.000
Writing XDEF routing.
Writing XDEF routing logical nets.
Writing XDEF routing special nets.
Wrote RouteStorage: Time (s): cpu = 00:00:01 ; elapsed = 00:00:00.345 . Memory (MB): peak = 2438.805 ; gain = 0.000
Wrote Netlist Cache: Time (s): cpu = 00:00:00 ; elapsed = 00:00:00.086 . Memory (MB): peak = 2438.805 ; gain = 0.000
Wrote Device Cache: Time (s): cpu = 00:00:00 ; elapsed = 00:00:00.009 . Memory (MB): peak = 2438.805 ; gain = 0.000
Write Physdb Complete: Time (s): cpu = 00:00:07 ; elapsed = 00:00:04 . Memory (MB): peak = 2438.805 ; gain = 8.055
INFO: [Common 17-1381] The checkpoint 'C:/GitHub/GLITCH-Software/FPGA/PCB/PCB_All_SRAM/PCB_All_SRAM.runs/impl_1/PCB_All_SRAM_wrapper_routed.dcp' has been generated.
write_checkpoint: Time (s): cpu = 00:00:08 ; elapsed = 00:00:06 . Memory (MB): peak = 2438.805 ; gain = 18.262
Command: write_bitstream -force PCB_All_SRAM_wrapper.bit
Attempting to get a license for feature 'Implementation' and/or device 'xc7a100t'
INFO: [Common 17-349] Got license for feature 'Implementation' and/or device 'xc7a100t'
Running DRC as a precondition to command write_bitstream
INFO: [IP_Flow 19-1839] IP Catalog is up to date.
INFO: [DRC 23-27] Running DRC with 2 threads
INFO: [Vivado 12-3199] DRC finished with 0 Errors
INFO: [Vivado 12-3200] Please refer to the DRC report (report_drc) for more information.
INFO: [Designutils 20-2272] Running write_bitstream with 2 threads.
Loading data files...
Loading site data...
Loading route data...
Processing options...
Creating bitmap...
Creating bitstream...
Writing bitstream ./PCB_All_SRAM_wrapper.bit...
INFO: [Vivado 12-1842] Bitgen Completed Successfully.
INFO: [Project 1-1876] WebTalk data collection is mandatory when using a ULT device. To see the specific WebTalk data collected for your design, open the usage_statistics_webtalk.html or usage_statistics_webtalk.xml file in the implementation directory.
INFO: [Common 17-83] Releasing license: Implementation
132 Infos, 107 Warnings, 100 Critical Warnings and 0 Errors encountered.
write_bitstream completed successfully
write_bitstream: Time (s): cpu = 00:00:36 ; elapsed = 00:00:22 . Memory (MB): peak = 2981.320 ; gain = 542.516
INFO: [Common 17-206] Exiting Vivado at Wed Oct  1 14:42:52 2025...
