
*** Running vivado
    with args -log PCB_All_SRAM_BF_Data_Collector_Dr_0_0.vds -m64 -product Vivado -mode batch -messageDb vivado.pb -notrace -source PCB_All_SRAM_BF_Data_Collector_Dr_0_0.tcl



****** Vivado v2024.2 (64-bit)
  **** SW Build 5239630 on Fri Nov 08 22:35:27 MST 2024
  **** IP Build 5239520 on Sun Nov 10 16:12:51 MST 2024
  **** SharedData Build 5239561 on Fri Nov 08 14:39:27 MST 2024
  **** Start of session at: Tue Sep 30 12:45:47 2025
    ** Copyright 1986-2022 Xilinx, Inc. All Rights Reserved.
    ** Copyright 2022-2024 Advanced Micro Devices, Inc. All Rights Reserved.

source PCB_All_SRAM_BF_Data_Collector_Dr_0_0.tcl -notrace
INFO: [IP_Flow 19-234] Refreshing IP repositories
INFO: [IP_Flow 19-1704] No user IP repositories specified
INFO: [IP_Flow 19-2313] Loaded Vivado IP repository 'C:/Xilinx/Vivado/2024.2/data/ip'.
Command: synth_design -top PCB_All_SRAM_BF_Data_Collector_Dr_0_0 -part xc7a100tcsg324-1 -incremental_mode off -mode out_of_context
Starting synth_design
Attempting to get a license for feature 'Synthesis' and/or device 'xc7a100t'
INFO: [Common 17-349] Got license for feature 'Synthesis' and/or device 'xc7a100t'
INFO: [Designutils 20-5008] Incremental synthesis strategy off
INFO: [Synth 8-7079] Multithreading enabled for synth_design using a maximum of 2 processes.
INFO: [Synth 8-7078] Launching helper process for spawning children vivado processes
INFO: [Synth 8-7075] Helper process launched with PID 33900
---------------------------------------------------------------------------------
Starting Synthesize : Time (s): cpu = 00:00:05 ; elapsed = 00:00:05 . Memory (MB): peak = 946.648 ; gain = 472.043
---------------------------------------------------------------------------------
INFO: [Synth 8-638] synthesizing module 'PCB_All_SRAM_BF_Data_Collector_Dr_0_0' [c:/GitHub/GLITCH-Software/FPGA/PCB/PCB_All_SRAM/PCB_All_SRAM.gen/sources_1/bd/PCB_All_SRAM/ip/PCB_All_SRAM_BF_Data_Collector_Dr_0_0/synth/PCB_All_SRAM_BF_Data_Collector_Dr_0_0.vhd:71]
INFO: [Synth 8-3491] module 'BF_Data_Collector_Draft2' declared at 'C:/GitHub/GLITCH-Software/FPGA/SRAM TESTING/SRAM_Breadboard_Test7/SRAM_Breadboard_Test7.srcs/sources_1/new/BF_Data_Collector_Draft2.vhd:13' bound to instance 'U0' of component 'BF_Data_Collector_Draft2' [c:/GitHub/GLITCH-Software/FPGA/PCB/PCB_All_SRAM/PCB_All_SRAM.gen/sources_1/bd/PCB_All_SRAM/ip/PCB_All_SRAM_BF_Data_Collector_Dr_0_0/synth/PCB_All_SRAM_BF_Data_Collector_Dr_0_0.vhd:103]
INFO: [Synth 8-638] synthesizing module 'BF_Data_Collector_Draft2' [C:/GitHub/GLITCH-Software/FPGA/SRAM TESTING/SRAM_Breadboard_Test7/SRAM_Breadboard_Test7.srcs/sources_1/new/BF_Data_Collector_Draft2.vhd:28]
INFO: [Synth 8-226] default block is never used [C:/GitHub/GLITCH-Software/FPGA/SRAM TESTING/SRAM_Breadboard_Test7/SRAM_Breadboard_Test7.srcs/sources_1/new/BF_Data_Collector_Draft2.vhd:58]
INFO: [Synth 8-256] done synthesizing module 'BF_Data_Collector_Draft2' (0#1) [C:/GitHub/GLITCH-Software/FPGA/SRAM TESTING/SRAM_Breadboard_Test7/SRAM_Breadboard_Test7.srcs/sources_1/new/BF_Data_Collector_Draft2.vhd:28]
INFO: [Synth 8-256] done synthesizing module 'PCB_All_SRAM_BF_Data_Collector_Dr_0_0' (0#1) [c:/GitHub/GLITCH-Software/FPGA/PCB/PCB_All_SRAM/PCB_All_SRAM.gen/sources_1/bd/PCB_All_SRAM/ip/PCB_All_SRAM_BF_Data_Collector_Dr_0_0/synth/PCB_All_SRAM_BF_Data_Collector_Dr_0_0.vhd:71]
---------------------------------------------------------------------------------
Finished Synthesize : Time (s): cpu = 00:00:06 ; elapsed = 00:00:06 . Memory (MB): peak = 1054.453 ; gain = 579.848
---------------------------------------------------------------------------------
---------------------------------------------------------------------------------
Finished Constraint Validation : Time (s): cpu = 00:00:07 ; elapsed = 00:00:07 . Memory (MB): peak = 1054.453 ; gain = 579.848
---------------------------------------------------------------------------------
---------------------------------------------------------------------------------
Start Loading Part and Timing Information
---------------------------------------------------------------------------------
Loading part: xc7a100tcsg324-1
---------------------------------------------------------------------------------
Finished Loading Part and Timing Information : Time (s): cpu = 00:00:07 ; elapsed = 00:00:07 . Memory (MB): peak = 1054.453 ; gain = 579.848
---------------------------------------------------------------------------------
INFO: [Device 21-403] Loading part xc7a100tcsg324-1
INFO: [Synth 8-802] inferred FSM for state register 'flip_cnt_reg' in module 'BF_Data_Collector_Draft2'
---------------------------------------------------------------------------------------------------
                   State |                     New Encoding |                Previous Encoding 
---------------------------------------------------------------------------------------------------
                  iSTATE |                              000 |                              000
                 iSTATE0 |                              001 |                              001
                 iSTATE1 |                              010 |                              010
                 iSTATE2 |                              011 |                              011
                 iSTATE3 |                              100 |                              100
---------------------------------------------------------------------------------------------------
INFO: [Synth 8-3354] encoded FSM with state register 'flip_cnt_reg' using encoding 'sequential' in module 'BF_Data_Collector_Draft2'
---------------------------------------------------------------------------------
Finished RTL Optimization Phase 2 : Time (s): cpu = 00:00:07 ; elapsed = 00:00:07 . Memory (MB): peak = 1054.453 ; gain = 579.848
---------------------------------------------------------------------------------
No constraint files found.
---------------------------------------------------------------------------------
Start RTL Component Statistics 
---------------------------------------------------------------------------------
Detailed RTL Component Info : 
+---Adders : 
	   2 Input    8 Bit       Adders := 1     
+---Registers : 
	              198 Bit    Registers := 1     
	                8 Bit    Registers := 1     
	                1 Bit    Registers := 5     
+---Muxes : 
	   5 Input  198 Bit        Muxes := 3     
	   2 Input  198 Bit        Muxes := 6     
	   6 Input    3 Bit        Muxes := 1     
	   2 Input    1 Bit        Muxes := 7     
	   5 Input    1 Bit        Muxes := 1     
---------------------------------------------------------------------------------
Finished RTL Component Statistics 
---------------------------------------------------------------------------------
---------------------------------------------------------------------------------
Start Part Resource Summary
---------------------------------------------------------------------------------
Part Resources:
DSPs: 240 (col length:80)
BRAMs: 270 (col length: RAMB18 80 RAMB36 40)
---------------------------------------------------------------------------------
Finished Part Resource Summary
---------------------------------------------------------------------------------
No constraint files found.
---------------------------------------------------------------------------------
Start Cross Boundary and Area Optimization
---------------------------------------------------------------------------------
WARNING: [Synth 8-7080] Parallel synthesis criteria is not met
---------------------------------------------------------------------------------
Finished Cross Boundary and Area Optimization : Time (s): cpu = 00:00:11 ; elapsed = 00:00:12 . Memory (MB): peak = 1262.840 ; gain = 788.234
---------------------------------------------------------------------------------
No constraint files found.
---------------------------------------------------------------------------------
Start Timing Optimization
---------------------------------------------------------------------------------
---------------------------------------------------------------------------------
Finished Timing Optimization : Time (s): cpu = 00:00:11 ; elapsed = 00:00:12 . Memory (MB): peak = 1262.840 ; gain = 788.234
---------------------------------------------------------------------------------
---------------------------------------------------------------------------------
Start Technology Mapping
---------------------------------------------------------------------------------
---------------------------------------------------------------------------------
Finished Technology Mapping : Time (s): cpu = 00:00:11 ; elapsed = 00:00:12 . Memory (MB): peak = 1262.840 ; gain = 788.234
---------------------------------------------------------------------------------
---------------------------------------------------------------------------------
Start IO Insertion
---------------------------------------------------------------------------------
---------------------------------------------------------------------------------
Start Flattening Before IO Insertion
---------------------------------------------------------------------------------
---------------------------------------------------------------------------------
Finished Flattening Before IO Insertion
---------------------------------------------------------------------------------
---------------------------------------------------------------------------------
Start Final Netlist Cleanup
---------------------------------------------------------------------------------
---------------------------------------------------------------------------------
Finished Final Netlist Cleanup
---------------------------------------------------------------------------------
---------------------------------------------------------------------------------
Finished IO Insertion : Time (s): cpu = 00:00:14 ; elapsed = 00:00:15 . Memory (MB): peak = 1451.840 ; gain = 977.234
---------------------------------------------------------------------------------
---------------------------------------------------------------------------------
Start Renaming Generated Instances
---------------------------------------------------------------------------------
---------------------------------------------------------------------------------
Finished Renaming Generated Instances : Time (s): cpu = 00:00:14 ; elapsed = 00:00:15 . Memory (MB): peak = 1451.840 ; gain = 977.234
---------------------------------------------------------------------------------
---------------------------------------------------------------------------------
Start Rebuilding User Hierarchy
---------------------------------------------------------------------------------
---------------------------------------------------------------------------------
Finished Rebuilding User Hierarchy : Time (s): cpu = 00:00:14 ; elapsed = 00:00:15 . Memory (MB): peak = 1451.840 ; gain = 977.234
---------------------------------------------------------------------------------
---------------------------------------------------------------------------------
Start Renaming Generated Ports
---------------------------------------------------------------------------------
---------------------------------------------------------------------------------
Finished Renaming Generated Ports : Time (s): cpu = 00:00:14 ; elapsed = 00:00:15 . Memory (MB): peak = 1451.840 ; gain = 977.234
---------------------------------------------------------------------------------
---------------------------------------------------------------------------------
Start Handling Custom Attributes
---------------------------------------------------------------------------------
---------------------------------------------------------------------------------
Finished Handling Custom Attributes : Time (s): cpu = 00:00:14 ; elapsed = 00:00:15 . Memory (MB): peak = 1451.840 ; gain = 977.234
---------------------------------------------------------------------------------
---------------------------------------------------------------------------------
Start Renaming Generated Nets
---------------------------------------------------------------------------------
---------------------------------------------------------------------------------
Finished Renaming Generated Nets : Time (s): cpu = 00:00:14 ; elapsed = 00:00:15 . Memory (MB): peak = 1451.840 ; gain = 977.234
---------------------------------------------------------------------------------
---------------------------------------------------------------------------------
Start Writing Synthesis Report
---------------------------------------------------------------------------------

Report BlackBoxes: 
+-+--------------+----------+
| |BlackBox name |Instances |
+-+--------------+----------+
+-+--------------+----------+

Report Cell Usage: 
+------+-----+------+
|      |Cell |Count |
+------+-----+------+
|1     |LUT1 |     2|
|2     |LUT2 |     4|
|3     |LUT3 |     7|
|4     |LUT4 |     7|
|5     |LUT5 |    95|
|6     |LUT6 |   107|
|7     |FDCE |   207|
|8     |FDRE |     8|
+------+-----+------+

Report Instance Areas: 
+------+---------+-------------------------+------+
|      |Instance |Module                   |Cells |
+------+---------+-------------------------+------+
|1     |top      |                         |   437|
|2     |  U0     |BF_Data_Collector_Draft2 |   437|
+------+---------+-------------------------+------+
---------------------------------------------------------------------------------
Finished Writing Synthesis Report : Time (s): cpu = 00:00:14 ; elapsed = 00:00:15 . Memory (MB): peak = 1451.840 ; gain = 977.234
---------------------------------------------------------------------------------
Synthesis finished with 0 errors, 0 critical warnings and 1 warnings.
Synthesis Optimization Runtime : Time (s): cpu = 00:00:14 ; elapsed = 00:00:16 . Memory (MB): peak = 1451.840 ; gain = 977.234
Synthesis Optimization Complete : Time (s): cpu = 00:00:14 ; elapsed = 00:00:16 . Memory (MB): peak = 1451.840 ; gain = 977.234
INFO: [Project 1-571] Translating synthesized netlist
Netlist sorting complete. Time (s): cpu = 00:00:00 ; elapsed = 00:00:00.004 . Memory (MB): peak = 1466.922 ; gain = 0.000
INFO: [Project 1-570] Preparing netlist for logic optimization
INFO: [Opt 31-138] Pushed 0 inverter(s) to 0 load pin(s).
Netlist sorting complete. Time (s): cpu = 00:00:00 ; elapsed = 00:00:00 . Memory (MB): peak = 1576.746 ; gain = 0.000
INFO: [Project 1-111] Unisim Transformation Summary:
No Unisim elements were transformed.

Synth Design complete | Checksum: f89a222f
INFO: [Common 17-83] Releasing license: Synthesis
22 Infos, 1 Warnings, 0 Critical Warnings and 0 Errors encountered.
synth_design completed successfully
synth_design: Time (s): cpu = 00:00:16 ; elapsed = 00:00:19 . Memory (MB): peak = 1576.746 ; gain = 1102.258
INFO: [Timing 38-35] Done setting XDC timing constraints.
Write ShapeDB Complete: Time (s): cpu = 00:00:00 ; elapsed = 00:00:00.001 . Memory (MB): peak = 1887.191 ; gain = 0.000
INFO: [Common 17-1381] The checkpoint 'C:/GitHub/GLITCH-Software/FPGA/PCB/PCB_All_SRAM/PCB_All_SRAM.runs/PCB_All_SRAM_BF_Data_Collector_Dr_0_0_synth_1/PCB_All_SRAM_BF_Data_Collector_Dr_0_0.dcp' has been generated.
write_checkpoint: Time (s): cpu = 00:00:06 ; elapsed = 00:00:06 . Memory (MB): peak = 1887.254 ; gain = 310.508
INFO: [Vivado 12-24828] Executing command : report_utilization -file PCB_All_SRAM_BF_Data_Collector_Dr_0_0_utilization_synth.rpt -pb PCB_All_SRAM_BF_Data_Collector_Dr_0_0_utilization_synth.pb
INFO: [Common 17-206] Exiting Vivado at Tue Sep 30 12:46:21 2025...
